2017-10-13 00:00:00,476 - Spider www.newsinlevels.com started!
2017-10-13 00:00:02,279 - downloading page success https://www.newsinlevels.com/?s=halloween
2017-10-13 00:00:02,425 - Spider www.newsinlevels.com closed! 1 pages downloaded.
2017-10-13 00:01:59,323 - Starting ElearningApplication on Jacky with PID 5500 (C:\Users\Administrator\Desktop\elearning\target\classes started by Administrator in C:\Users\Administrator\Desktop\elearning)
2017-10-13 00:01:59,328 - No active profile set, falling back to default profiles: default
2017-10-13 00:01:59,555 - Refreshing org.springframework.boot.context.embedded.AnnotationConfigEmbeddedWebApplicationContext@424e1977: startup date [Fri Oct 13 00:01:59 CST 2017]; root of context hierarchy
2017-10-13 00:01:59,650 - HV000001: Hibernate Validator 5.3.5.Final
2017-10-13 00:02:01,494 - Tomcat initialized with port(s): 8080 (http)
2017-10-13 00:02:01,506 - Starting service [Tomcat]
2017-10-13 00:02:01,506 - Starting Servlet Engine: Apache Tomcat/8.5.16
2017-10-13 00:02:01,659 - Initializing Spring embedded WebApplicationContext
2017-10-13 00:02:01,659 - Root WebApplicationContext: initialization completed in 2104 ms
2017-10-13 00:02:01,852 - Mapping servlet: 'dispatcherServlet' to [/]
2017-10-13 00:02:01,857 - Mapping filter: 'characterEncodingFilter' to: [/*]
2017-10-13 00:02:01,858 - Mapping filter: 'hiddenHttpMethodFilter' to: [/*]
2017-10-13 00:02:01,858 - Mapping filter: 'httpPutFormContentFilter' to: [/*]
2017-10-13 00:02:01,858 - Mapping filter: 'requestContextFilter' to: [/*]
2017-10-13 00:02:02,815 - Building JPA container EntityManagerFactory for persistence unit 'default'
2017-10-13 00:02:02,828 - HHH000204: Processing PersistenceUnitInfo [
	name: default
	...]
2017-10-13 00:02:02,893 - HHH000412: Hibernate Core {5.0.12.Final}
2017-10-13 00:02:02,894 - HHH000206: hibernate.properties not found
2017-10-13 00:02:02,895 - HHH000021: Bytecode provider name : javassist
2017-10-13 00:02:02,939 - HCANN000001: Hibernate Commons Annotations {5.0.1.Final}
2017-10-13 00:02:03,059 - HHH000400: Using dialect: org.hibernate.dialect.MySQL5Dialect
2017-10-13 00:02:03,705 - Initialized JPA EntityManagerFactory for persistence unit 'default'
2017-10-13 00:02:04,546 - Looking for @ControllerAdvice: org.springframework.boot.context.embedded.AnnotationConfigEmbeddedWebApplicationContext@424e1977: startup date [Fri Oct 13 00:01:59 CST 2017]; root of context hierarchy
2017-10-13 00:02:04,616 - Mapped "{[/exam/insert],methods=[POST]}" onto public com.ican.elearning.VO.ResultVO<com.ican.elearning.dto.ExamDTO> com.ican.elearning.controller.ExamController.insert(com.ican.elearning.form.ExamForm)
2017-10-13 00:02:04,618 - Mapped "{[/exam/autoGenerateExam],methods=[GET]}" onto public com.ican.elearning.VO.ResultVO<com.ican.elearning.dto.ExamDTO> com.ican.elearning.controller.ExamController.autoGenerateExam(java.lang.String)
2017-10-13 00:02:04,619 - Mapped "{[/paragraph/delete],methods=[GET]}" onto public com.ican.elearning.VO.ResultVO<com.ican.elearning.dataobject.Paragraph> com.ican.elearning.controller.ParagraphController.delete(java.lang.Integer)
2017-10-13 00:02:04,620 - Mapped "{[/paragraph/list],methods=[GET]}" onto public com.ican.elearning.VO.ResultVO<java.util.List<com.ican.elearning.dataobject.Paragraph>> com.ican.elearning.controller.ParagraphController.list(java.lang.String,java.lang.Integer,java.lang.Integer)
2017-10-13 00:02:04,620 - Mapped "{[/paragraph/insert],methods=[POST]}" onto public com.ican.elearning.VO.ResultVO<com.ican.elearning.dataobject.Paragraph> com.ican.elearning.controller.ParagraphController.insert(com.ican.elearning.form.ParagraphForm,org.springframework.validation.BindingResult)
2017-10-13 00:02:04,621 - Mapped "{[/question/insert],methods=[POST]}" onto public com.ican.elearning.VO.ResultVO<com.ican.elearning.dataobject.Question> com.ican.elearning.controller.QuestionController.insert(com.ican.elearning.form.QuestionForm,org.springframework.validation.BindingResult)
2017-10-13 00:02:04,622 - Mapped "{[/question/autoGenerated],methods=[POST]}" onto public com.ican.elearning.VO.ResultVO<com.ican.elearning.dataobject.Question> com.ican.elearning.controller.QuestionController.autoGenerated(com.ican.elearning.form.ParagraphForm,org.springframework.validation.BindingResult)
2017-10-13 00:02:04,622 - Mapped "{[/question/autoGenerate],methods=[GET]}" onto public com.ican.elearning.VO.ResultVO<com.ican.elearning.dataobject.Question> com.ican.elearning.controller.QuestionController.autoGenerated2()
2017-10-13 00:02:04,625 - Mapped "{[/file/delete],methods=[POST]}" onto public com.ican.elearning.VO.ResultVO<com.ican.elearning.dataobject.LessonPlan> com.ican.elearning.controller.UploadController.delete(java.lang.Integer)
2017-10-13 00:02:04,626 - Mapped "{[/file/files/{filename:.+}],methods=[GET]}" onto public org.springframework.http.ResponseEntity<org.springframework.core.io.Resource> com.ican.elearning.controller.UploadController.getFile(java.lang.String)
2017-10-13 00:02:04,626 - Mapped "{[/file/getfiles],methods=[GET]}" onto public com.ican.elearning.VO.ResultVO<com.ican.elearning.dataobject.LessonPlan> com.ican.elearning.controller.UploadController.getListFile(java.lang.String,java.lang.Integer,java.lang.Integer)
2017-10-13 00:02:04,627 - Mapped "{[/file/],methods=[POST]}" onto public com.ican.elearning.VO.ResultVO<com.ican.elearning.dataobject.LessonPlan> com.ican.elearning.controller.UploadController.handleFileUpload(org.springframework.web.multipart.MultipartFile,java.lang.String,java.lang.String,java.lang.String,java.lang.String)
2017-10-13 00:02:04,628 - Mapped "{[/auth/register],methods=[POST]}" onto public com.ican.elearning.VO.ResultVO<com.ican.elearning.dataobject.User> com.ican.elearning.controller.UserController.register(com.ican.elearning.form.UserForm,org.springframework.validation.BindingResult)
2017-10-13 00:02:04,628 - Mapped "{[/auth/login],methods=[POST]}" onto public com.ican.elearning.VO.ResultVO<com.ican.elearning.dataobject.User> com.ican.elearning.controller.UserController.login(java.lang.String,java.lang.String)
2017-10-13 00:02:04,630 - Mapped "{[/word/delete],methods=[GET]}" onto public com.ican.elearning.VO.ResultVO<com.ican.elearning.dataobject.Word> com.ican.elearning.controller.WordController.delete(java.lang.Integer)
2017-10-13 00:02:04,631 - Mapped "{[/word/list],methods=[GET]}" onto public com.ican.elearning.VO.ResultVO<java.util.List<com.ican.elearning.dataobject.Word>> com.ican.elearning.controller.WordController.list(java.lang.String,java.lang.Integer,java.lang.Integer)
2017-10-13 00:02:04,632 - Mapped "{[/word/insert],methods=[POST]}" onto public com.ican.elearning.VO.ResultVO<com.ican.elearning.dataobject.Word> com.ican.elearning.controller.WordController.insert(com.ican.elearning.form.WordForm,org.springframework.validation.BindingResult)
2017-10-13 00:02:04,633 - Mapped "{[/word/pie],methods=[GET]}" onto public com.ican.elearning.VO.ResultVO<java.util.Map<java.lang.String, java.lang.Integer>> com.ican.elearning.controller.WordController.pie()
2017-10-13 00:02:04,635 - Mapped "{[/error]}" onto public org.springframework.http.ResponseEntity<java.util.Map<java.lang.String, java.lang.Object>> org.springframework.boot.autoconfigure.web.BasicErrorController.error(javax.servlet.http.HttpServletRequest)
2017-10-13 00:02:04,636 - Mapped "{[/error],produces=[text/html]}" onto public org.springframework.web.servlet.ModelAndView org.springframework.boot.autoconfigure.web.BasicErrorController.errorHtml(javax.servlet.http.HttpServletRequest,javax.servlet.http.HttpServletResponse)
2017-10-13 00:02:04,669 - Mapped URL path [/webjars/**] onto handler of type [class org.springframework.web.servlet.resource.ResourceHttpRequestHandler]
2017-10-13 00:02:04,669 - Mapped URL path [/**] onto handler of type [class org.springframework.web.servlet.resource.ResourceHttpRequestHandler]
2017-10-13 00:02:04,715 - Mapped URL path [/**/favicon.ico] onto handler of type [class org.springframework.web.servlet.resource.ResourceHttpRequestHandler]
2017-10-13 00:02:04,738 - Adding welcome page: class path resource [static/index.html]
2017-10-13 00:02:05,090 - Registering beans for JMX exposure on startup
2017-10-13 00:02:05,127 - No TaskScheduler/ScheduledExecutorService bean found for scheduled processing
2017-10-13 00:02:05,138 - Initializing ProtocolHandler ["http-nio-8080"]
2017-10-13 00:02:05,148 - Starting ProtocolHandler ["http-nio-8080"]
2017-10-13 00:02:05,159 - Using a shared selector for servlet write/read
2017-10-13 00:02:05,175 - Tomcat started on port(s): 8080 (http)
2017-10-13 00:02:05,180 - Started ElearningApplication in 7.145 seconds (JVM running for 8.627)
2017-10-13 00:02:21,777 - Starting ElearningApplication on Jacky with PID 6788 (C:\Users\Administrator\Desktop\elearning\target\classes started by Administrator in C:\Users\Administrator\Desktop\elearning)
2017-10-13 00:02:21,782 - No active profile set, falling back to default profiles: default
2017-10-13 00:02:21,864 - HV000001: Hibernate Validator 5.3.5.Final
2017-10-13 00:02:21,883 - Refreshing org.springframework.boot.context.embedded.AnnotationConfigEmbeddedWebApplicationContext@424e1977: startup date [Fri Oct 13 00:02:21 CST 2017]; root of context hierarchy
2017-10-13 00:02:23,736 - Tomcat initialized with port(s): 8080 (http)
2017-10-13 00:02:23,747 - Starting service [Tomcat]
2017-10-13 00:02:23,748 - Starting Servlet Engine: Apache Tomcat/8.5.16
2017-10-13 00:02:23,866 - Initializing Spring embedded WebApplicationContext
2017-10-13 00:02:23,867 - Root WebApplicationContext: initialization completed in 1984 ms
2017-10-13 00:02:24,016 - Mapping servlet: 'dispatcherServlet' to [/]
2017-10-13 00:02:24,021 - Mapping filter: 'characterEncodingFilter' to: [/*]
2017-10-13 00:02:24,022 - Mapping filter: 'hiddenHttpMethodFilter' to: [/*]
2017-10-13 00:02:24,022 - Mapping filter: 'httpPutFormContentFilter' to: [/*]
2017-10-13 00:02:24,022 - Mapping filter: 'requestContextFilter' to: [/*]
2017-10-13 00:02:24,545 - Building JPA container EntityManagerFactory for persistence unit 'default'
2017-10-13 00:02:24,557 - HHH000204: Processing PersistenceUnitInfo [
	name: default
	...]
2017-10-13 00:02:24,619 - HHH000412: Hibernate Core {5.0.12.Final}
2017-10-13 00:02:24,620 - HHH000206: hibernate.properties not found
2017-10-13 00:02:24,621 - HHH000021: Bytecode provider name : javassist
2017-10-13 00:02:24,662 - HCANN000001: Hibernate Commons Annotations {5.0.1.Final}
2017-10-13 00:02:24,796 - HHH000400: Using dialect: org.hibernate.dialect.MySQL5Dialect
2017-10-13 00:02:25,338 - Initialized JPA EntityManagerFactory for persistence unit 'default'
2017-10-13 00:02:26,146 - Looking for @ControllerAdvice: org.springframework.boot.context.embedded.AnnotationConfigEmbeddedWebApplicationContext@424e1977: startup date [Fri Oct 13 00:02:21 CST 2017]; root of context hierarchy
2017-10-13 00:02:26,213 - Mapped "{[/exam/insert],methods=[POST]}" onto public com.ican.elearning.VO.ResultVO<com.ican.elearning.dto.ExamDTO> com.ican.elearning.controller.ExamController.insert(com.ican.elearning.form.ExamForm)
2017-10-13 00:02:26,215 - Mapped "{[/exam/autoGenerateExam],methods=[GET]}" onto public com.ican.elearning.VO.ResultVO<com.ican.elearning.dto.ExamDTO> com.ican.elearning.controller.ExamController.autoGenerateExam(java.lang.String)
2017-10-13 00:02:26,217 - Mapped "{[/paragraph/delete],methods=[GET]}" onto public com.ican.elearning.VO.ResultVO<com.ican.elearning.dataobject.Paragraph> com.ican.elearning.controller.ParagraphController.delete(java.lang.Integer)
2017-10-13 00:02:26,217 - Mapped "{[/paragraph/list],methods=[GET]}" onto public com.ican.elearning.VO.ResultVO<java.util.List<com.ican.elearning.dataobject.Paragraph>> com.ican.elearning.controller.ParagraphController.list(java.lang.String,java.lang.Integer,java.lang.Integer)
2017-10-13 00:02:26,218 - Mapped "{[/paragraph/insert],methods=[POST]}" onto public com.ican.elearning.VO.ResultVO<com.ican.elearning.dataobject.Paragraph> com.ican.elearning.controller.ParagraphController.insert(com.ican.elearning.form.ParagraphForm,org.springframework.validation.BindingResult)
2017-10-13 00:02:26,220 - Mapped "{[/question/insert],methods=[POST]}" onto public com.ican.elearning.VO.ResultVO<com.ican.elearning.dataobject.Question> com.ican.elearning.controller.QuestionController.insert(com.ican.elearning.form.QuestionForm,org.springframework.validation.BindingResult)
2017-10-13 00:02:26,221 - Mapped "{[/question/autoGenerated],methods=[POST]}" onto public com.ican.elearning.VO.ResultVO<com.ican.elearning.dataobject.Question> com.ican.elearning.controller.QuestionController.autoGenerated(com.ican.elearning.form.ParagraphForm,org.springframework.validation.BindingResult)
2017-10-13 00:02:26,221 - Mapped "{[/question/autoGenerate],methods=[GET]}" onto public com.ican.elearning.VO.ResultVO<com.ican.elearning.dataobject.Question> com.ican.elearning.controller.QuestionController.autoGenerated2()
2017-10-13 00:02:26,224 - Mapped "{[/file/delete],methods=[POST]}" onto public com.ican.elearning.VO.ResultVO<com.ican.elearning.dataobject.LessonPlan> com.ican.elearning.controller.UploadController.delete(java.lang.Integer)
2017-10-13 00:02:26,224 - Mapped "{[/file/files/{filename:.+}],methods=[GET]}" onto public org.springframework.http.ResponseEntity<org.springframework.core.io.Resource> com.ican.elearning.controller.UploadController.getFile(java.lang.String)
2017-10-13 00:02:26,225 - Mapped "{[/file/getfiles],methods=[GET]}" onto public com.ican.elearning.VO.ResultVO<com.ican.elearning.dataobject.LessonPlan> com.ican.elearning.controller.UploadController.getListFile(java.lang.String,java.lang.Integer,java.lang.Integer)
2017-10-13 00:02:26,226 - Mapped "{[/file/],methods=[POST]}" onto public com.ican.elearning.VO.ResultVO<com.ican.elearning.dataobject.LessonPlan> com.ican.elearning.controller.UploadController.handleFileUpload(org.springframework.web.multipart.MultipartFile,java.lang.String,java.lang.String,java.lang.String,java.lang.String)
2017-10-13 00:02:26,227 - Mapped "{[/auth/register],methods=[POST]}" onto public com.ican.elearning.VO.ResultVO<com.ican.elearning.dataobject.User> com.ican.elearning.controller.UserController.register(com.ican.elearning.form.UserForm,org.springframework.validation.BindingResult)
2017-10-13 00:02:26,228 - Mapped "{[/auth/login],methods=[POST]}" onto public com.ican.elearning.VO.ResultVO<com.ican.elearning.dataobject.User> com.ican.elearning.controller.UserController.login(java.lang.String,java.lang.String)
2017-10-13 00:02:26,230 - Mapped "{[/word/delete],methods=[GET]}" onto public com.ican.elearning.VO.ResultVO<com.ican.elearning.dataobject.Word> com.ican.elearning.controller.WordController.delete(java.lang.Integer)
2017-10-13 00:02:26,231 - Mapped "{[/word/list],methods=[GET]}" onto public com.ican.elearning.VO.ResultVO<java.util.List<com.ican.elearning.dataobject.Word>> com.ican.elearning.controller.WordController.list(java.lang.String,java.lang.Integer,java.lang.Integer)
2017-10-13 00:02:26,233 - Mapped "{[/word/insert],methods=[POST]}" onto public com.ican.elearning.VO.ResultVO<com.ican.elearning.dataobject.Word> com.ican.elearning.controller.WordController.insert(com.ican.elearning.form.WordForm,org.springframework.validation.BindingResult)
2017-10-13 00:02:26,233 - Mapped "{[/word/pie],methods=[GET]}" onto public com.ican.elearning.VO.ResultVO<java.util.Map<java.lang.String, java.lang.Integer>> com.ican.elearning.controller.WordController.pie()
2017-10-13 00:02:26,236 - Mapped "{[/error]}" onto public org.springframework.http.ResponseEntity<java.util.Map<java.lang.String, java.lang.Object>> org.springframework.boot.autoconfigure.web.BasicErrorController.error(javax.servlet.http.HttpServletRequest)
2017-10-13 00:02:26,236 - Mapped "{[/error],produces=[text/html]}" onto public org.springframework.web.servlet.ModelAndView org.springframework.boot.autoconfigure.web.BasicErrorController.errorHtml(javax.servlet.http.HttpServletRequest,javax.servlet.http.HttpServletResponse)
2017-10-13 00:02:26,267 - Mapped URL path [/webjars/**] onto handler of type [class org.springframework.web.servlet.resource.ResourceHttpRequestHandler]
2017-10-13 00:02:26,267 - Mapped URL path [/**] onto handler of type [class org.springframework.web.servlet.resource.ResourceHttpRequestHandler]
2017-10-13 00:02:26,308 - Mapped URL path [/**/favicon.ico] onto handler of type [class org.springframework.web.servlet.resource.ResourceHttpRequestHandler]
2017-10-13 00:02:26,329 - Adding welcome page: class path resource [static/index.html]
2017-10-13 00:02:26,651 - Registering beans for JMX exposure on startup
2017-10-13 00:02:26,668 - No TaskScheduler/ScheduledExecutorService bean found for scheduled processing
2017-10-13 00:02:26,677 - Initializing ProtocolHandler ["http-nio-8080"]
2017-10-13 00:02:26,688 - Starting ProtocolHandler ["http-nio-8080"]
2017-10-13 00:02:26,699 - Using a shared selector for servlet write/read
2017-10-13 00:02:26,716 - Tomcat started on port(s): 8080 (http)
2017-10-13 00:02:26,721 - Started ElearningApplication in 6.062 seconds (JVM running for 7.198)
2017-10-13 00:02:33,645 - Initializing Spring FrameworkServlet 'dispatcherServlet'
2017-10-13 00:02:33,645 - FrameworkServlet 'dispatcherServlet': initialization started
2017-10-13 00:02:33,687 - FrameworkServlet 'dispatcherServlet': initialization completed in 42 ms
2017-10-13 00:02:33,753 - HHH000397: Using ASTQueryTranslatorFactory
2017-10-13 00:02:50,376 - Spider www.newsinlevels.com started!
2017-10-13 00:02:53,311 - downloading page success https://www.newsinlevels.com/?s=halloween
2017-10-13 00:02:54,980 - downloading page success https://www.newsinlevels.com/products/halloween-fireballs-level-3/
2017-10-13 00:02:55,231 - Adding annotator tokenize
2017-10-13 00:02:55,236 - No tokenizer type provided. Defaulting to PTBTokenizer.
2017-10-13 00:02:55,242 - Adding annotator ssplit
2017-10-13 00:02:55,527 - downloading page success https://www.newsinlevels.com/products/jackson-zombies-in-london-level-1/
2017-10-13 00:02:55,541 - Adding annotator tokenize
2017-10-13 00:02:55,541 - Adding annotator ssplit
2017-10-13 00:02:55,551 - downloading page success https://www.newsinlevels.com/products/halloween-fireballs-level-2/
2017-10-13 00:02:55,558 - Adding annotator tokenize
2017-10-13 00:02:55,558 - Adding annotator ssplit
2017-10-13 00:02:55,561 - downloading page success https://www.newsinlevels.com/products/halloween-fireballs-level-1/
2017-10-13 00:02:55,568 - Adding annotator tokenize
2017-10-13 00:02:55,568 - Adding annotator ssplit
2017-10-13 00:02:55,574 - downloading page success https://www.newsinlevels.com/products/jackson-zombies-in-london-level-2/
2017-10-13 00:02:55,579 - Adding annotator tokenize
2017-10-13 00:02:55,579 - Adding annotator ssplit
2017-10-13 00:02:56,982 - downloading page success https://www.newsinlevels.com/products/cat-festival-in-tokyo-level-3/
2017-10-13 00:02:56,995 - Adding annotator tokenize
2017-10-13 00:02:56,996 - Adding annotator ssplit
2017-10-13 00:02:57,210 - downloading page success https://www.newsinlevels.com/products/cat-festival-in-tokyo-level-2/
2017-10-13 00:02:57,216 - Adding annotator tokenize
2017-10-13 00:02:57,217 - Adding annotator ssplit
2017-10-13 00:02:57,233 - downloading page success https://www.newsinlevels.com/products/cat-festival-in-tokyo-level-1/
2017-10-13 00:02:57,238 - Adding annotator tokenize
2017-10-13 00:02:57,238 - Adding annotator ssplit
2017-10-13 00:02:57,252 - downloading page success https://www.newsinlevels.com/products/very-small-pumpkins-level-3/
2017-10-13 00:02:57,257 - Adding annotator tokenize
2017-10-13 00:02:57,257 - Adding annotator ssplit
2017-10-13 00:02:57,279 - downloading page success https://www.newsinlevels.com/products/very-small-pumpkins-level-2/
2017-10-13 00:02:57,284 - Adding annotator tokenize
2017-10-13 00:02:57,284 - Adding annotator ssplit
2017-10-13 00:02:58,346 - Spider www.newsinlevels.com closed! 11 pages downloaded.
2017-10-13 00:03:09,316 - Adding annotator tokenize
2017-10-13 00:03:09,317 - Adding annotator ssplit
2017-10-13 00:03:09,317 - Adding annotator pos
2017-10-13 00:03:11,070 - Loading POS tagger from edu/stanford/nlp/models/pos-tagger/english-left3words/english-left3words-distsim.tagger ... done [1.7 sec].
2017-10-13 00:03:11,071 - Adding annotator lemma
2017-10-13 00:03:11,194 - Adding annotator tokenize
2017-10-13 00:03:11,194 - Adding annotator ssplit
2017-10-13 00:03:11,194 - Adding annotator pos
2017-10-13 00:03:11,194 - Adding annotator lemma
2017-10-13 00:03:11,202 - Adding annotator tokenize
2017-10-13 00:03:11,202 - Adding annotator ssplit
2017-10-13 00:03:11,202 - Adding annotator pos
2017-10-13 00:03:11,202 - Adding annotator lemma
2017-10-13 00:03:11,206 - Adding annotator tokenize
2017-10-13 00:03:11,207 - Adding annotator ssplit
2017-10-13 00:03:11,207 - Adding annotator pos
2017-10-13 00:03:11,207 - Adding annotator lemma
2017-10-13 00:03:11,211 - Adding annotator tokenize
2017-10-13 00:03:11,211 - Adding annotator ssplit
2017-10-13 00:03:11,211 - Adding annotator pos
2017-10-13 00:03:11,211 - Adding annotator lemma
2017-10-13 00:03:11,216 - Adding annotator tokenize
2017-10-13 00:03:11,216 - Adding annotator ssplit
2017-10-13 00:03:11,216 - Adding annotator pos
2017-10-13 00:03:11,217 - Adding annotator lemma
2017-10-13 00:03:11,228 - Adding annotator tokenize
2017-10-13 00:03:11,228 - Adding annotator ssplit
2017-10-13 00:03:11,228 - Adding annotator pos
2017-10-13 00:03:11,229 - Adding annotator lemma
2017-10-13 00:03:11,237 - Adding annotator tokenize
2017-10-13 00:03:11,237 - Adding annotator ssplit
2017-10-13 00:03:11,237 - Adding annotator pos
2017-10-13 00:03:11,237 - Adding annotator lemma
2017-10-13 00:03:11,242 - Adding annotator tokenize
2017-10-13 00:03:11,242 - Adding annotator ssplit
2017-10-13 00:03:11,242 - Adding annotator pos
2017-10-13 00:03:11,242 - Adding annotator lemma
2017-10-13 00:03:11,250 - Adding annotator tokenize
2017-10-13 00:03:11,250 - Adding annotator ssplit
2017-10-13 00:03:11,250 - Adding annotator pos
2017-10-13 00:03:11,250 - Adding annotator lemma
2017-10-13 00:03:11,256 - Adding annotator tokenize
2017-10-13 00:03:11,256 - Adding annotator ssplit
2017-10-13 00:03:11,256 - Adding annotator pos
2017-10-13 00:03:11,256 - Adding annotator lemma
2017-10-13 00:03:11,261 - Adding annotator tokenize
2017-10-13 00:03:11,261 - Adding annotator ssplit
2017-10-13 00:03:11,261 - Adding annotator pos
2017-10-13 00:03:11,261 - Adding annotator lemma
2017-10-13 00:03:11,266 - Adding annotator tokenize
2017-10-13 00:03:11,267 - Adding annotator ssplit
2017-10-13 00:03:11,267 - Adding annotator pos
2017-10-13 00:03:11,267 - Adding annotator lemma
2017-10-13 00:06:33,043 - Adding annotator tokenize
2017-10-13 00:06:33,043 - Adding annotator ssplit
2017-10-13 00:06:33,043 - Adding annotator pos
2017-10-13 00:06:33,043 - Adding annotator lemma
2017-10-13 00:06:33,063 - Adding annotator tokenize
2017-10-13 00:06:33,063 - Adding annotator ssplit
2017-10-13 00:06:33,063 - Adding annotator pos
2017-10-13 00:06:33,063 - Adding annotator lemma
2017-10-13 00:06:33,070 - Adding annotator tokenize
2017-10-13 00:06:33,070 - Adding annotator ssplit
2017-10-13 00:06:33,071 - Adding annotator pos
2017-10-13 00:06:33,071 - Adding annotator lemma
2017-10-13 00:06:33,077 - Adding annotator tokenize
2017-10-13 00:06:33,077 - Adding annotator ssplit
2017-10-13 00:06:33,077 - Adding annotator pos
2017-10-13 00:06:33,077 - Adding annotator lemma
2017-10-13 00:06:33,085 - Adding annotator tokenize
2017-10-13 00:06:33,085 - Adding annotator ssplit
2017-10-13 00:06:33,085 - Adding annotator pos
2017-10-13 00:06:33,085 - Adding annotator lemma
2017-10-13 00:06:33,093 - Adding annotator tokenize
2017-10-13 00:06:33,093 - Adding annotator ssplit
2017-10-13 00:06:33,093 - Adding annotator pos
2017-10-13 00:06:33,093 - Adding annotator lemma
2017-10-13 00:06:33,109 - Adding annotator tokenize
2017-10-13 00:06:33,110 - Adding annotator ssplit
2017-10-13 00:06:33,110 - Adding annotator pos
2017-10-13 00:06:33,110 - Adding annotator lemma
2017-10-13 00:06:33,118 - Adding annotator tokenize
2017-10-13 00:06:33,119 - Adding annotator ssplit
2017-10-13 00:06:33,119 - Adding annotator pos
2017-10-13 00:06:33,119 - Adding annotator lemma
2017-10-13 00:06:33,124 - Adding annotator tokenize
2017-10-13 00:06:33,124 - Adding annotator ssplit
2017-10-13 00:06:33,124 - Adding annotator pos
2017-10-13 00:06:33,124 - Adding annotator lemma
2017-10-13 00:06:33,132 - Adding annotator tokenize
2017-10-13 00:06:33,133 - Adding annotator ssplit
2017-10-13 00:06:33,133 - Adding annotator pos
2017-10-13 00:06:33,133 - Adding annotator lemma
2017-10-13 00:06:33,139 - Adding annotator tokenize
2017-10-13 00:06:33,139 - Adding annotator ssplit
2017-10-13 00:06:33,140 - Adding annotator pos
2017-10-13 00:06:33,140 - Adding annotator lemma
2017-10-13 00:06:33,144 - Adding annotator tokenize
2017-10-13 00:06:33,144 - Adding annotator ssplit
2017-10-13 00:06:33,144 - Adding annotator pos
2017-10-13 00:06:33,144 - Adding annotator lemma
2017-10-13 00:06:33,153 - Adding annotator tokenize
2017-10-13 00:06:33,154 - Adding annotator ssplit
2017-10-13 00:06:33,154 - Adding annotator pos
2017-10-13 00:06:33,154 - Adding annotator lemma
2017-10-13 00:06:38,100 - Adding annotator tokenize
2017-10-13 00:06:38,101 - Adding annotator ssplit
2017-10-13 00:06:38,101 - Adding annotator pos
2017-10-13 00:06:38,101 - Adding annotator lemma
2017-10-13 00:06:38,115 - Adding annotator tokenize
2017-10-13 00:06:38,115 - Adding annotator ssplit
2017-10-13 00:06:38,115 - Adding annotator pos
2017-10-13 00:06:38,115 - Adding annotator lemma
2017-10-13 00:06:38,119 - Adding annotator tokenize
2017-10-13 00:06:38,119 - Adding annotator ssplit
2017-10-13 00:06:38,119 - Adding annotator pos
2017-10-13 00:06:38,119 - Adding annotator lemma
2017-10-13 00:06:38,124 - Adding annotator tokenize
2017-10-13 00:06:38,125 - Adding annotator ssplit
2017-10-13 00:06:38,125 - Adding annotator pos
2017-10-13 00:06:38,125 - Adding annotator lemma
2017-10-13 00:06:38,129 - Adding annotator tokenize
2017-10-13 00:06:38,129 - Adding annotator ssplit
2017-10-13 00:06:38,129 - Adding annotator pos
2017-10-13 00:06:38,129 - Adding annotator lemma
2017-10-13 00:06:38,133 - Adding annotator tokenize
2017-10-13 00:06:38,133 - Adding annotator ssplit
2017-10-13 00:06:38,133 - Adding annotator pos
2017-10-13 00:06:38,133 - Adding annotator lemma
2017-10-13 00:06:38,146 - Adding annotator tokenize
2017-10-13 00:06:38,147 - Adding annotator ssplit
2017-10-13 00:06:38,147 - Adding annotator pos
2017-10-13 00:06:38,147 - Adding annotator lemma
2017-10-13 00:06:38,155 - Adding annotator tokenize
2017-10-13 00:06:38,155 - Adding annotator ssplit
2017-10-13 00:06:38,155 - Adding annotator pos
2017-10-13 00:06:38,155 - Adding annotator lemma
2017-10-13 00:06:38,160 - Adding annotator tokenize
2017-10-13 00:06:38,161 - Adding annotator ssplit
2017-10-13 00:06:38,161 - Adding annotator pos
2017-10-13 00:06:38,161 - Adding annotator lemma
2017-10-13 00:06:38,171 - Adding annotator tokenize
2017-10-13 00:06:38,172 - Adding annotator ssplit
2017-10-13 00:06:38,172 - Adding annotator pos
2017-10-13 00:06:38,172 - Adding annotator lemma
2017-10-13 00:06:38,180 - Adding annotator tokenize
2017-10-13 00:06:38,180 - Adding annotator ssplit
2017-10-13 00:06:38,180 - Adding annotator pos
2017-10-13 00:06:38,180 - Adding annotator lemma
2017-10-13 00:06:38,195 - Adding annotator tokenize
2017-10-13 00:06:38,195 - Adding annotator ssplit
2017-10-13 00:06:38,195 - Adding annotator pos
2017-10-13 00:06:38,195 - Adding annotator lemma
2017-10-13 00:06:38,210 - Adding annotator tokenize
2017-10-13 00:06:38,210 - Adding annotator ssplit
2017-10-13 00:06:38,210 - Adding annotator pos
2017-10-13 00:06:38,211 - Adding annotator lemma
