2017-12-12 23:57:30,346 - Starting ElearningApplication on guojiede-MBP.lan with PID 1026 (/Users/guojie/GitHub/elearning/target/classes started by guojie in /Users/guojie/GitHub/elearning)
2017-12-12 23:57:30,357 - No active profile set, falling back to default profiles: default
2017-12-12 23:57:30,621 - Refreshing org.springframework.boot.context.embedded.AnnotationConfigEmbeddedWebApplicationContext@57250572: startup date [Tue Dec 12 23:57:30 CST 2017]; root of context hierarchy
2017-12-12 23:57:31,119 - HV000001: Hibernate Validator 5.3.5.Final
2017-12-12 23:57:38,547 - Tomcat initialized with port(s): 8080 (http)
2017-12-12 23:57:38,579 - Starting service [Tomcat]
2017-12-12 23:57:38,580 - Starting Servlet Engine: Apache Tomcat/8.5.16
2017-12-12 23:57:38,838 - Initializing Spring embedded WebApplicationContext
2017-12-12 23:57:38,838 - Root WebApplicationContext: initialization completed in 8217 ms
2017-12-12 23:57:39,505 - Mapping servlet: 'dispatcherServlet' to [/]
2017-12-12 23:57:39,521 - Mapping filter: 'characterEncodingFilter' to: [/*]
2017-12-12 23:57:39,522 - Mapping filter: 'hiddenHttpMethodFilter' to: [/*]
2017-12-12 23:57:39,523 - Mapping filter: 'httpPutFormContentFilter' to: [/*]
2017-12-12 23:57:39,523 - Mapping filter: 'requestContextFilter' to: [/*]
2017-12-12 23:57:41,873 - Building JPA container EntityManagerFactory for persistence unit 'default'
2017-12-12 23:57:41,908 - HHH000204: Processing PersistenceUnitInfo [
	name: default
	...]
2017-12-12 23:57:42,408 - HHH000412: Hibernate Core {5.0.12.Final}
2017-12-12 23:57:42,411 - HHH000206: hibernate.properties not found
2017-12-12 23:57:42,414 - HHH000021: Bytecode provider name : javassist
2017-12-12 23:57:42,546 - HCANN000001: Hibernate Commons Annotations {5.0.1.Final}
2017-12-12 23:57:42,873 - HHH000400: Using dialect: org.hibernate.dialect.MySQL5Dialect
2017-12-12 23:57:44,518 - Initialized JPA EntityManagerFactory for persistence unit 'default'
2017-12-12 23:57:46,825 - Looking for @ControllerAdvice: org.springframework.boot.context.embedded.AnnotationConfigEmbeddedWebApplicationContext@57250572: startup date [Tue Dec 12 23:57:30 CST 2017]; root of context hierarchy
2017-12-12 23:57:46,933 - Mapped "{[/exam/insert],methods=[POST]}" onto public com.ican.elearning.VO.ResultVO<com.ican.elearning.dto.ExamDTO> com.ican.elearning.controller.ExamController.insert(com.ican.elearning.form.ExamForm)
2017-12-12 23:57:46,936 - Mapped "{[/exam/autoGenerateExam],methods=[GET]}" onto public com.ican.elearning.VO.ResultVO<com.ican.elearning.dto.ExamDTO> com.ican.elearning.controller.ExamController.autoGenerateExam(java.lang.String,java.lang.Integer)
2017-12-12 23:57:46,940 - Mapped "{[/paragraph/delete],methods=[DELETE]}" onto public com.ican.elearning.VO.ResultVO<com.ican.elearning.dataobject.Paragraph> com.ican.elearning.controller.ParagraphController.delete(java.lang.Integer)
2017-12-12 23:57:46,941 - Mapped "{[/paragraph/list],methods=[GET]}" onto public com.ican.elearning.VO.ResultVO<java.util.List<com.ican.elearning.dataobject.Paragraph>> com.ican.elearning.controller.ParagraphController.list(java.lang.String,java.lang.Integer,java.lang.Integer)
2017-12-12 23:57:46,941 - Mapped "{[/paragraph/insert],methods=[POST]}" onto public com.ican.elearning.VO.ResultVO<com.ican.elearning.dataobject.Paragraph> com.ican.elearning.controller.ParagraphController.insert(com.ican.elearning.form.ParagraphForm,org.springframework.validation.BindingResult)
2017-12-12 23:57:46,945 - Mapped "{[/question/list],methods=[GET]}" onto public com.ican.elearning.VO.ResultVO<java.util.List<com.ican.elearning.dataobject.Question>> com.ican.elearning.controller.QuestionController.list(java.lang.String,java.lang.Integer,java.lang.Integer)
2017-12-12 23:57:46,946 - Mapped "{[/question/insert],methods=[POST]}" onto public com.ican.elearning.VO.ResultVO<com.ican.elearning.dataobject.Question> com.ican.elearning.controller.QuestionController.insert(com.ican.elearning.form.QuestionForm,org.springframework.validation.BindingResult)
2017-12-12 23:57:46,947 - Mapped "{[/question/autoGenerated],methods=[POST]}" onto public com.ican.elearning.VO.ResultVO<com.ican.elearning.dataobject.Question> com.ican.elearning.controller.QuestionController.autoGenerated(com.ican.elearning.form.ParagraphForm,org.springframework.validation.BindingResult)
2017-12-12 23:57:46,948 - Mapped "{[/question/findOne],methods=[GET]}" onto public com.ican.elearning.VO.ResultVO<com.ican.elearning.dto.QuestionDTO> com.ican.elearning.controller.QuestionController.findOne(java.lang.Integer)
2017-12-12 23:57:46,950 - Mapped "{[/file/delete],methods=[POST]}" onto public com.ican.elearning.VO.ResultVO<com.ican.elearning.dataobject.LessonPlan> com.ican.elearning.controller.UploadController.delete(java.lang.Integer)
2017-12-12 23:57:46,951 - Mapped "{[/file/files/{filename:.+}],methods=[GET]}" onto public org.springframework.http.ResponseEntity<org.springframework.core.io.Resource> com.ican.elearning.controller.UploadController.getFile(java.lang.String)
2017-12-12 23:57:46,953 - Mapped "{[/file/],methods=[POST]}" onto public com.ican.elearning.VO.ResultVO<com.ican.elearning.dataobject.LessonPlan> com.ican.elearning.controller.UploadController.handleFileUpload(org.springframework.web.multipart.MultipartFile,java.lang.String,java.lang.String,java.lang.String,java.lang.String)
2017-12-12 23:57:46,954 - Mapped "{[/file/getfiles],methods=[GET]}" onto public com.ican.elearning.VO.ResultVO<com.ican.elearning.dataobject.LessonPlan> com.ican.elearning.controller.UploadController.getListFile(java.lang.String,java.lang.Integer,java.lang.Integer)
2017-12-12 23:57:46,956 - Mapped "{[/auth/register],methods=[POST]}" onto public com.ican.elearning.VO.ResultVO<com.ican.elearning.dataobject.User> com.ican.elearning.controller.UserController.register(com.ican.elearning.form.UserForm,org.springframework.validation.BindingResult)
2017-12-12 23:57:46,956 - Mapped "{[/auth/login],methods=[POST]}" onto public com.ican.elearning.VO.ResultVO<com.ican.elearning.dataobject.User> com.ican.elearning.controller.UserController.login(java.lang.String,java.lang.String)
2017-12-12 23:57:46,959 - Mapped "{[/word/delete],methods=[DELETE]}" onto public com.ican.elearning.VO.ResultVO<com.ican.elearning.dataobject.Word> com.ican.elearning.controller.WordController.delete(java.lang.Integer)
2017-12-12 23:57:46,964 - Mapped "{[/word/list],methods=[GET]}" onto public com.ican.elearning.VO.ResultVO<java.util.List<com.ican.elearning.dataobject.Word>> com.ican.elearning.controller.WordController.list(java.lang.String,java.lang.Integer,java.lang.Integer)
2017-12-12 23:57:46,965 - Mapped "{[/word/insert],methods=[POST]}" onto public com.ican.elearning.VO.ResultVO<com.ican.elearning.dataobject.Word> com.ican.elearning.controller.WordController.insert(com.ican.elearning.form.WordForm,org.springframework.validation.BindingResult)
2017-12-12 23:57:46,966 - Mapped "{[/word/pie],methods=[GET]}" onto public com.ican.elearning.VO.ResultVO<java.util.Map<java.lang.String, java.lang.Integer>> com.ican.elearning.controller.WordController.pie()
2017-12-12 23:57:46,969 - Mapped "{[/error]}" onto public org.springframework.http.ResponseEntity<java.util.Map<java.lang.String, java.lang.Object>> org.springframework.boot.autoconfigure.web.BasicErrorController.error(javax.servlet.http.HttpServletRequest)
2017-12-12 23:57:46,970 - Mapped "{[/error],produces=[text/html]}" onto public org.springframework.web.servlet.ModelAndView org.springframework.boot.autoconfigure.web.BasicErrorController.errorHtml(javax.servlet.http.HttpServletRequest,javax.servlet.http.HttpServletResponse)
2017-12-12 23:57:47,014 - Mapped URL path [/webjars/**] onto handler of type [class org.springframework.web.servlet.resource.ResourceHttpRequestHandler]
2017-12-12 23:57:47,014 - Mapped URL path [/**] onto handler of type [class org.springframework.web.servlet.resource.ResourceHttpRequestHandler]
2017-12-12 23:57:47,252 - Mapped URL path [/**/favicon.ico] onto handler of type [class org.springframework.web.servlet.resource.ResourceHttpRequestHandler]
2017-12-12 23:57:47,299 - Adding welcome page: class path resource [static/index.html]
2017-12-12 23:57:47,866 - Registering beans for JMX exposure on startup
2017-12-12 23:57:47,896 - No TaskScheduler/ScheduledExecutorService bean found for scheduled processing
2017-12-12 23:57:47,918 - Initializing ProtocolHandler ["http-nio-8080"]
2017-12-12 23:57:47,934 - Starting ProtocolHandler ["http-nio-8080"]
2017-12-12 23:57:47,969 - Using a shared selector for servlet write/read
2017-12-12 23:57:47,998 - Tomcat started on port(s): 8080 (http)
2017-12-12 23:57:48,010 - Started ElearningApplication in 20.156 seconds (JVM running for 23.528)
2017-12-12 23:57:49,307 - Initializing Spring FrameworkServlet 'dispatcherServlet'
2017-12-12 23:57:49,307 - FrameworkServlet 'dispatcherServlet': initialization started
2017-12-12 23:57:49,341 - FrameworkServlet 'dispatcherServlet': initialization completed in 33 ms
2017-12-12 23:57:49,422 - HHH000397: Using ASTQueryTranslatorFactory
