2017-12-21 19:40:36,975 - Starting ElearningApplication on guojiede-MBP with PID 1616 (/Users/guojie/GitHub/elearning/target/classes started by guojie in /Users/guojie/GitHub/elearning)
2017-12-21 19:40:36,980 - No active profile set, falling back to default profiles: default
2017-12-21 19:40:37,269 - Refreshing org.springframework.boot.context.embedded.AnnotationConfigEmbeddedWebApplicationContext@57250572: startup date [Thu Dec 21 19:40:37 CST 2017]; root of context hierarchy
2017-12-21 19:40:37,554 - HV000001: Hibernate Validator 5.3.5.Final
2017-12-21 19:40:46,392 - Tomcat initialized with port(s): 8080 (http)
2017-12-21 19:40:46,502 - Starting service [Tomcat]
2017-12-21 19:40:46,505 - Starting Servlet Engine: Apache Tomcat/8.5.16
2017-12-21 19:40:46,747 - Initializing Spring embedded WebApplicationContext
2017-12-21 19:40:46,749 - Root WebApplicationContext: initialization completed in 9480 ms
2017-12-21 19:40:47,449 - Mapping servlet: 'dispatcherServlet' to [/]
2017-12-21 19:40:47,462 - Mapping filter: 'characterEncodingFilter' to: [/*]
2017-12-21 19:40:47,464 - Mapping filter: 'hiddenHttpMethodFilter' to: [/*]
2017-12-21 19:40:47,464 - Mapping filter: 'httpPutFormContentFilter' to: [/*]
2017-12-21 19:40:47,464 - Mapping filter: 'requestContextFilter' to: [/*]
2017-12-21 19:40:50,404 - Building JPA container EntityManagerFactory for persistence unit 'default'
2017-12-21 19:40:50,444 - HHH000204: Processing PersistenceUnitInfo [
	name: default
	...]
2017-12-21 19:40:50,754 - HHH000412: Hibernate Core {5.0.12.Final}
2017-12-21 19:40:50,759 - HHH000206: hibernate.properties not found
2017-12-21 19:40:50,761 - HHH000021: Bytecode provider name : javassist
2017-12-21 19:40:50,857 - HCANN000001: Hibernate Commons Annotations {5.0.1.Final}
2017-12-21 19:40:51,230 - HHH000400: Using dialect: org.hibernate.dialect.MySQL5Dialect
2017-12-21 19:40:52,480 - Initialized JPA EntityManagerFactory for persistence unit 'default'
2017-12-21 19:40:54,741 - Looking for @ControllerAdvice: org.springframework.boot.context.embedded.AnnotationConfigEmbeddedWebApplicationContext@57250572: startup date [Thu Dec 21 19:40:37 CST 2017]; root of context hierarchy
2017-12-21 19:40:54,939 - Mapped "{[/exam/insert],methods=[POST]}" onto public com.ican.elearning.VO.ResultVO<com.ican.elearning.dto.ExamDTO> com.ican.elearning.controller.ExamController.insert(com.ican.elearning.form.ExamForm)
2017-12-21 19:40:54,943 - Mapped "{[/exam/autoGenerateExam],methods=[GET]}" onto public com.ican.elearning.VO.ResultVO<com.ican.elearning.dto.ExamDTO> com.ican.elearning.controller.ExamController.autoGenerateExam(java.lang.String,java.lang.Integer)
2017-12-21 19:40:54,994 - Mapped "{[/paragraph/delete],methods=[DELETE]}" onto public com.ican.elearning.VO.ResultVO<com.ican.elearning.dataobject.Paragraph> com.ican.elearning.controller.ParagraphController.delete(java.lang.Integer)
2017-12-21 19:40:55,007 - Mapped "{[/paragraph/list],methods=[GET]}" onto public com.ican.elearning.VO.ResultVO<java.util.List<com.ican.elearning.dataobject.Paragraph>> com.ican.elearning.controller.ParagraphController.list(java.lang.String,java.lang.Integer,java.lang.Integer)
2017-12-21 19:40:55,008 - Mapped "{[/paragraph/insert],methods=[POST]}" onto public com.ican.elearning.VO.ResultVO<com.ican.elearning.dataobject.Paragraph> com.ican.elearning.controller.ParagraphController.insert(com.ican.elearning.form.ParagraphForm,org.springframework.validation.BindingResult)
2017-12-21 19:40:55,013 - Mapped "{[/question/list],methods=[GET]}" onto public com.ican.elearning.VO.ResultVO<java.util.List<com.ican.elearning.dataobject.Question>> com.ican.elearning.controller.QuestionController.list(java.lang.String,java.lang.Integer,java.lang.Integer)
2017-12-21 19:40:55,014 - Mapped "{[/question/insert],methods=[POST]}" onto public com.ican.elearning.VO.ResultVO<com.ican.elearning.dataobject.Question> com.ican.elearning.controller.QuestionController.insert(com.ican.elearning.form.QuestionForm,org.springframework.validation.BindingResult)
2017-12-21 19:40:55,015 - Mapped "{[/question/findOne],methods=[GET]}" onto public com.ican.elearning.VO.ResultVO<com.ican.elearning.dto.QuestionDTO> com.ican.elearning.controller.QuestionController.findOne(java.lang.Integer)
2017-12-21 19:40:55,018 - Mapped "{[/question/autoGenerated],methods=[POST]}" onto public com.ican.elearning.VO.ResultVO<com.ican.elearning.dataobject.Question> com.ican.elearning.controller.QuestionController.autoGenerated(com.ican.elearning.form.ParagraphForm,org.springframework.validation.BindingResult)
2017-12-21 19:40:55,026 - Mapped "{[/file/delete],methods=[POST]}" onto public com.ican.elearning.VO.ResultVO<com.ican.elearning.dataobject.LessonPlan> com.ican.elearning.controller.UploadController.delete(java.lang.Integer)
2017-12-21 19:40:55,028 - Mapped "{[/file/files/{filename:.+}],methods=[GET]}" onto public org.springframework.http.ResponseEntity<org.springframework.core.io.Resource> com.ican.elearning.controller.UploadController.getFile(java.lang.String)
2017-12-21 19:40:55,035 - Mapped "{[/file/],methods=[POST]}" onto public com.ican.elearning.VO.ResultVO<com.ican.elearning.dataobject.LessonPlan> com.ican.elearning.controller.UploadController.handleFileUpload(org.springframework.web.multipart.MultipartFile,java.lang.String,java.lang.String,java.lang.String,java.lang.String)
2017-12-21 19:40:55,037 - Mapped "{[/file/getfiles],methods=[GET]}" onto public com.ican.elearning.VO.ResultVO<com.ican.elearning.dataobject.LessonPlan> com.ican.elearning.controller.UploadController.getListFile(java.lang.String,java.lang.Integer,java.lang.Integer)
2017-12-21 19:40:55,040 - Mapped "{[/auth/register],methods=[POST]}" onto public com.ican.elearning.VO.ResultVO<com.ican.elearning.dataobject.User> com.ican.elearning.controller.UserController.register(com.ican.elearning.form.UserForm,org.springframework.validation.BindingResult)
2017-12-21 19:40:55,041 - Mapped "{[/auth/login],methods=[POST]}" onto public com.ican.elearning.VO.ResultVO<com.ican.elearning.dataobject.User> com.ican.elearning.controller.UserController.login(java.lang.String,java.lang.String)
2017-12-21 19:40:55,051 - Mapped "{[/word/delete],methods=[DELETE]}" onto public com.ican.elearning.VO.ResultVO<com.ican.elearning.dataobject.Word> com.ican.elearning.controller.WordController.delete(java.lang.Integer)
2017-12-21 19:40:55,058 - Mapped "{[/word/list],methods=[GET]}" onto public com.ican.elearning.VO.ResultVO<java.util.List<com.ican.elearning.dataobject.Word>> com.ican.elearning.controller.WordController.list(java.lang.String,java.lang.Integer,java.lang.Integer)
2017-12-21 19:40:55,059 - Mapped "{[/word/insert],methods=[POST]}" onto public com.ican.elearning.VO.ResultVO<com.ican.elearning.dataobject.Word> com.ican.elearning.controller.WordController.insert(com.ican.elearning.form.WordForm,org.springframework.validation.BindingResult)
2017-12-21 19:40:55,060 - Mapped "{[/word/pie],methods=[GET]}" onto public com.ican.elearning.VO.ResultVO<java.util.Map<java.lang.String, java.lang.Integer>> com.ican.elearning.controller.WordController.pie()
2017-12-21 19:40:55,065 - Mapped "{[/error]}" onto public org.springframework.http.ResponseEntity<java.util.Map<java.lang.String, java.lang.Object>> org.springframework.boot.autoconfigure.web.BasicErrorController.error(javax.servlet.http.HttpServletRequest)
2017-12-21 19:40:55,066 - Mapped "{[/error],produces=[text/html]}" onto public org.springframework.web.servlet.ModelAndView org.springframework.boot.autoconfigure.web.BasicErrorController.errorHtml(javax.servlet.http.HttpServletRequest,javax.servlet.http.HttpServletResponse)
2017-12-21 19:40:55,164 - Mapped URL path [/webjars/**] onto handler of type [class org.springframework.web.servlet.resource.ResourceHttpRequestHandler]
2017-12-21 19:40:55,164 - Mapped URL path [/**] onto handler of type [class org.springframework.web.servlet.resource.ResourceHttpRequestHandler]
2017-12-21 19:40:55,423 - Mapped URL path [/**/favicon.ico] onto handler of type [class org.springframework.web.servlet.resource.ResourceHttpRequestHandler]
2017-12-21 19:40:55,491 - Adding welcome page: class path resource [static/index.html]
2017-12-21 19:40:56,215 - Registering beans for JMX exposure on startup
2017-12-21 19:40:56,249 - No TaskScheduler/ScheduledExecutorService bean found for scheduled processing
2017-12-21 19:40:56,268 - Initializing ProtocolHandler ["http-nio-8080"]
2017-12-21 19:40:56,289 - Starting ProtocolHandler ["http-nio-8080"]
2017-12-21 19:40:56,415 - Using a shared selector for servlet write/read
2017-12-21 19:40:56,599 - Tomcat started on port(s): 8080 (http)
2017-12-21 19:40:56,616 - Started ElearningApplication in 21.406 seconds (JVM running for 25.918)
2017-12-21 19:41:34,250 - Initializing Spring FrameworkServlet 'dispatcherServlet'
2017-12-21 19:41:34,257 - FrameworkServlet 'dispatcherServlet': initialization started
2017-12-21 19:41:34,295 - FrameworkServlet 'dispatcherServlet': initialization completed in 38 ms
2017-12-21 19:41:34,386 - HHH000397: Using ASTQueryTranslatorFactory
2017-12-21 19:47:24,340 - Closing org.springframework.boot.context.embedded.AnnotationConfigEmbeddedWebApplicationContext@57250572: startup date [Thu Dec 21 19:40:37 CST 2017]; root of context hierarchy
2017-12-21 19:47:24,390 - Unregistering JMX-exposed beans on shutdown
2017-12-21 19:47:24,402 - Closing JPA EntityManagerFactory for persistence unit 'default'
