2017-10-04 14:43:05,630 - Starting ElearningApplication on Jacky with PID 5072 (C:\Users\Administrator\Desktop\elearning\target\classes started by Administrator in C:\Users\Administrator\Desktop\elearning)
2017-10-04 14:43:05,673 - No active profile set, falling back to default profiles: default
2017-10-04 14:43:06,246 - Refreshing org.springframework.boot.context.embedded.AnnotationConfigEmbeddedWebApplicationContext@291b4bf5: startup date [Wed Oct 04 14:43:06 CST 2017]; root of context hierarchy
2017-10-04 14:43:06,517 - HV000001: Hibernate Validator 5.3.5.Final
2017-10-04 14:43:11,053 - Tomcat initialized with port(s): 8080 (http)
2017-10-04 14:43:11,105 - Starting service [Tomcat]
2017-10-04 14:43:11,106 - Starting Servlet Engine: Apache Tomcat/8.5.16
2017-10-04 14:43:11,398 - Initializing Spring embedded WebApplicationContext
2017-10-04 14:43:11,398 - Root WebApplicationContext: initialization completed in 5152 ms
2017-10-04 14:43:11,612 - Mapping servlet: 'dispatcherServlet' to [/]
2017-10-04 14:43:11,617 - Mapping filter: 'characterEncodingFilter' to: [/*]
2017-10-04 14:43:11,618 - Mapping filter: 'hiddenHttpMethodFilter' to: [/*]
2017-10-04 14:43:11,618 - Mapping filter: 'httpPutFormContentFilter' to: [/*]
2017-10-04 14:43:11,618 - Mapping filter: 'requestContextFilter' to: [/*]
2017-10-04 14:43:12,974 - Building JPA container EntityManagerFactory for persistence unit 'default'
2017-10-04 14:43:12,999 - HHH000204: Processing PersistenceUnitInfo [
	name: default
	...]
2017-10-04 14:43:13,266 - HHH000412: Hibernate Core {5.0.12.Final}
2017-10-04 14:43:13,269 - HHH000206: hibernate.properties not found
2017-10-04 14:43:13,271 - HHH000021: Bytecode provider name : javassist
2017-10-04 14:43:13,420 - HCANN000001: Hibernate Commons Annotations {5.0.1.Final}
2017-10-04 14:43:13,919 - HHH000400: Using dialect: org.hibernate.dialect.MySQL5Dialect
2017-10-04 14:43:15,348 - Initialized JPA EntityManagerFactory for persistence unit 'default'
2017-10-04 14:43:16,766 - Looking for @ControllerAdvice: org.springframework.boot.context.embedded.AnnotationConfigEmbeddedWebApplicationContext@291b4bf5: startup date [Wed Oct 04 14:43:06 CST 2017]; root of context hierarchy
2017-10-04 14:43:16,879 - Mapped "{[/exam/autoGenerateExam],methods=[GET]}" onto public com.ican.elearning.VO.ResultVO<com.ican.elearning.dto.ExamDTO> com.ican.elearning.controller.ExamController.autoGenerateExam(java.lang.String)
2017-10-04 14:43:16,886 - Mapped "{[/paragraph/delete],methods=[GET]}" onto public com.ican.elearning.VO.ResultVO<com.ican.elearning.dataobject.Paragraph> com.ican.elearning.controller.ParagraphController.delete(java.lang.Integer)
2017-10-04 14:43:16,887 - Mapped "{[/paragraph/list],methods=[GET]}" onto public com.ican.elearning.VO.ResultVO<java.util.List<com.ican.elearning.dataobject.Paragraph>> com.ican.elearning.controller.ParagraphController.list(java.lang.String,java.lang.Integer,java.lang.Integer)
2017-10-04 14:43:16,888 - Mapped "{[/paragraph/insert],methods=[POST]}" onto public com.ican.elearning.VO.ResultVO<com.ican.elearning.dataobject.Paragraph> com.ican.elearning.controller.ParagraphController.insert(com.ican.elearning.form.ParagraphForm,org.springframework.validation.BindingResult)
2017-10-04 14:43:16,890 - Mapped "{[/question/insert],methods=[POST]}" onto public com.ican.elearning.VO.ResultVO<com.ican.elearning.dataobject.Question> com.ican.elearning.controller.QuestionController.insert(com.ican.elearning.form.QuestionForm,org.springframework.validation.BindingResult)
2017-10-04 14:43:16,891 - Mapped "{[/question/autoGenerated],methods=[POST]}" onto public com.ican.elearning.VO.ResultVO<com.ican.elearning.dataobject.Question> com.ican.elearning.controller.QuestionController.autoGenerated(com.ican.elearning.form.ParagraphForm,org.springframework.validation.BindingResult)
2017-10-04 14:43:16,891 - Mapped "{[/question/autoGenerate],methods=[GET]}" onto public com.ican.elearning.VO.ResultVO<com.ican.elearning.dataobject.Question> com.ican.elearning.controller.QuestionController.autoGenerated2()
2017-10-04 14:43:16,894 - Mapped "{[/file/delete],methods=[POST]}" onto public com.ican.elearning.VO.ResultVO<com.ican.elearning.dataobject.LessonPlan> com.ican.elearning.controller.UploadController.delete(java.lang.Integer)
2017-10-04 14:43:16,895 - Mapped "{[/file/files/{filename:.+}],methods=[GET]}" onto public org.springframework.http.ResponseEntity<org.springframework.core.io.Resource> com.ican.elearning.controller.UploadController.getFile(java.lang.String)
2017-10-04 14:43:16,895 - Mapped "{[/file/getfiles],methods=[GET]}" onto public com.ican.elearning.VO.ResultVO<com.ican.elearning.dataobject.LessonPlan> com.ican.elearning.controller.UploadController.getListFile(java.lang.String,java.lang.Integer,java.lang.Integer)
2017-10-04 14:43:16,896 - Mapped "{[/file/],methods=[POST]}" onto public com.ican.elearning.VO.ResultVO<com.ican.elearning.dataobject.LessonPlan> com.ican.elearning.controller.UploadController.handleFileUpload(org.springframework.web.multipart.MultipartFile,java.lang.String,java.lang.String,java.lang.String,java.lang.String)
2017-10-04 14:43:16,898 - Mapped "{[/auth/register],methods=[POST]}" onto public com.ican.elearning.VO.ResultVO<com.ican.elearning.dataobject.User> com.ican.elearning.controller.UserController.register(com.ican.elearning.form.UserForm,org.springframework.validation.BindingResult)
2017-10-04 14:43:16,899 - Mapped "{[/auth/login],methods=[POST]}" onto public com.ican.elearning.VO.ResultVO<com.ican.elearning.dataobject.User> com.ican.elearning.controller.UserController.login(java.lang.String,java.lang.String)
2017-10-04 14:43:16,901 - Mapped "{[/word/delete],methods=[GET]}" onto public com.ican.elearning.VO.ResultVO<com.ican.elearning.dataobject.Word> com.ican.elearning.controller.WordController.delete(java.lang.Integer)
2017-10-04 14:43:16,902 - Mapped "{[/word/list],methods=[GET]}" onto public com.ican.elearning.VO.ResultVO<java.util.List<com.ican.elearning.dataobject.Word>> com.ican.elearning.controller.WordController.list(java.lang.String,java.lang.Integer,java.lang.Integer)
2017-10-04 14:43:16,903 - Mapped "{[/word/insert],methods=[POST]}" onto public com.ican.elearning.VO.ResultVO<com.ican.elearning.dataobject.Word> com.ican.elearning.controller.WordController.insert(com.ican.elearning.form.WordForm,org.springframework.validation.BindingResult)
2017-10-04 14:43:16,906 - Mapped "{[/word/pie],methods=[GET]}" onto public com.ican.elearning.VO.ResultVO<java.util.Map<java.lang.String, java.lang.Integer>> com.ican.elearning.controller.WordController.pie()
2017-10-04 14:43:16,912 - Mapped "{[/error]}" onto public org.springframework.http.ResponseEntity<java.util.Map<java.lang.String, java.lang.Object>> org.springframework.boot.autoconfigure.web.BasicErrorController.error(javax.servlet.http.HttpServletRequest)
2017-10-04 14:43:16,913 - Mapped "{[/error],produces=[text/html]}" onto public org.springframework.web.servlet.ModelAndView org.springframework.boot.autoconfigure.web.BasicErrorController.errorHtml(javax.servlet.http.HttpServletRequest,javax.servlet.http.HttpServletResponse)
2017-10-04 14:43:16,961 - Mapped URL path [/webjars/**] onto handler of type [class org.springframework.web.servlet.resource.ResourceHttpRequestHandler]
2017-10-04 14:43:16,961 - Mapped URL path [/**] onto handler of type [class org.springframework.web.servlet.resource.ResourceHttpRequestHandler]
2017-10-04 14:43:17,036 - Mapped URL path [/**/favicon.ico] onto handler of type [class org.springframework.web.servlet.resource.ResourceHttpRequestHandler]
2017-10-04 14:43:17,066 - Adding welcome page: class path resource [static/index.html]
2017-10-04 14:43:17,531 - Registering beans for JMX exposure on startup
2017-10-04 14:43:17,579 - No TaskScheduler/ScheduledExecutorService bean found for scheduled processing
2017-10-04 14:43:17,623 - Initializing ProtocolHandler ["http-nio-8080"]
2017-10-04 14:43:17,667 - Starting ProtocolHandler ["http-nio-8080"]
2017-10-04 14:43:17,684 - Using a shared selector for servlet write/read
2017-10-04 14:43:17,740 - Tomcat started on port(s): 8080 (http)
2017-10-04 14:43:17,757 - Started ElearningApplication in 16.681 seconds (JVM running for 26.246)
2017-10-04 16:52:51,772 - Starting ElearningApplication on Jacky with PID 5888 (C:\Users\Administrator\Desktop\elearning\target\classes started by Administrator in C:\Users\Administrator\Desktop\elearning)
2017-10-04 16:52:51,780 - No active profile set, falling back to default profiles: default
2017-10-04 16:52:51,851 - Refreshing org.springframework.boot.context.embedded.AnnotationConfigEmbeddedWebApplicationContext@291b4bf5: startup date [Wed Oct 04 16:52:51 CST 2017]; root of context hierarchy
2017-10-04 16:52:52,157 - HV000001: Hibernate Validator 5.3.5.Final
2017-10-04 16:52:53,840 - Tomcat initialized with port(s): 8080 (http)
2017-10-04 16:52:53,850 - Starting service [Tomcat]
2017-10-04 16:52:53,851 - Starting Servlet Engine: Apache Tomcat/8.5.16
2017-10-04 16:52:53,979 - Initializing Spring embedded WebApplicationContext
2017-10-04 16:52:53,979 - Root WebApplicationContext: initialization completed in 2128 ms
2017-10-04 16:52:54,159 - Mapping servlet: 'dispatcherServlet' to [/]
2017-10-04 16:52:54,163 - Mapping filter: 'characterEncodingFilter' to: [/*]
2017-10-04 16:52:54,164 - Mapping filter: 'hiddenHttpMethodFilter' to: [/*]
2017-10-04 16:52:54,164 - Mapping filter: 'httpPutFormContentFilter' to: [/*]
2017-10-04 16:52:54,164 - Mapping filter: 'requestContextFilter' to: [/*]
2017-10-04 16:52:54,889 - Building JPA container EntityManagerFactory for persistence unit 'default'
2017-10-04 16:52:54,904 - HHH000204: Processing PersistenceUnitInfo [
	name: default
	...]
2017-10-04 16:52:54,966 - HHH000412: Hibernate Core {5.0.12.Final}
2017-10-04 16:52:54,967 - HHH000206: hibernate.properties not found
2017-10-04 16:52:54,968 - HHH000021: Bytecode provider name : javassist
2017-10-04 16:52:55,007 - HCANN000001: Hibernate Commons Annotations {5.0.1.Final}
2017-10-04 16:52:55,137 - HHH000400: Using dialect: org.hibernate.dialect.MySQL5Dialect
2017-10-04 16:52:55,668 - Initialized JPA EntityManagerFactory for persistence unit 'default'
2017-10-04 16:52:56,402 - Looking for @ControllerAdvice: org.springframework.boot.context.embedded.AnnotationConfigEmbeddedWebApplicationContext@291b4bf5: startup date [Wed Oct 04 16:52:51 CST 2017]; root of context hierarchy
2017-10-04 16:52:56,469 - Mapped "{[/exam/autoGenerateExam],methods=[GET]}" onto public com.ican.elearning.VO.ResultVO<com.ican.elearning.dto.ExamDTO> com.ican.elearning.controller.ExamController.autoGenerateExam(java.lang.String)
2017-10-04 16:52:56,472 - Mapped "{[/paragraph/delete],methods=[GET]}" onto public com.ican.elearning.VO.ResultVO<com.ican.elearning.dataobject.Paragraph> com.ican.elearning.controller.ParagraphController.delete(java.lang.Integer)
2017-10-04 16:52:56,473 - Mapped "{[/paragraph/list],methods=[GET]}" onto public com.ican.elearning.VO.ResultVO<java.util.List<com.ican.elearning.dataobject.Paragraph>> com.ican.elearning.controller.ParagraphController.list(java.lang.String,java.lang.Integer,java.lang.Integer)
2017-10-04 16:52:56,474 - Mapped "{[/paragraph/insert],methods=[POST]}" onto public com.ican.elearning.VO.ResultVO<com.ican.elearning.dataobject.Paragraph> com.ican.elearning.controller.ParagraphController.insert(com.ican.elearning.form.ParagraphForm,org.springframework.validation.BindingResult)
2017-10-04 16:52:56,475 - Mapped "{[/question/insert],methods=[POST]}" onto public com.ican.elearning.VO.ResultVO<com.ican.elearning.dataobject.Question> com.ican.elearning.controller.QuestionController.insert(com.ican.elearning.form.QuestionForm,org.springframework.validation.BindingResult)
2017-10-04 16:52:56,476 - Mapped "{[/question/autoGenerated],methods=[POST]}" onto public com.ican.elearning.VO.ResultVO<com.ican.elearning.dataobject.Question> com.ican.elearning.controller.QuestionController.autoGenerated(com.ican.elearning.form.ParagraphForm,org.springframework.validation.BindingResult)
2017-10-04 16:52:56,476 - Mapped "{[/question/autoGenerate],methods=[GET]}" onto public com.ican.elearning.VO.ResultVO<com.ican.elearning.dataobject.Question> com.ican.elearning.controller.QuestionController.autoGenerated2()
2017-10-04 16:52:56,479 - Mapped "{[/file/delete],methods=[POST]}" onto public com.ican.elearning.VO.ResultVO<com.ican.elearning.dataobject.LessonPlan> com.ican.elearning.controller.UploadController.delete(java.lang.Integer)
2017-10-04 16:52:56,480 - Mapped "{[/file/files/{filename:.+}],methods=[GET]}" onto public org.springframework.http.ResponseEntity<org.springframework.core.io.Resource> com.ican.elearning.controller.UploadController.getFile(java.lang.String)
2017-10-04 16:52:56,480 - Mapped "{[/file/getfiles],methods=[GET]}" onto public com.ican.elearning.VO.ResultVO<com.ican.elearning.dataobject.LessonPlan> com.ican.elearning.controller.UploadController.getListFile(java.lang.String,java.lang.Integer,java.lang.Integer)
2017-10-04 16:52:56,481 - Mapped "{[/file/],methods=[POST]}" onto public com.ican.elearning.VO.ResultVO<com.ican.elearning.dataobject.LessonPlan> com.ican.elearning.controller.UploadController.handleFileUpload(org.springframework.web.multipart.MultipartFile,java.lang.String,java.lang.String,java.lang.String,java.lang.String)
2017-10-04 16:52:56,483 - Mapped "{[/auth/register],methods=[POST]}" onto public com.ican.elearning.VO.ResultVO<com.ican.elearning.dataobject.User> com.ican.elearning.controller.UserController.register(com.ican.elearning.form.UserForm,org.springframework.validation.BindingResult)
2017-10-04 16:52:56,484 - Mapped "{[/auth/login],methods=[POST]}" onto public com.ican.elearning.VO.ResultVO<com.ican.elearning.dataobject.User> com.ican.elearning.controller.UserController.login(java.lang.String,java.lang.String)
2017-10-04 16:52:56,487 - Mapped "{[/word/delete],methods=[GET]}" onto public com.ican.elearning.VO.ResultVO<com.ican.elearning.dataobject.Word> com.ican.elearning.controller.WordController.delete(java.lang.Integer)
2017-10-04 16:52:56,487 - Mapped "{[/word/list],methods=[GET]}" onto public com.ican.elearning.VO.ResultVO<java.util.List<com.ican.elearning.dataobject.Word>> com.ican.elearning.controller.WordController.list(java.lang.String,java.lang.Integer,java.lang.Integer)
2017-10-04 16:52:56,487 - Mapped "{[/word/insert],methods=[POST]}" onto public com.ican.elearning.VO.ResultVO<com.ican.elearning.dataobject.Word> com.ican.elearning.controller.WordController.insert(com.ican.elearning.form.WordForm,org.springframework.validation.BindingResult)
2017-10-04 16:52:56,489 - Mapped "{[/word/pie],methods=[GET]}" onto public com.ican.elearning.VO.ResultVO<java.util.Map<java.lang.String, java.lang.Integer>> com.ican.elearning.controller.WordController.pie()
2017-10-04 16:52:56,491 - Mapped "{[/error]}" onto public org.springframework.http.ResponseEntity<java.util.Map<java.lang.String, java.lang.Object>> org.springframework.boot.autoconfigure.web.BasicErrorController.error(javax.servlet.http.HttpServletRequest)
2017-10-04 16:52:56,492 - Mapped "{[/error],produces=[text/html]}" onto public org.springframework.web.servlet.ModelAndView org.springframework.boot.autoconfigure.web.BasicErrorController.errorHtml(javax.servlet.http.HttpServletRequest,javax.servlet.http.HttpServletResponse)
2017-10-04 16:52:56,523 - Mapped URL path [/webjars/**] onto handler of type [class org.springframework.web.servlet.resource.ResourceHttpRequestHandler]
2017-10-04 16:52:56,523 - Mapped URL path [/**] onto handler of type [class org.springframework.web.servlet.resource.ResourceHttpRequestHandler]
2017-10-04 16:52:56,562 - Mapped URL path [/**/favicon.ico] onto handler of type [class org.springframework.web.servlet.resource.ResourceHttpRequestHandler]
2017-10-04 16:52:56,582 - Adding welcome page: class path resource [static/index.html]
2017-10-04 16:52:56,898 - Registering beans for JMX exposure on startup
2017-10-04 16:52:56,915 - No TaskScheduler/ScheduledExecutorService bean found for scheduled processing
2017-10-04 16:52:56,924 - Initializing ProtocolHandler ["http-nio-8080"]
2017-10-04 16:52:56,934 - Starting ProtocolHandler ["http-nio-8080"]
2017-10-04 16:52:56,945 - Using a shared selector for servlet write/read
2017-10-04 16:52:56,962 - Tomcat started on port(s): 8080 (http)
2017-10-04 16:52:56,967 - Started ElearningApplication in 6.063 seconds (JVM running for 7.116)
2017-10-04 18:28:14,526 - Starting ElearningApplication on Jacky with PID 7332 (C:\Users\Administrator\Desktop\elearning\target\classes started by Administrator in C:\Users\Administrator\Desktop\elearning)
2017-10-04 18:28:14,542 - No active profile set, falling back to default profiles: default
2017-10-04 18:28:14,635 - Refreshing org.springframework.boot.context.embedded.AnnotationConfigEmbeddedWebApplicationContext@2d2ffcb7: startup date [Wed Oct 04 18:28:14 CST 2017]; root of context hierarchy
2017-10-04 18:28:14,854 - HV000001: Hibernate Validator 5.3.5.Final
2017-10-04 18:28:16,794 - Tomcat initialized with port(s): 8080 (http)
2017-10-04 18:28:16,810 - Starting service [Tomcat]
2017-10-04 18:28:16,810 - Starting Servlet Engine: Apache Tomcat/8.5.16
2017-10-04 18:28:16,935 - Initializing Spring embedded WebApplicationContext
2017-10-04 18:28:16,935 - Root WebApplicationContext: initialization completed in 2300 ms
2017-10-04 18:28:17,106 - Mapping servlet: 'dispatcherServlet' to [/]
2017-10-04 18:28:17,106 - Mapping filter: 'characterEncodingFilter' to: [/*]
2017-10-04 18:28:17,106 - Mapping filter: 'hiddenHttpMethodFilter' to: [/*]
2017-10-04 18:28:17,106 - Mapping filter: 'httpPutFormContentFilter' to: [/*]
2017-10-04 18:28:17,106 - Mapping filter: 'requestContextFilter' to: [/*]
2017-10-04 18:28:17,908 - Building JPA container EntityManagerFactory for persistence unit 'default'
2017-10-04 18:28:17,923 - HHH000204: Processing PersistenceUnitInfo [
	name: default
	...]
2017-10-04 18:28:17,986 - HHH000412: Hibernate Core {5.0.12.Final}
2017-10-04 18:28:17,986 - HHH000206: hibernate.properties not found
2017-10-04 18:28:17,986 - HHH000021: Bytecode provider name : javassist
2017-10-04 18:28:18,034 - HCANN000001: Hibernate Commons Annotations {5.0.1.Final}
2017-10-04 18:28:18,236 - HHH000400: Using dialect: org.hibernate.dialect.MySQL5Dialect
2017-10-04 18:28:18,767 - Initialized JPA EntityManagerFactory for persistence unit 'default'
2017-10-04 18:28:19,438 - Looking for @ControllerAdvice: org.springframework.boot.context.embedded.AnnotationConfigEmbeddedWebApplicationContext@2d2ffcb7: startup date [Wed Oct 04 18:28:14 CST 2017]; root of context hierarchy
2017-10-04 18:28:19,516 - Mapped "{[/exam/autoGenerateExam],methods=[GET]}" onto public com.ican.elearning.VO.ResultVO<com.ican.elearning.dto.ExamDTO> com.ican.elearning.controller.ExamController.autoGenerateExam(java.lang.String)
2017-10-04 18:28:19,516 - Mapped "{[/paragraph/delete],methods=[GET]}" onto public com.ican.elearning.VO.ResultVO<com.ican.elearning.dataobject.Paragraph> com.ican.elearning.controller.ParagraphController.delete(java.lang.Integer)
2017-10-04 18:28:19,516 - Mapped "{[/paragraph/list],methods=[GET]}" onto public com.ican.elearning.VO.ResultVO<java.util.List<com.ican.elearning.dataobject.Paragraph>> com.ican.elearning.controller.ParagraphController.list(java.lang.String,java.lang.Integer,java.lang.Integer)
2017-10-04 18:28:19,516 - Mapped "{[/paragraph/insert],methods=[POST]}" onto public com.ican.elearning.VO.ResultVO<com.ican.elearning.dataobject.Paragraph> com.ican.elearning.controller.ParagraphController.insert(com.ican.elearning.form.ParagraphForm,org.springframework.validation.BindingResult)
2017-10-04 18:28:19,516 - Mapped "{[/question/insert],methods=[POST]}" onto public com.ican.elearning.VO.ResultVO<com.ican.elearning.dataobject.Question> com.ican.elearning.controller.QuestionController.insert(com.ican.elearning.form.QuestionForm,org.springframework.validation.BindingResult)
2017-10-04 18:28:19,516 - Mapped "{[/question/autoGenerated],methods=[POST]}" onto public com.ican.elearning.VO.ResultVO<com.ican.elearning.dataobject.Question> com.ican.elearning.controller.QuestionController.autoGenerated(com.ican.elearning.form.ParagraphForm,org.springframework.validation.BindingResult)
2017-10-04 18:28:19,516 - Mapped "{[/question/autoGenerate],methods=[GET]}" onto public com.ican.elearning.VO.ResultVO<com.ican.elearning.dataobject.Question> com.ican.elearning.controller.QuestionController.autoGenerated2()
2017-10-04 18:28:19,516 - Mapped "{[/file/delete],methods=[POST]}" onto public com.ican.elearning.VO.ResultVO<com.ican.elearning.dataobject.LessonPlan> com.ican.elearning.controller.UploadController.delete(java.lang.Integer)
2017-10-04 18:28:19,516 - Mapped "{[/file/files/{filename:.+}],methods=[GET]}" onto public org.springframework.http.ResponseEntity<org.springframework.core.io.Resource> com.ican.elearning.controller.UploadController.getFile(java.lang.String)
2017-10-04 18:28:19,516 - Mapped "{[/file/getfiles],methods=[GET]}" onto public com.ican.elearning.VO.ResultVO<com.ican.elearning.dataobject.LessonPlan> com.ican.elearning.controller.UploadController.getListFile(java.lang.String,java.lang.Integer,java.lang.Integer)
2017-10-04 18:28:19,531 - Mapped "{[/file/],methods=[POST]}" onto public com.ican.elearning.VO.ResultVO<com.ican.elearning.dataobject.LessonPlan> com.ican.elearning.controller.UploadController.handleFileUpload(org.springframework.web.multipart.MultipartFile,java.lang.String,java.lang.String,java.lang.String,java.lang.String)
2017-10-04 18:28:19,531 - Mapped "{[/auth/register],methods=[POST]}" onto public com.ican.elearning.VO.ResultVO<com.ican.elearning.dataobject.User> com.ican.elearning.controller.UserController.register(com.ican.elearning.form.UserForm,org.springframework.validation.BindingResult)
2017-10-04 18:28:19,531 - Mapped "{[/auth/login],methods=[POST]}" onto public com.ican.elearning.VO.ResultVO<com.ican.elearning.dataobject.User> com.ican.elearning.controller.UserController.login(java.lang.String,java.lang.String)
2017-10-04 18:28:19,531 - Mapped "{[/word/delete],methods=[GET]}" onto public com.ican.elearning.VO.ResultVO<com.ican.elearning.dataobject.Word> com.ican.elearning.controller.WordController.delete(java.lang.Integer)
2017-10-04 18:28:19,531 - Mapped "{[/word/list],methods=[GET]}" onto public com.ican.elearning.VO.ResultVO<java.util.List<com.ican.elearning.dataobject.Word>> com.ican.elearning.controller.WordController.list(java.lang.String,java.lang.Integer,java.lang.Integer)
2017-10-04 18:28:19,531 - Mapped "{[/word/insert],methods=[POST]}" onto public com.ican.elearning.VO.ResultVO<com.ican.elearning.dataobject.Word> com.ican.elearning.controller.WordController.insert(com.ican.elearning.form.WordForm,org.springframework.validation.BindingResult)
2017-10-04 18:28:19,531 - Mapped "{[/word/pie],methods=[GET]}" onto public com.ican.elearning.VO.ResultVO<java.util.Map<java.lang.String, java.lang.Integer>> com.ican.elearning.controller.WordController.pie()
2017-10-04 18:28:19,531 - Mapped "{[/error]}" onto public org.springframework.http.ResponseEntity<java.util.Map<java.lang.String, java.lang.Object>> org.springframework.boot.autoconfigure.web.BasicErrorController.error(javax.servlet.http.HttpServletRequest)
2017-10-04 18:28:19,531 - Mapped "{[/error],produces=[text/html]}" onto public org.springframework.web.servlet.ModelAndView org.springframework.boot.autoconfigure.web.BasicErrorController.errorHtml(javax.servlet.http.HttpServletRequest,javax.servlet.http.HttpServletResponse)
2017-10-04 18:28:19,562 - Mapped URL path [/webjars/**] onto handler of type [class org.springframework.web.servlet.resource.ResourceHttpRequestHandler]
2017-10-04 18:28:19,562 - Mapped URL path [/**] onto handler of type [class org.springframework.web.servlet.resource.ResourceHttpRequestHandler]
2017-10-04 18:28:19,609 - Mapped URL path [/**/favicon.ico] onto handler of type [class org.springframework.web.servlet.resource.ResourceHttpRequestHandler]
2017-10-04 18:28:19,625 - Adding welcome page: class path resource [static/index.html]
2017-10-04 18:28:19,921 - Registering beans for JMX exposure on startup
2017-10-04 18:28:19,937 - No TaskScheduler/ScheduledExecutorService bean found for scheduled processing
2017-10-04 18:28:19,952 - Initializing ProtocolHandler ["http-nio-8080"]
2017-10-04 18:28:19,952 - Starting ProtocolHandler ["http-nio-8080"]
2017-10-04 18:28:19,968 - Using a shared selector for servlet write/read
2017-10-04 18:28:19,984 - Tomcat started on port(s): 8080 (http)
2017-10-04 18:28:19,984 - Started ElearningApplication in 6.155 seconds (JVM running for 7.195)
2017-10-04 18:30:01,017 - Spider www.newsinlevels.com started!
2017-10-04 18:30:04,103 - downloading page success https://www.newsinlevels.com/page/1
2017-10-04 18:30:06,323 - downloading page success https://www.newsinlevels.com/products/electric-planes-level-1
2017-10-04 18:30:06,682 - Adding annotator tokenize
2017-10-04 18:30:06,697 - No tokenizer type provided. Defaulting to PTBTokenizer.
2017-10-04 18:30:06,713 - Adding annotator ssplit
2017-10-04 18:30:06,822 - HHH000397: Using ASTQueryTranslatorFactory
2017-10-04 18:30:06,900 - downloading page success https://www.newsinlevels.com/products/giant-pandas-level-2
2017-10-04 18:30:06,916 - Adding annotator tokenize
2017-10-04 18:30:06,916 - Adding annotator ssplit
2017-10-04 18:30:06,978 - downloading page success https://www.newsinlevels.com/products/electric-planes-level-2
2017-10-04 18:30:06,994 - Adding annotator tokenize
2017-10-04 18:30:06,994 - Adding annotator ssplit
2017-10-04 18:30:07,009 - downloading page success https://www.newsinlevels.com/products/electric-planes-level-3
2017-10-04 18:30:07,025 - Adding annotator tokenize
2017-10-04 18:30:07,025 - Adding annotator ssplit
2017-10-04 18:30:07,087 - downloading page success https://www.newsinlevels.com/products/giant-pandas-level-1
2017-10-04 18:30:07,087 - Adding annotator tokenize
2017-10-04 18:30:07,087 - Adding annotator ssplit
2017-10-04 18:30:09,071 - downloading page success https://www.newsinlevels.com/products/dolphin-saves-a-womans-phone-level-1
2017-10-04 18:30:09,086 - Adding annotator tokenize
2017-10-04 18:30:09,086 - Adding annotator ssplit
2017-10-04 18:30:09,117 - downloading page success https://www.newsinlevels.com/products/dolphin-saves-a-womans-phone-level-3
2017-10-04 18:30:09,133 - Adding annotator tokenize
2017-10-04 18:30:09,133 - Adding annotator ssplit
2017-10-04 18:30:09,164 - downloading page success https://www.newsinlevels.com/products/volcano-in-bali-level-1
2017-10-04 18:30:09,180 - Adding annotator tokenize
2017-10-04 18:30:09,180 - Adding annotator ssplit
2017-10-04 18:30:09,211 - downloading page success https://www.newsinlevels.com/products/dolphin-saves-a-womans-phone-level-2
2017-10-04 18:30:09,211 - Adding annotator tokenize
2017-10-04 18:30:09,211 - Adding annotator ssplit
2017-10-04 18:30:10,039 - downloading page success https://www.newsinlevels.com/products/giant-pandas-level-3
2017-10-04 18:30:10,054 - Adding annotator tokenize
2017-10-04 18:30:10,054 - Adding annotator ssplit
2017-10-04 18:30:11,134 - downloading page success https://www.newsinlevels.com/products/volcano-in-bali-level-2
2017-10-04 18:30:11,149 - Adding annotator tokenize
2017-10-04 18:30:11,149 - Adding annotator ssplit
2017-10-04 18:30:11,165 - downloading page success https://www.newsinlevels.com/products/volcano-in-bali-level-3
2017-10-04 18:30:11,165 - Adding annotator tokenize
2017-10-04 18:30:11,181 - Adding annotator ssplit
2017-10-04 18:30:11,234 - downloading page success https://www.newsinlevels.com/products/donkey-likes-mclaren-level-1
2017-10-04 18:30:11,234 - Adding annotator tokenize
2017-10-04 18:30:11,234 - Adding annotator ssplit
2017-10-04 18:30:11,266 - downloading page success https://www.newsinlevels.com/products/donkey-likes-mclaren-level-2
2017-10-04 18:30:11,266 - Adding annotator tokenize
2017-10-04 18:30:11,266 - Adding annotator ssplit
2017-10-04 18:30:12,030 - downloading page success https://www.newsinlevels.com/products/donkey-likes-mclaren-level-3
2017-10-04 18:30:12,061 - Adding annotator tokenize
2017-10-04 18:30:12,061 - Adding annotator ssplit
2017-10-04 18:30:13,156 - downloading page success https://www.newsinlevels.com/products/big-explosion-in-ukraine-level-1
2017-10-04 18:30:13,172 - Adding annotator tokenize
2017-10-04 18:30:13,172 - Adding annotator ssplit
2017-10-04 18:30:13,220 - downloading page success https://www.newsinlevels.com/products/big-explosion-in-ukraine-level-2
2017-10-04 18:30:13,235 - Adding annotator tokenize
2017-10-04 18:30:13,235 - Adding annotator ssplit
2017-10-04 18:30:13,313 - downloading page success https://www.newsinlevels.com/products/big-explosion-in-ukraine-level-3
2017-10-04 18:30:13,329 - Adding annotator tokenize
2017-10-04 18:30:13,329 - Adding annotator ssplit
2017-10-04 18:30:13,422 - downloading page success https://www.newsinlevels.com/products/news-in-levels-app-level-1
2017-10-04 18:30:13,422 - Adding annotator tokenize
2017-10-04 18:30:13,422 - Adding annotator ssplit
2017-10-04 18:30:14,093 - downloading page success https://www.newsinlevels.com/products/news-in-levels-app-level-2
2017-10-04 18:30:14,093 - Adding annotator tokenize
2017-10-04 18:30:14,093 - Adding annotator ssplit
2017-10-04 18:30:15,237 - downloading page success https://www.newsinlevels.com/products/news-in-levels-app-level-3
2017-10-04 18:30:15,241 - Adding annotator tokenize
2017-10-04 18:30:15,241 - Adding annotator ssplit
2017-10-04 18:30:15,288 - downloading page success https://www.newsinlevels.com/products/russian-statues-level-1
2017-10-04 18:30:15,288 - Adding annotator tokenize
2017-10-04 18:30:15,288 - Adding annotator ssplit
2017-10-04 18:30:15,412 - downloading page success https://www.newsinlevels.com/products/russian-statues-level-2
2017-10-04 18:30:15,412 - Adding annotator tokenize
2017-10-04 18:30:15,412 - Adding annotator ssplit
2017-10-04 18:30:15,444 - downloading page success https://www.newsinlevels.com/products/russian-statues-level-3
2017-10-04 18:30:15,459 - Adding annotator tokenize
2017-10-04 18:30:15,459 - Adding annotator ssplit
2017-10-04 18:30:16,084 - downloading page success https://www.newsinlevels.com/products/london-kicks-out-uber-level-1
2017-10-04 18:30:16,084 - Adding annotator tokenize
2017-10-04 18:30:16,084 - Adding annotator ssplit
2017-10-04 18:30:17,255 - downloading page success https://www.newsinlevels.com/products/london-kicks-out-uber-level-2
2017-10-04 18:30:17,255 - Adding annotator tokenize
2017-10-04 18:30:17,255 - Adding annotator ssplit
2017-10-04 18:30:17,304 - downloading page success https://www.newsinlevels.com/products/london-kicks-out-uber-level-3
2017-10-04 18:30:17,304 - Adding annotator tokenize
2017-10-04 18:30:17,304 - Adding annotator ssplit
2017-10-04 18:30:17,382 - downloading page success https://www.newsinlevels.com/products/man-rides-a-bike-on-a-rope-level-1
2017-10-04 18:30:17,398 - Adding annotator tokenize
2017-10-04 18:30:17,398 - Adding annotator ssplit
2017-10-04 18:30:17,429 - downloading page success https://www.newsinlevels.com/products/man-rides-a-bike-on-a-rope-level-2
2017-10-04 18:30:17,444 - Adding annotator tokenize
2017-10-04 18:30:17,444 - Adding annotator ssplit
2017-10-04 18:30:18,115 - downloading page success https://www.newsinlevels.com/products/man-rides-a-bike-on-a-rope-level-3
2017-10-04 18:30:18,115 - Adding annotator tokenize
2017-10-04 18:30:18,115 - Adding annotator ssplit
2017-10-04 18:30:19,428 - downloading page success https://www.newsinlevels.com/products/people-in-germany-vote-level-1
2017-10-04 18:30:19,443 - Adding annotator tokenize
2017-10-04 18:30:19,443 - Adding annotator ssplit
2017-10-04 18:30:19,474 - downloading page success https://www.newsinlevels.com/products/people-in-germany-vote-level-3
2017-10-04 18:30:19,490 - Adding annotator tokenize
2017-10-04 18:30:19,490 - Adding annotator ssplit
2017-10-04 18:30:19,506 - downloading page success https://www.newsinlevels.com/products/john-lemon-level-1
2017-10-04 18:30:19,521 - Adding annotator tokenize
2017-10-04 18:30:19,521 - Adding annotator ssplit
2017-10-04 18:30:19,708 - downloading page success https://www.newsinlevels.com/products/people-in-germany-vote-level-2
2017-10-04 18:30:19,724 - Adding annotator tokenize
2017-10-04 18:30:19,724 - Adding annotator ssplit
2017-10-04 18:30:20,287 - downloading page success https://www.newsinlevels.com/products/john-lemon-level-2
2017-10-04 18:30:20,302 - Adding annotator tokenize
2017-10-04 18:30:20,302 - Adding annotator ssplit
2017-10-04 18:30:22,384 - downloading page success https://www.newsinlevels.com/page/4
2017-10-04 18:30:22,853 - downloading page success https://www.newsinlevels.com/page/3
2017-10-04 18:30:23,339 - downloading page success https://www.newsinlevels.com/page/5
2017-10-04 18:30:23,697 - downloading page success https://www.newsinlevels.com/page/2
2017-10-04 18:30:24,103 - downloading page success https://www.newsinlevels.com/products/john-lemon-level-3
2017-10-04 18:30:24,119 - Adding annotator tokenize
2017-10-04 18:30:24,119 - Adding annotator ssplit
2017-10-04 18:30:24,726 - downloading page success https://www.newsinlevels.com/page/6
2017-10-04 18:30:24,867 - downloading page success https://www.newsinlevels.com/page/171
2017-10-04 18:30:25,803 - downloading page success https://www.newsinlevels.com/products/national-day-of-catalonia-level-2
2017-10-04 18:30:25,818 - Adding annotator tokenize
2017-10-04 18:30:25,818 - Adding annotator ssplit
2017-10-04 18:30:26,193 - downloading page success https://www.newsinlevels.com/products/national-day-of-catalonia-level-3
2017-10-04 18:30:26,193 - Adding annotator tokenize
2017-10-04 18:30:26,193 - Adding annotator ssplit
2017-10-04 18:30:26,303 - downloading page success https://www.newsinlevels.com/products/national-day-of-catalonia-level-1
2017-10-04 18:30:26,319 - Adding annotator tokenize
2017-10-04 18:30:26,319 - Adding annotator ssplit
2017-10-04 18:30:26,633 - downloading page success https://www.newsinlevels.com/products/earthquake-in-mexico-level-2
2017-10-04 18:30:26,648 - Adding annotator tokenize
2017-10-04 18:30:26,648 - Adding annotator ssplit
2017-10-04 18:30:27,101 - downloading page success https://www.newsinlevels.com/products/earthquake-in-mexico-level-1
2017-10-04 18:30:27,116 - Adding annotator tokenize
2017-10-04 18:30:27,116 - Adding annotator ssplit
2017-10-04 18:30:28,226 - downloading page success https://www.newsinlevels.com/products/earthquake-in-mexico-level-3
2017-10-04 18:30:28,226 - Adding annotator tokenize
2017-10-04 18:30:28,226 - Adding annotator ssplit
2017-10-04 18:30:28,335 - downloading page success https://www.newsinlevels.com/products/girl-donates-organs-level-1
2017-10-04 18:30:28,351 - Adding annotator tokenize
2017-10-04 18:30:28,351 - Adding annotator ssplit
2017-10-04 18:30:28,553 - downloading page success https://www.newsinlevels.com/products/girl-donates-organs-level-2
2017-10-04 18:30:28,553 - Adding annotator tokenize
2017-10-04 18:30:28,553 - Adding annotator ssplit
2017-10-04 18:30:29,068 - downloading page success https://www.newsinlevels.com/products/girl-donates-organs-level-3
2017-10-04 18:30:29,084 - Adding annotator tokenize
2017-10-04 18:30:29,084 - Adding annotator ssplit
2017-10-04 18:30:29,691 - downloading page success https://www.newsinlevels.com/products/very-wooly-sheep-level-1
2017-10-04 18:30:29,706 - Adding annotator tokenize
2017-10-04 18:30:29,706 - Adding annotator ssplit
2017-10-04 18:30:30,596 - downloading page success https://www.newsinlevels.com/products/very-wooly-sheep-level-2
2017-10-04 18:30:30,612 - Adding annotator tokenize
2017-10-04 18:30:30,612 - Adding annotator ssplit
2017-10-04 18:30:30,784 - downloading page success https://www.newsinlevels.com/products/very-wooly-sheep-level-3
2017-10-04 18:30:30,784 - Adding annotator tokenize
2017-10-04 18:30:30,784 - Adding annotator ssplit
2017-10-04 18:30:31,080 - downloading page success https://www.newsinlevels.com/products/air-show-in-moscow-level-1
2017-10-04 18:30:31,080 - Adding annotator tokenize
2017-10-04 18:30:31,080 - Adding annotator ssplit
2017-10-04 18:30:31,454 - downloading page success https://www.newsinlevels.com/products/air-show-in-moscow-level-3
2017-10-04 18:30:31,454 - Adding annotator tokenize
2017-10-04 18:30:31,454 - Adding annotator ssplit
2017-10-04 18:30:31,735 - downloading page success https://www.newsinlevels.com/products/air-show-in-moscow-level-2
2017-10-04 18:30:31,751 - Adding annotator tokenize
2017-10-04 18:30:31,751 - Adding annotator ssplit
2017-10-04 18:30:32,610 - downloading page success https://www.newsinlevels.com/products/hurricanes-near-america-level-1
2017-10-04 18:30:32,610 - Adding annotator tokenize
2017-10-04 18:30:32,625 - Adding annotator ssplit
2017-10-04 18:30:32,766 - downloading page success https://www.newsinlevels.com/products/hurricanes-near-america-level-2
2017-10-04 18:30:32,781 - Adding annotator tokenize
2017-10-04 18:30:32,781 - Adding annotator ssplit
2017-10-04 18:30:36,235 - downloading page success https://www.newsinlevels.com/products/safety-in-mecca-level-1
2017-10-04 18:30:36,251 - Adding annotator tokenize
2017-10-04 18:30:36,251 - Adding annotator ssplit
2017-10-04 18:30:36,471 - downloading page success https://www.newsinlevels.com/products/safety-in-mecca-level-2
2017-10-04 18:30:36,471 - Adding annotator tokenize
2017-10-04 18:30:36,471 - Adding annotator ssplit
2017-10-04 18:30:36,627 - downloading page success https://www.newsinlevels.com/products/hurricanes-near-america-level-3
2017-10-04 18:30:36,643 - Adding annotator tokenize
2017-10-04 18:30:36,643 - Adding annotator ssplit
2017-10-04 18:30:36,830 - downloading page success https://www.newsinlevels.com/products/safety-in-mecca-level-3
2017-10-04 18:30:36,830 - Adding annotator tokenize
2017-10-04 18:30:36,830 - Adding annotator ssplit
2017-10-04 18:30:37,518 - downloading page success https://www.newsinlevels.com/products/we-are-waiting-for-the-15-000th-user-level-1
2017-10-04 18:30:37,518 - Adding annotator tokenize
2017-10-04 18:30:37,518 - Adding annotator ssplit
2017-10-04 18:30:38,629 - downloading page success https://www.newsinlevels.com/products/we-are-waiting-for-the-15-000th-user-level-2
2017-10-04 18:30:38,644 - Adding annotator tokenize
2017-10-04 18:30:38,644 - Adding annotator ssplit
2017-10-04 18:30:38,676 - downloading page success https://www.newsinlevels.com/products/panda-is-born-in-france-level-1
2017-10-04 18:30:38,691 - Adding annotator tokenize
2017-10-04 18:30:38,691 - Adding annotator ssplit
2017-10-04 18:30:38,832 - downloading page success https://www.newsinlevels.com/products/we-are-waiting-for-the-15-000th-user-level-3
2017-10-04 18:30:38,832 - Adding annotator tokenize
2017-10-04 18:30:38,832 - Adding annotator ssplit
2017-10-04 18:30:38,988 - downloading page success https://www.newsinlevels.com/products/panda-is-born-in-france-level-2
2017-10-04 18:30:38,988 - Adding annotator tokenize
2017-10-04 18:30:38,988 - Adding annotator ssplit
2017-10-04 18:30:39,519 - downloading page success https://www.newsinlevels.com/products/panda-is-born-in-france-level-3
2017-10-04 18:30:39,519 - Adding annotator tokenize
2017-10-04 18:30:39,519 - Adding annotator ssplit
2017-10-04 18:34:42,416 - Starting ElearningApplication on Jacky with PID 8544 (C:\Users\Administrator\Desktop\elearning\target\classes started by Administrator in C:\Users\Administrator\Desktop\elearning)
2017-10-04 18:34:42,431 - No active profile set, falling back to default profiles: default
2017-10-04 18:34:42,743 - Refreshing org.springframework.boot.context.embedded.AnnotationConfigEmbeddedWebApplicationContext@291b4bf5: startup date [Wed Oct 04 18:34:42 CST 2017]; root of context hierarchy
2017-10-04 18:34:42,790 - HV000001: Hibernate Validator 5.3.5.Final
2017-10-04 18:34:44,631 - Tomcat initialized with port(s): 8080 (http)
2017-10-04 18:34:44,646 - Starting service [Tomcat]
2017-10-04 18:34:44,646 - Starting Servlet Engine: Apache Tomcat/8.5.16
2017-10-04 18:34:44,802 - Initializing Spring embedded WebApplicationContext
2017-10-04 18:34:44,802 - Root WebApplicationContext: initialization completed in 2059 ms
2017-10-04 18:34:44,943 - Mapping servlet: 'dispatcherServlet' to [/]
2017-10-04 18:34:44,958 - Mapping filter: 'characterEncodingFilter' to: [/*]
2017-10-04 18:34:44,958 - Mapping filter: 'hiddenHttpMethodFilter' to: [/*]
2017-10-04 18:34:44,958 - Mapping filter: 'httpPutFormContentFilter' to: [/*]
2017-10-04 18:34:44,958 - Mapping filter: 'requestContextFilter' to: [/*]
2017-10-04 18:34:45,707 - Building JPA container EntityManagerFactory for persistence unit 'default'
2017-10-04 18:34:45,723 - HHH000204: Processing PersistenceUnitInfo [
	name: default
	...]
2017-10-04 18:34:45,770 - HHH000412: Hibernate Core {5.0.12.Final}
2017-10-04 18:34:45,785 - HHH000206: hibernate.properties not found
2017-10-04 18:34:45,785 - HHH000021: Bytecode provider name : javassist
2017-10-04 18:34:45,816 - HCANN000001: Hibernate Commons Annotations {5.0.1.Final}
2017-10-04 18:34:45,941 - HHH000400: Using dialect: org.hibernate.dialect.MySQL5Dialect
2017-10-04 18:34:46,490 - Initialized JPA EntityManagerFactory for persistence unit 'default'
2017-10-04 18:34:47,161 - Looking for @ControllerAdvice: org.springframework.boot.context.embedded.AnnotationConfigEmbeddedWebApplicationContext@291b4bf5: startup date [Wed Oct 04 18:34:42 CST 2017]; root of context hierarchy
2017-10-04 18:34:47,224 - Mapped "{[/exam/autoGenerateExam],methods=[GET]}" onto public com.ican.elearning.VO.ResultVO<com.ican.elearning.dto.ExamDTO> com.ican.elearning.controller.ExamController.autoGenerateExam(java.lang.String)
2017-10-04 18:34:47,224 - Mapped "{[/paragraph/delete],methods=[GET]}" onto public com.ican.elearning.VO.ResultVO<com.ican.elearning.dataobject.Paragraph> com.ican.elearning.controller.ParagraphController.delete(java.lang.Integer)
2017-10-04 18:34:47,224 - Mapped "{[/paragraph/list],methods=[GET]}" onto public com.ican.elearning.VO.ResultVO<java.util.List<com.ican.elearning.dataobject.Paragraph>> com.ican.elearning.controller.ParagraphController.list(java.lang.String,java.lang.Integer,java.lang.Integer)
2017-10-04 18:34:47,224 - Mapped "{[/paragraph/insert],methods=[POST]}" onto public com.ican.elearning.VO.ResultVO<com.ican.elearning.dataobject.Paragraph> com.ican.elearning.controller.ParagraphController.insert(com.ican.elearning.form.ParagraphForm,org.springframework.validation.BindingResult)
2017-10-04 18:34:47,224 - Mapped "{[/question/insert],methods=[POST]}" onto public com.ican.elearning.VO.ResultVO<com.ican.elearning.dataobject.Question> com.ican.elearning.controller.QuestionController.insert(com.ican.elearning.form.QuestionForm,org.springframework.validation.BindingResult)
2017-10-04 18:34:47,224 - Mapped "{[/question/autoGenerated],methods=[POST]}" onto public com.ican.elearning.VO.ResultVO<com.ican.elearning.dataobject.Question> com.ican.elearning.controller.QuestionController.autoGenerated(com.ican.elearning.form.ParagraphForm,org.springframework.validation.BindingResult)
2017-10-04 18:34:47,224 - Mapped "{[/question/autoGenerate],methods=[GET]}" onto public com.ican.elearning.VO.ResultVO<com.ican.elearning.dataobject.Question> com.ican.elearning.controller.QuestionController.autoGenerated2()
2017-10-04 18:34:47,240 - Mapped "{[/file/delete],methods=[POST]}" onto public com.ican.elearning.VO.ResultVO<com.ican.elearning.dataobject.LessonPlan> com.ican.elearning.controller.UploadController.delete(java.lang.Integer)
2017-10-04 18:34:47,240 - Mapped "{[/file/files/{filename:.+}],methods=[GET]}" onto public org.springframework.http.ResponseEntity<org.springframework.core.io.Resource> com.ican.elearning.controller.UploadController.getFile(java.lang.String)
2017-10-04 18:34:47,240 - Mapped "{[/file/getfiles],methods=[GET]}" onto public com.ican.elearning.VO.ResultVO<com.ican.elearning.dataobject.LessonPlan> com.ican.elearning.controller.UploadController.getListFile(java.lang.String,java.lang.Integer,java.lang.Integer)
2017-10-04 18:34:47,240 - Mapped "{[/file/],methods=[POST]}" onto public com.ican.elearning.VO.ResultVO<com.ican.elearning.dataobject.LessonPlan> com.ican.elearning.controller.UploadController.handleFileUpload(org.springframework.web.multipart.MultipartFile,java.lang.String,java.lang.String,java.lang.String,java.lang.String)
2017-10-04 18:34:47,240 - Mapped "{[/auth/register],methods=[POST]}" onto public com.ican.elearning.VO.ResultVO<com.ican.elearning.dataobject.User> com.ican.elearning.controller.UserController.register(com.ican.elearning.form.UserForm,org.springframework.validation.BindingResult)
2017-10-04 18:34:47,240 - Mapped "{[/auth/login],methods=[POST]}" onto public com.ican.elearning.VO.ResultVO<com.ican.elearning.dataobject.User> com.ican.elearning.controller.UserController.login(java.lang.String,java.lang.String)
2017-10-04 18:34:47,240 - Mapped "{[/word/delete],methods=[GET]}" onto public com.ican.elearning.VO.ResultVO<com.ican.elearning.dataobject.Word> com.ican.elearning.controller.WordController.delete(java.lang.Integer)
2017-10-04 18:34:47,240 - Mapped "{[/word/list],methods=[GET]}" onto public com.ican.elearning.VO.ResultVO<java.util.List<com.ican.elearning.dataobject.Word>> com.ican.elearning.controller.WordController.list(java.lang.String,java.lang.Integer,java.lang.Integer)
2017-10-04 18:34:47,240 - Mapped "{[/word/insert],methods=[POST]}" onto public com.ican.elearning.VO.ResultVO<com.ican.elearning.dataobject.Word> com.ican.elearning.controller.WordController.insert(com.ican.elearning.form.WordForm,org.springframework.validation.BindingResult)
2017-10-04 18:34:47,240 - Mapped "{[/word/pie],methods=[GET]}" onto public com.ican.elearning.VO.ResultVO<java.util.Map<java.lang.String, java.lang.Integer>> com.ican.elearning.controller.WordController.pie()
2017-10-04 18:34:47,240 - Mapped "{[/error]}" onto public org.springframework.http.ResponseEntity<java.util.Map<java.lang.String, java.lang.Object>> org.springframework.boot.autoconfigure.web.BasicErrorController.error(javax.servlet.http.HttpServletRequest)
2017-10-04 18:34:47,240 - Mapped "{[/error],produces=[text/html]}" onto public org.springframework.web.servlet.ModelAndView org.springframework.boot.autoconfigure.web.BasicErrorController.errorHtml(javax.servlet.http.HttpServletRequest,javax.servlet.http.HttpServletResponse)
2017-10-04 18:34:47,271 - Mapped URL path [/webjars/**] onto handler of type [class org.springframework.web.servlet.resource.ResourceHttpRequestHandler]
2017-10-04 18:34:47,271 - Mapped URL path [/**] onto handler of type [class org.springframework.web.servlet.resource.ResourceHttpRequestHandler]
2017-10-04 18:34:47,302 - Mapped URL path [/**/favicon.ico] onto handler of type [class org.springframework.web.servlet.resource.ResourceHttpRequestHandler]
2017-10-04 18:34:47,334 - Adding welcome page: class path resource [static/index.html]
2017-10-04 18:34:47,630 - Registering beans for JMX exposure on startup
2017-10-04 18:34:47,646 - No TaskScheduler/ScheduledExecutorService bean found for scheduled processing
2017-10-04 18:34:47,661 - Initializing ProtocolHandler ["http-nio-8080"]
2017-10-04 18:34:47,661 - Starting ProtocolHandler ["http-nio-8080"]
2017-10-04 18:34:47,677 - Using a shared selector for servlet write/read
2017-10-04 18:34:47,692 - Tomcat started on port(s): 8080 (http)
2017-10-04 18:34:47,692 - Started ElearningApplication in 6.134 seconds (JVM running for 7.128)
2017-10-04 18:35:00,423 - Spider www.newsinlevels.com started!
2017-10-04 18:35:02,496 - downloading page success https://www.newsinlevels.com/page/1
2017-10-04 18:35:04,592 - downloading page success https://www.newsinlevels.com/products/electric-planes-level-1
2017-10-04 18:35:04,733 - Adding annotator tokenize
2017-10-04 18:35:04,733 - No tokenizer type provided. Defaulting to PTBTokenizer.
2017-10-04 18:35:04,748 - Adding annotator ssplit
2017-10-04 18:35:04,826 - HHH000397: Using ASTQueryTranslatorFactory
2017-10-04 18:35:05,170 - downloading page success https://www.newsinlevels.com/products/electric-planes-level-2
2017-10-04 18:35:05,202 - Adding annotator tokenize
2017-10-04 18:35:05,202 - Adding annotator ssplit
2017-10-04 18:35:05,217 - downloading page success https://www.newsinlevels.com/products/electric-planes-level-3
2017-10-04 18:35:05,233 - Adding annotator tokenize
2017-10-04 18:35:05,233 - Adding annotator ssplit
2017-10-04 18:35:05,311 - downloading page success https://www.newsinlevels.com/products/giant-pandas-level-2
2017-10-04 18:35:05,326 - Adding annotator tokenize
2017-10-04 18:35:05,326 - Adding annotator ssplit
2017-10-04 18:35:05,342 - downloading page success https://www.newsinlevels.com/products/giant-pandas-level-1
2017-10-04 18:35:05,342 - Adding annotator tokenize
2017-10-04 18:35:05,342 - Adding annotator ssplit
2017-10-04 18:35:06,981 - downloading page success https://www.newsinlevels.com/products/giant-pandas-level-3
2017-10-04 18:35:06,997 - Adding annotator tokenize
2017-10-04 18:35:06,997 - Adding annotator ssplit
2017-10-04 18:35:07,235 - downloading page success https://www.newsinlevels.com/products/dolphin-saves-a-womans-phone-level-1
2017-10-04 18:35:07,235 - Adding annotator tokenize
2017-10-04 18:35:07,235 - Adding annotator ssplit
2017-10-04 18:35:07,328 - downloading page success https://www.newsinlevels.com/products/dolphin-saves-a-womans-phone-level-2
2017-10-04 18:35:07,344 - Adding annotator tokenize
2017-10-04 18:35:07,344 - Adding annotator ssplit
2017-10-04 18:35:07,375 - downloading page success https://www.newsinlevels.com/products/volcano-in-bali-level-1
2017-10-04 18:35:07,375 - Adding annotator tokenize
2017-10-04 18:35:07,375 - Adding annotator ssplit
2017-10-04 18:35:07,391 - downloading page success https://www.newsinlevels.com/products/dolphin-saves-a-womans-phone-level-3
2017-10-04 18:35:07,391 - Adding annotator tokenize
2017-10-04 18:35:07,391 - Adding annotator ssplit
2017-10-04 18:35:08,982 - downloading page success https://www.newsinlevels.com/products/volcano-in-bali-level-2
2017-10-04 18:35:08,997 - Adding annotator tokenize
2017-10-04 18:35:08,997 - Adding annotator ssplit
2017-10-04 18:35:09,229 - downloading page success https://www.newsinlevels.com/products/volcano-in-bali-level-3
2017-10-04 18:35:09,245 - Adding annotator tokenize
2017-10-04 18:35:09,245 - Adding annotator ssplit
2017-10-04 18:35:09,354 - downloading page success https://www.newsinlevels.com/products/donkey-likes-mclaren-level-1
2017-10-04 18:35:09,354 - Adding annotator tokenize
2017-10-04 18:35:09,354 - Adding annotator ssplit
2017-10-04 18:35:09,432 - downloading page success https://www.newsinlevels.com/products/donkey-likes-mclaren-level-2
2017-10-04 18:35:09,448 - Adding annotator tokenize
2017-10-04 18:35:09,448 - Adding annotator ssplit
2017-10-04 18:35:09,463 - downloading page success https://www.newsinlevels.com/products/donkey-likes-mclaren-level-3
2017-10-04 18:35:09,479 - Adding annotator tokenize
2017-10-04 18:35:09,479 - Adding annotator ssplit
2017-10-04 18:35:10,997 - downloading page success https://www.newsinlevels.com/products/big-explosion-in-ukraine-level-1
2017-10-04 18:35:11,013 - Adding annotator tokenize
2017-10-04 18:35:11,013 - Adding annotator ssplit
2017-10-04 18:35:11,434 - downloading page success https://www.newsinlevels.com/products/big-explosion-in-ukraine-level-2
2017-10-04 18:35:11,449 - Adding annotator tokenize
2017-10-04 18:35:11,449 - Adding annotator ssplit
2017-10-04 18:35:11,465 - downloading page success https://www.newsinlevels.com/products/big-explosion-in-ukraine-level-3
2017-10-04 18:35:11,465 - Adding annotator tokenize
2017-10-04 18:35:11,465 - Adding annotator ssplit
2017-10-04 18:35:11,527 - downloading page success https://www.newsinlevels.com/products/news-in-levels-app-level-1
2017-10-04 18:35:11,543 - Adding annotator tokenize
2017-10-04 18:35:11,543 - Adding annotator ssplit
2017-10-04 18:35:12,730 - downloading page success https://www.newsinlevels.com/products/news-in-levels-app-level-2
2017-10-04 18:35:12,745 - Adding annotator tokenize
2017-10-04 18:35:12,745 - Adding annotator ssplit
2017-10-04 18:35:13,291 - downloading page success https://www.newsinlevels.com/products/news-in-levels-app-level-3
2017-10-04 18:35:13,307 - Adding annotator tokenize
2017-10-04 18:35:13,307 - Adding annotator ssplit
2017-10-04 18:35:13,619 - downloading page success https://www.newsinlevels.com/products/russian-statues-level-1
2017-10-04 18:35:13,619 - Adding annotator tokenize
2017-10-04 18:35:13,619 - Adding annotator ssplit
2017-10-04 18:35:13,728 - downloading page success https://www.newsinlevels.com/products/russian-statues-level-2
2017-10-04 18:35:13,728 - Adding annotator tokenize
2017-10-04 18:35:13,728 - Adding annotator ssplit
2017-10-04 18:35:13,759 - downloading page success https://www.newsinlevels.com/products/russian-statues-level-3
2017-10-04 18:35:13,759 - Adding annotator tokenize
2017-10-04 18:35:13,759 - Adding annotator ssplit
2017-10-04 18:35:14,742 - downloading page success https://www.newsinlevels.com/products/london-kicks-out-uber-level-1
2017-10-04 18:35:14,758 - Adding annotator tokenize
2017-10-04 18:35:14,758 - Adding annotator ssplit
2017-10-04 18:39:23,432 - Starting ElearningApplication on Jacky with PID 7172 (C:\Users\Administrator\Desktop\elearning\target\classes started by Administrator in C:\Users\Administrator\Desktop\elearning)
2017-10-04 18:39:23,432 - No active profile set, falling back to default profiles: default
2017-10-04 18:39:23,604 - Refreshing org.springframework.boot.context.embedded.AnnotationConfigEmbeddedWebApplicationContext@291b4bf5: startup date [Wed Oct 04 18:39:23 CST 2017]; root of context hierarchy
2017-10-04 18:39:23,791 - HV000001: Hibernate Validator 5.3.5.Final
2017-10-04 18:39:25,461 - Tomcat initialized with port(s): 8080 (http)
2017-10-04 18:39:25,477 - Starting service [Tomcat]
2017-10-04 18:39:25,477 - Starting Servlet Engine: Apache Tomcat/8.5.16
2017-10-04 18:39:25,602 - Initializing Spring embedded WebApplicationContext
2017-10-04 18:39:25,602 - Root WebApplicationContext: initialization completed in 1998 ms
2017-10-04 18:39:25,742 - Mapping servlet: 'dispatcherServlet' to [/]
2017-10-04 18:39:25,758 - Mapping filter: 'characterEncodingFilter' to: [/*]
2017-10-04 18:39:25,758 - Mapping filter: 'hiddenHttpMethodFilter' to: [/*]
2017-10-04 18:39:25,758 - Mapping filter: 'httpPutFormContentFilter' to: [/*]
2017-10-04 18:39:25,758 - Mapping filter: 'requestContextFilter' to: [/*]
2017-10-04 18:39:26,398 - Building JPA container EntityManagerFactory for persistence unit 'default'
2017-10-04 18:39:26,398 - HHH000204: Processing PersistenceUnitInfo [
	name: default
	...]
2017-10-04 18:39:26,476 - HHH000412: Hibernate Core {5.0.12.Final}
2017-10-04 18:39:26,476 - HHH000206: hibernate.properties not found
2017-10-04 18:39:26,476 - HHH000021: Bytecode provider name : javassist
2017-10-04 18:39:26,523 - HCANN000001: Hibernate Commons Annotations {5.0.1.Final}
2017-10-04 18:39:26,663 - HHH000400: Using dialect: org.hibernate.dialect.MySQL5Dialect
2017-10-04 18:39:27,350 - Initialized JPA EntityManagerFactory for persistence unit 'default'
2017-10-04 18:39:28,038 - Looking for @ControllerAdvice: org.springframework.boot.context.embedded.AnnotationConfigEmbeddedWebApplicationContext@291b4bf5: startup date [Wed Oct 04 18:39:23 CST 2017]; root of context hierarchy
2017-10-04 18:39:28,116 - Mapped "{[/exam/autoGenerateExam],methods=[GET]}" onto public com.ican.elearning.VO.ResultVO<com.ican.elearning.dto.ExamDTO> com.ican.elearning.controller.ExamController.autoGenerateExam(java.lang.String)
2017-10-04 18:39:28,116 - Mapped "{[/paragraph/delete],methods=[GET]}" onto public com.ican.elearning.VO.ResultVO<com.ican.elearning.dataobject.Paragraph> com.ican.elearning.controller.ParagraphController.delete(java.lang.Integer)
2017-10-04 18:39:28,116 - Mapped "{[/paragraph/list],methods=[GET]}" onto public com.ican.elearning.VO.ResultVO<java.util.List<com.ican.elearning.dataobject.Paragraph>> com.ican.elearning.controller.ParagraphController.list(java.lang.String,java.lang.Integer,java.lang.Integer)
2017-10-04 18:39:28,116 - Mapped "{[/paragraph/insert],methods=[POST]}" onto public com.ican.elearning.VO.ResultVO<com.ican.elearning.dataobject.Paragraph> com.ican.elearning.controller.ParagraphController.insert(com.ican.elearning.form.ParagraphForm,org.springframework.validation.BindingResult)
2017-10-04 18:39:28,116 - Mapped "{[/question/insert],methods=[POST]}" onto public com.ican.elearning.VO.ResultVO<com.ican.elearning.dataobject.Question> com.ican.elearning.controller.QuestionController.insert(com.ican.elearning.form.QuestionForm,org.springframework.validation.BindingResult)
2017-10-04 18:39:28,116 - Mapped "{[/question/autoGenerated],methods=[POST]}" onto public com.ican.elearning.VO.ResultVO<com.ican.elearning.dataobject.Question> com.ican.elearning.controller.QuestionController.autoGenerated(com.ican.elearning.form.ParagraphForm,org.springframework.validation.BindingResult)
2017-10-04 18:39:28,116 - Mapped "{[/question/autoGenerate],methods=[GET]}" onto public com.ican.elearning.VO.ResultVO<com.ican.elearning.dataobject.Question> com.ican.elearning.controller.QuestionController.autoGenerated2()
2017-10-04 18:39:28,116 - Mapped "{[/file/delete],methods=[POST]}" onto public com.ican.elearning.VO.ResultVO<com.ican.elearning.dataobject.LessonPlan> com.ican.elearning.controller.UploadController.delete(java.lang.Integer)
2017-10-04 18:39:28,116 - Mapped "{[/file/files/{filename:.+}],methods=[GET]}" onto public org.springframework.http.ResponseEntity<org.springframework.core.io.Resource> com.ican.elearning.controller.UploadController.getFile(java.lang.String)
2017-10-04 18:39:28,116 - Mapped "{[/file/getfiles],methods=[GET]}" onto public com.ican.elearning.VO.ResultVO<com.ican.elearning.dataobject.LessonPlan> com.ican.elearning.controller.UploadController.getListFile(java.lang.String,java.lang.Integer,java.lang.Integer)
2017-10-04 18:39:28,116 - Mapped "{[/file/],methods=[POST]}" onto public com.ican.elearning.VO.ResultVO<com.ican.elearning.dataobject.LessonPlan> com.ican.elearning.controller.UploadController.handleFileUpload(org.springframework.web.multipart.MultipartFile,java.lang.String,java.lang.String,java.lang.String,java.lang.String)
2017-10-04 18:39:28,116 - Mapped "{[/auth/register],methods=[POST]}" onto public com.ican.elearning.VO.ResultVO<com.ican.elearning.dataobject.User> com.ican.elearning.controller.UserController.register(com.ican.elearning.form.UserForm,org.springframework.validation.BindingResult)
2017-10-04 18:39:28,116 - Mapped "{[/auth/login],methods=[POST]}" onto public com.ican.elearning.VO.ResultVO<com.ican.elearning.dataobject.User> com.ican.elearning.controller.UserController.login(java.lang.String,java.lang.String)
2017-10-04 18:39:28,116 - Mapped "{[/word/delete],methods=[GET]}" onto public com.ican.elearning.VO.ResultVO<com.ican.elearning.dataobject.Word> com.ican.elearning.controller.WordController.delete(java.lang.Integer)
2017-10-04 18:39:28,132 - Mapped "{[/word/list],methods=[GET]}" onto public com.ican.elearning.VO.ResultVO<java.util.List<com.ican.elearning.dataobject.Word>> com.ican.elearning.controller.WordController.list(java.lang.String,java.lang.Integer,java.lang.Integer)
2017-10-04 18:39:28,132 - Mapped "{[/word/insert],methods=[POST]}" onto public com.ican.elearning.VO.ResultVO<com.ican.elearning.dataobject.Word> com.ican.elearning.controller.WordController.insert(com.ican.elearning.form.WordForm,org.springframework.validation.BindingResult)
2017-10-04 18:39:28,134 - Mapped "{[/word/pie],methods=[GET]}" onto public com.ican.elearning.VO.ResultVO<java.util.Map<java.lang.String, java.lang.Integer>> com.ican.elearning.controller.WordController.pie()
2017-10-04 18:39:28,134 - Mapped "{[/error]}" onto public org.springframework.http.ResponseEntity<java.util.Map<java.lang.String, java.lang.Object>> org.springframework.boot.autoconfigure.web.BasicErrorController.error(javax.servlet.http.HttpServletRequest)
2017-10-04 18:39:28,134 - Mapped "{[/error],produces=[text/html]}" onto public org.springframework.web.servlet.ModelAndView org.springframework.boot.autoconfigure.web.BasicErrorController.errorHtml(javax.servlet.http.HttpServletRequest,javax.servlet.http.HttpServletResponse)
2017-10-04 18:39:28,181 - Mapped URL path [/webjars/**] onto handler of type [class org.springframework.web.servlet.resource.ResourceHttpRequestHandler]
2017-10-04 18:39:28,181 - Mapped URL path [/**] onto handler of type [class org.springframework.web.servlet.resource.ResourceHttpRequestHandler]
2017-10-04 18:39:28,233 - Mapped URL path [/**/favicon.ico] onto handler of type [class org.springframework.web.servlet.resource.ResourceHttpRequestHandler]
2017-10-04 18:39:28,264 - Adding welcome page: class path resource [static/index.html]
2017-10-04 18:39:28,592 - Registering beans for JMX exposure on startup
2017-10-04 18:39:28,607 - No TaskScheduler/ScheduledExecutorService bean found for scheduled processing
2017-10-04 18:39:28,623 - Initializing ProtocolHandler ["http-nio-8080"]
2017-10-04 18:39:28,623 - Starting ProtocolHandler ["http-nio-8080"]
2017-10-04 18:39:28,638 - Using a shared selector for servlet write/read
2017-10-04 18:39:28,654 - Tomcat started on port(s): 8080 (http)
2017-10-04 18:39:28,654 - Started ElearningApplication in 6.004 seconds (JVM running for 7.075)
2017-10-04 18:40:00,384 - Spider www.newsinlevels.com started!
2017-10-04 18:40:03,036 - downloading page success https://www.newsinlevels.com/page/1
2017-10-04 18:40:05,180 - downloading page success https://www.newsinlevels.com/products/giant-pandas-level-1
2017-10-04 18:40:05,304 - Adding annotator tokenize
2017-10-04 18:40:05,320 - No tokenizer type provided. Defaulting to PTBTokenizer.
2017-10-04 18:40:05,320 - Adding annotator ssplit
2017-10-04 18:40:05,414 - HHH000397: Using ASTQueryTranslatorFactory
2017-10-04 18:40:05,757 - downloading page success https://www.newsinlevels.com/products/electric-planes-level-3
2017-10-04 18:40:05,788 - Adding annotator tokenize
2017-10-04 18:40:05,788 - Adding annotator ssplit
2017-10-04 18:40:05,804 - downloading page success https://www.newsinlevels.com/products/giant-pandas-level-2
2017-10-04 18:40:05,804 - Adding annotator tokenize
2017-10-04 18:40:05,804 - Adding annotator ssplit
2017-10-04 18:40:05,819 - downloading page success https://www.newsinlevels.com/products/electric-planes-level-2
2017-10-04 18:40:05,819 - Adding annotator tokenize
2017-10-04 18:40:05,819 - Adding annotator ssplit
2017-10-04 18:40:05,850 - downloading page success https://www.newsinlevels.com/products/electric-planes-level-1
2017-10-04 18:40:05,850 - Adding annotator tokenize
2017-10-04 18:40:05,850 - Adding annotator ssplit
2017-10-04 18:40:08,073 - downloading page success https://www.newsinlevels.com/products/giant-pandas-level-3
2017-10-04 18:40:08,073 - Adding annotator tokenize
2017-10-04 18:40:08,073 - Adding annotator ssplit
2017-10-04 18:40:08,369 - downloading page success https://www.newsinlevels.com/products/dolphin-saves-a-womans-phone-level-1
2017-10-04 18:40:08,385 - Adding annotator tokenize
2017-10-04 18:40:08,385 - Adding annotator ssplit
2017-10-04 18:40:08,432 - downloading page success https://www.newsinlevels.com/products/dolphin-saves-a-womans-phone-level-2
2017-10-04 18:40:08,447 - Adding annotator tokenize
2017-10-04 18:40:08,447 - Adding annotator ssplit
2017-10-04 18:40:08,479 - downloading page success https://www.newsinlevels.com/products/dolphin-saves-a-womans-phone-level-3
2017-10-04 18:40:08,479 - Adding annotator tokenize
2017-10-04 18:40:08,479 - Adding annotator ssplit
2017-10-04 18:40:08,510 - downloading page success https://www.newsinlevels.com/products/volcano-in-bali-level-1
2017-10-04 18:40:08,525 - Adding annotator tokenize
2017-10-04 18:40:08,525 - Adding annotator ssplit
2017-10-04 18:40:10,148 - downloading page success https://www.newsinlevels.com/products/volcano-in-bali-level-2
2017-10-04 18:40:10,179 - Adding annotator tokenize
2017-10-04 18:40:10,179 - Adding annotator ssplit
2017-10-04 18:40:10,463 - downloading page success https://www.newsinlevels.com/products/volcano-in-bali-level-3
2017-10-04 18:40:10,478 - Adding annotator tokenize
2017-10-04 18:40:10,478 - Adding annotator ssplit
2017-10-04 18:40:10,510 - downloading page success https://www.newsinlevels.com/products/donkey-likes-mclaren-level-1
2017-10-04 18:40:10,510 - Adding annotator tokenize
2017-10-04 18:40:10,510 - Adding annotator ssplit
2017-10-04 18:40:10,588 - downloading page success https://www.newsinlevels.com/products/donkey-likes-mclaren-level-3
2017-10-04 18:40:10,603 - Adding annotator tokenize
2017-10-04 18:40:10,603 - Adding annotator ssplit
2017-10-04 18:40:10,619 - downloading page success https://www.newsinlevels.com/products/donkey-likes-mclaren-level-2
2017-10-04 18:40:10,634 - Adding annotator tokenize
2017-10-04 18:40:10,634 - Adding annotator ssplit
2017-10-04 18:40:12,258 - downloading page success https://www.newsinlevels.com/products/big-explosion-in-ukraine-level-1
2017-10-04 18:40:12,273 - Adding annotator tokenize
2017-10-04 18:40:12,273 - Adding annotator ssplit
2017-10-04 18:40:12,554 - downloading page success https://www.newsinlevels.com/products/big-explosion-in-ukraine-level-2
2017-10-04 18:40:12,570 - Adding annotator tokenize
2017-10-04 18:40:12,570 - Adding annotator ssplit
2017-10-04 18:40:12,632 - downloading page success https://www.newsinlevels.com/products/big-explosion-in-ukraine-level-3
2017-10-04 18:40:12,632 - Adding annotator tokenize
2017-10-04 18:40:12,632 - Adding annotator ssplit
2017-10-04 18:40:12,695 - downloading page success https://www.newsinlevels.com/products/news-in-levels-app-level-1
2017-10-04 18:40:12,710 - Adding annotator tokenize
2017-10-04 18:40:12,710 - Adding annotator ssplit
2017-10-04 18:40:12,726 - downloading page success https://www.newsinlevels.com/products/news-in-levels-app-level-2
2017-10-04 18:40:12,741 - Adding annotator tokenize
2017-10-04 18:40:12,741 - Adding annotator ssplit
2017-10-04 18:40:14,321 - downloading page success https://www.newsinlevels.com/products/news-in-levels-app-level-3
2017-10-04 18:40:14,321 - Adding annotator tokenize
2017-10-04 18:40:14,321 - Adding annotator ssplit
2017-10-04 18:40:14,713 - downloading page success https://www.newsinlevels.com/products/russian-statues-level-1
2017-10-04 18:40:14,713 - Adding annotator tokenize
2017-10-04 18:40:14,713 - Adding annotator ssplit
2017-10-04 18:40:14,760 - downloading page success https://www.newsinlevels.com/products/russian-statues-level-2
2017-10-04 18:40:14,775 - Adding annotator tokenize
2017-10-04 18:40:14,775 - Adding annotator ssplit
2017-10-04 18:40:14,838 - downloading page success https://www.newsinlevels.com/products/london-kicks-out-uber-level-1
2017-10-04 18:40:14,838 - Adding annotator tokenize
2017-10-04 18:40:14,838 - Adding annotator ssplit
2017-10-04 18:40:14,885 - downloading page success https://www.newsinlevels.com/products/russian-statues-level-3
2017-10-04 18:40:14,900 - Adding annotator tokenize
2017-10-04 18:40:14,900 - Adding annotator ssplit
2017-10-04 18:40:16,369 - downloading page success https://www.newsinlevels.com/products/london-kicks-out-uber-level-2
2017-10-04 18:40:16,384 - Adding annotator tokenize
2017-10-04 18:40:16,384 - Adding annotator ssplit
2017-10-04 18:40:16,916 - downloading page success https://www.newsinlevels.com/products/london-kicks-out-uber-level-3
2017-10-04 18:40:16,931 - Adding annotator tokenize
2017-10-04 18:40:16,931 - Adding annotator ssplit
2017-10-04 18:40:17,025 - downloading page success https://www.newsinlevels.com/products/man-rides-a-bike-on-a-rope-level-1
2017-10-04 18:40:17,025 - Adding annotator tokenize
2017-10-04 18:40:17,025 - Adding annotator ssplit
2017-10-04 18:40:17,103 - downloading page success https://www.newsinlevels.com/products/man-rides-a-bike-on-a-rope-level-3
2017-10-04 18:40:17,103 - Adding annotator tokenize
2017-10-04 18:40:17,103 - Adding annotator ssplit
2017-10-04 18:40:17,547 - downloading page success https://www.newsinlevels.com/products/man-rides-a-bike-on-a-rope-level-2
2017-10-04 18:40:17,562 - Adding annotator tokenize
2017-10-04 18:40:17,562 - Adding annotator ssplit
2017-10-04 18:40:18,984 - downloading page success https://www.newsinlevels.com/products/people-in-germany-vote-level-1
2017-10-04 18:40:18,984 - Adding annotator tokenize
2017-10-04 18:40:18,984 - Adding annotator ssplit
2017-10-04 18:40:19,327 - downloading page success https://www.newsinlevels.com/products/people-in-germany-vote-level-2
2017-10-04 18:40:19,327 - Adding annotator tokenize
2017-10-04 18:40:19,327 - Adding annotator ssplit
2017-10-04 18:40:19,514 - downloading page success https://www.newsinlevels.com/products/people-in-germany-vote-level-3
2017-10-04 18:40:19,530 - Adding annotator tokenize
2017-10-04 18:40:19,530 - Adding annotator ssplit
2017-10-04 18:40:19,826 - downloading page success https://www.newsinlevels.com/products/john-lemon-level-1
2017-10-04 18:40:19,842 - Adding annotator tokenize
2017-10-04 18:40:19,842 - Adding annotator ssplit
2017-10-04 18:40:19,873 - downloading page success https://www.newsinlevels.com/products/john-lemon-level-2
2017-10-04 18:40:19,873 - Adding annotator tokenize
2017-10-04 18:40:19,873 - Adding annotator ssplit
2017-10-04 18:40:21,319 - downloading page success https://www.newsinlevels.com/products/john-lemon-level-3
2017-10-04 18:40:21,334 - Adding annotator tokenize
2017-10-04 18:40:21,334 - Adding annotator ssplit
2017-10-04 18:40:21,654 - downloading page success https://www.newsinlevels.com/page/2
2017-10-04 18:40:21,701 - downloading page success https://www.newsinlevels.com/page/3
2017-10-04 18:40:21,919 - downloading page success https://www.newsinlevels.com/page/4
2017-10-04 18:40:21,997 - downloading page success https://www.newsinlevels.com/page/5
2017-10-04 18:40:23,390 - downloading page success https://www.newsinlevels.com/page/6
2017-10-04 18:40:23,655 - downloading page success https://www.newsinlevels.com/page/171
2017-10-04 18:40:24,107 - downloading page success https://www.newsinlevels.com/products/the-powerful-earthquake-in-mexico-level-1
2017-10-04 18:40:24,107 - Adding annotator tokenize
2017-10-04 18:40:24,107 - Adding annotator ssplit
2017-10-04 18:40:24,217 - downloading page success https://www.newsinlevels.com/products/the-powerful-earthquake-in-mexico-level-3
2017-10-04 18:40:24,217 - Adding annotator tokenize
2017-10-04 18:40:24,217 - Adding annotator ssplit
2017-10-04 18:40:24,389 - downloading page success https://www.newsinlevels.com/products/the-powerful-earthquake-in-mexico-level-2
2017-10-04 18:40:24,405 - Adding annotator tokenize
2017-10-04 18:40:24,405 - Adding annotator ssplit
2017-10-04 18:40:25,375 - downloading page success https://www.newsinlevels.com/products/great-model-of-the-solar-system-level-1
2017-10-04 18:40:25,391 - Adding annotator tokenize
2017-10-04 18:40:25,391 - Adding annotator ssplit
2017-10-04 18:40:26,156 - downloading page success https://www.newsinlevels.com/products/great-model-of-the-solar-system-level-3
2017-10-04 18:40:26,172 - Adding annotator tokenize
2017-10-04 18:40:26,172 - Adding annotator ssplit
2017-10-04 18:40:26,187 - downloading page success https://www.newsinlevels.com/products/wildlife-photos-level-2
2017-10-04 18:40:26,187 - Adding annotator tokenize
2017-10-04 18:40:26,187 - Adding annotator ssplit
2017-10-04 18:40:26,296 - downloading page success https://www.newsinlevels.com/products/wildlife-photos-level-1
2017-10-04 18:40:26,296 - Adding annotator tokenize
2017-10-04 18:40:26,296 - Adding annotator ssplit
2017-10-04 18:40:26,468 - downloading page success https://www.newsinlevels.com/products/great-model-of-the-solar-system-level-2
2017-10-04 18:40:26,468 - Adding annotator tokenize
2017-10-04 18:40:26,468 - Adding annotator ssplit
2017-10-04 18:40:27,467 - downloading page success https://www.newsinlevels.com/products/wildlife-photos-level-3
2017-10-04 18:40:27,467 - Adding annotator tokenize
2017-10-04 18:40:27,467 - Adding annotator ssplit
2017-10-04 18:40:28,201 - downloading page success https://www.newsinlevels.com/products/tall-buildings-in-alexandria-level-1
2017-10-04 18:40:28,216 - Adding annotator tokenize
2017-10-04 18:40:28,216 - Adding annotator ssplit
2017-10-04 18:40:28,247 - downloading page success https://www.newsinlevels.com/products/russia-on-kim-and-trump-level-1
2017-10-04 18:40:28,247 - downloading page success https://www.newsinlevels.com/products/tall-buildings-in-alexandria-level-2
2017-10-04 18:40:28,247 - Adding annotator tokenize
2017-10-04 18:40:28,247 - Adding annotator ssplit
2017-10-04 18:40:28,247 - Adding annotator tokenize
2017-10-04 18:40:28,247 - Adding annotator ssplit
2017-10-04 18:40:28,294 - downloading page success https://www.newsinlevels.com/products/tall-buildings-in-alexandria-level-3
2017-10-04 18:40:28,310 - Adding annotator tokenize
2017-10-04 18:40:28,310 - Adding annotator ssplit
2017-10-04 18:40:29,843 - downloading page success https://www.newsinlevels.com/products/russia-on-kim-and-trump-level-2
2017-10-04 18:40:29,843 - Adding annotator tokenize
2017-10-04 18:40:29,843 - Adding annotator ssplit
2017-10-04 18:40:30,348 - downloading page success https://www.newsinlevels.com/products/special-calculator-level-1
2017-10-04 18:40:30,348 - Adding annotator tokenize
2017-10-04 18:40:30,348 - Adding annotator ssplit
2017-10-04 18:40:30,441 - downloading page success https://www.newsinlevels.com/products/special-calculator-level-2
2017-10-04 18:40:30,441 - Adding annotator tokenize
2017-10-04 18:40:30,457 - Adding annotator ssplit
2017-10-04 18:40:30,488 - downloading page success https://www.newsinlevels.com/products/special-calculator-level-3
2017-10-04 18:40:30,504 - Adding annotator tokenize
2017-10-04 18:40:30,504 - Adding annotator ssplit
2017-10-04 18:40:30,582 - downloading page success https://www.newsinlevels.com/products/russia-on-kim-and-trump-level-3
2017-10-04 18:40:30,582 - Adding annotator tokenize
2017-10-04 18:40:30,582 - Adding annotator ssplit
2017-10-04 18:40:32,597 - downloading page success https://www.newsinlevels.com/products/cassini-level-3
2017-10-04 18:40:32,613 - Adding annotator tokenize
2017-10-04 18:40:32,613 - Adding annotator ssplit
2017-10-04 18:40:32,628 - downloading page success https://www.newsinlevels.com/products/basquiat-and-banksy-level-1
2017-10-04 18:40:32,628 - Adding annotator tokenize
2017-10-04 18:40:32,628 - Adding annotator ssplit
2017-10-04 18:40:32,706 - downloading page success https://www.newsinlevels.com/products/cassini-level-2
2017-10-04 18:40:32,722 - Adding annotator tokenize
2017-10-04 18:40:32,722 - Adding annotator ssplit
2017-10-04 18:40:32,862 - downloading page success https://www.newsinlevels.com/products/cassini-level-1
2017-10-04 18:40:32,862 - Adding annotator tokenize
2017-10-04 18:40:32,862 - Adding annotator ssplit
2017-10-04 18:40:32,987 - downloading page success https://www.newsinlevels.com/products/basquiat-and-banksy-level-2
2017-10-04 18:40:33,003 - Adding annotator tokenize
2017-10-04 18:40:33,003 - Adding annotator ssplit
2017-10-04 18:40:34,817 - downloading page success https://www.newsinlevels.com/products/cryotherapy-level-1
2017-10-04 18:40:34,833 - Adding annotator tokenize
2017-10-04 18:40:34,833 - Adding annotator ssplit
2017-10-04 18:40:35,082 - downloading page success https://www.newsinlevels.com/products/cryotherapy-level-2
2017-10-04 18:40:35,082 - Adding annotator tokenize
2017-10-04 18:40:35,082 - Adding annotator ssplit
2017-10-04 18:40:35,395 - downloading page success https://www.newsinlevels.com/products/koala-rides-on-a-wheel-level-1
2017-10-04 18:40:35,395 - Adding annotator tokenize
2017-10-04 18:40:35,395 - Adding annotator ssplit
2017-10-04 18:40:35,427 - downloading page success https://www.newsinlevels.com/products/basquiat-and-banksy-level-3
2017-10-04 18:40:35,427 - Adding annotator tokenize
2017-10-04 18:40:35,427 - Adding annotator ssplit
2017-10-04 18:40:35,707 - downloading page success https://www.newsinlevels.com/products/cryotherapy-level-3
2017-10-04 18:40:35,723 - Adding annotator tokenize
2017-10-04 18:40:35,723 - Adding annotator ssplit
2017-10-04 18:40:36,909 - downloading page success https://www.newsinlevels.com/products/koala-rides-on-a-wheel-level-2
2017-10-04 18:40:36,924 - Adding annotator tokenize
2017-10-04 18:40:36,924 - Adding annotator ssplit
2017-10-04 18:40:37,096 - downloading page success https://www.newsinlevels.com/products/koala-rides-on-a-wheel-level-3
2017-10-04 18:40:37,111 - Adding annotator tokenize
2017-10-04 18:40:37,111 - Adding annotator ssplit
2017-10-04 18:40:37,470 - downloading page success https://www.newsinlevels.com/page/7
2017-10-04 18:40:37,501 - downloading page success https://www.newsinlevels.com/products/dwarf-festival-level-1
2017-10-04 18:40:37,501 - Adding annotator tokenize
2017-10-04 18:40:37,501 - Adding annotator ssplit
2017-10-04 18:40:37,767 - downloading page success https://www.newsinlevels.com/products/dwarf-festival-level-2
2017-10-04 18:40:37,782 - Adding annotator tokenize
2017-10-04 18:40:37,782 - Adding annotator ssplit
2017-10-04 18:40:39,499 - downloading page success https://www.newsinlevels.com/products/martin-shkreli-level-1
2017-10-04 18:40:39,515 - Adding annotator tokenize
2017-10-04 18:40:39,515 - Adding annotator ssplit
2017-10-04 18:40:39,608 - downloading page success https://www.newsinlevels.com/products/dwarf-festival-level-3
2017-10-04 18:40:39,608 - Adding annotator tokenize
2017-10-04 18:40:39,608 - Adding annotator ssplit
2017-10-04 18:40:39,780 - downloading page success https://www.newsinlevels.com/products/martin-shkreli-level-2
2017-10-04 18:40:39,780 - Adding annotator tokenize
2017-10-04 18:40:39,780 - Adding annotator ssplit
2017-10-04 18:40:39,920 - downloading page success https://www.newsinlevels.com/products/marine-life-in-danger-level-1
2017-10-04 18:40:39,920 - Adding annotator tokenize
2017-10-04 18:40:39,920 - Adding annotator ssplit
2017-10-04 18:40:40,281 - downloading page success https://www.newsinlevels.com/products/martin-shkreli-level-3
2017-10-04 18:40:40,297 - Adding annotator tokenize
2017-10-04 18:40:40,297 - Adding annotator ssplit
2017-10-04 18:40:41,545 - downloading page success https://www.newsinlevels.com/products/marine-life-in-danger-level-2
2017-10-04 18:40:41,560 - Adding annotator tokenize
2017-10-04 18:40:41,560 - Adding annotator ssplit
2017-10-04 18:40:41,623 - downloading page success https://www.newsinlevels.com/products/marine-life-in-danger-level-3
2017-10-04 18:40:41,623 - Adding annotator tokenize
2017-10-04 18:40:41,623 - Adding annotator ssplit
2017-10-04 18:40:41,841 - downloading page success https://www.newsinlevels.com/products/missile-system-in-south-korea-level-1
2017-10-04 18:40:41,857 - Adding annotator tokenize
2017-10-04 18:40:41,857 - Adding annotator ssplit
2017-10-04 18:40:42,278 - downloading page success https://www.newsinlevels.com/products/missile-system-in-south-korea-level-2
2017-10-04 18:40:42,293 - Adding annotator tokenize
2017-10-04 18:40:42,293 - Adding annotator ssplit
2017-10-04 18:40:42,340 - downloading page success https://www.newsinlevels.com/products/missile-system-in-south-korea-level-3
2017-10-04 18:40:42,356 - Adding annotator tokenize
2017-10-04 18:40:42,356 - Adding annotator ssplit
2017-10-04 18:40:43,639 - downloading page success https://www.newsinlevels.com/products/news-from-apple-level-1
2017-10-04 18:40:43,655 - Adding annotator tokenize
2017-10-04 18:40:43,655 - Adding annotator ssplit
2017-10-04 18:40:43,873 - downloading page success https://www.newsinlevels.com/products/news-from-apple-level-3
2017-10-04 18:40:43,889 - Adding annotator tokenize
2017-10-04 18:40:43,889 - Adding annotator ssplit
2017-10-04 18:40:43,983 - downloading page success https://www.newsinlevels.com/products/news-from-apple-level-2
2017-10-04 18:40:43,983 - Adding annotator tokenize
2017-10-04 18:40:43,983 - Adding annotator ssplit
2017-10-04 18:40:44,575 - downloading page success https://www.newsinlevels.com/products/pink-chocolate-level-2
2017-10-04 18:40:44,591 - Adding annotator tokenize
2017-10-04 18:40:44,591 - Adding annotator ssplit
2017-10-04 18:40:44,685 - downloading page success https://www.newsinlevels.com/products/pink-chocolate-level-1
2017-10-04 18:40:44,685 - Adding annotator tokenize
2017-10-04 18:40:44,685 - Adding annotator ssplit
2017-10-04 18:40:45,766 - downloading page success https://www.newsinlevels.com/products/pink-chocolate-level-3
2017-10-04 18:40:45,782 - Adding annotator tokenize
2017-10-04 18:40:45,782 - Adding annotator ssplit
2017-10-04 18:40:46,219 - downloading page success https://www.newsinlevels.com/products/people-in-levels-level-1
2017-10-04 18:40:46,234 - Adding annotator tokenize
2017-10-04 18:40:46,235 - Adding annotator ssplit
2017-10-04 18:40:46,385 - downloading page success https://www.newsinlevels.com/products/people-in-levels-level-2
2017-10-04 18:40:46,400 - Adding annotator tokenize
2017-10-04 18:40:46,400 - Adding annotator ssplit
2017-10-04 18:40:46,993 - downloading page success https://www.newsinlevels.com/products/people-in-levels-level-3
2017-10-04 18:40:47,009 - Adding annotator tokenize
2017-10-04 18:40:47,009 - Adding annotator ssplit
2017-10-04 18:40:47,165 - downloading page success https://www.newsinlevels.com/products/new-discovery-in-luxor-level-1
2017-10-04 18:40:47,180 - Adding annotator tokenize
2017-10-04 18:40:47,180 - Adding annotator ssplit
2017-10-04 18:40:48,180 - downloading page success https://www.newsinlevels.com/products/new-discovery-in-luxor-level-2
2017-10-04 18:40:48,180 - Adding annotator tokenize
2017-10-04 18:40:48,180 - Adding annotator ssplit
2017-10-04 18:40:48,432 - downloading page success https://www.newsinlevels.com/products/young-shark-in-sydney-level-1
2017-10-04 18:40:48,448 - Adding annotator tokenize
2017-10-04 18:40:48,448 - Adding annotator ssplit
2017-10-04 18:40:48,510 - downloading page success https://www.newsinlevels.com/products/new-discovery-in-luxor-level-3
2017-10-04 18:40:48,526 - Adding annotator tokenize
2017-10-04 18:40:48,526 - Adding annotator ssplit
2017-10-04 18:40:48,947 - downloading page success https://www.newsinlevels.com/products/young-shark-in-sydney-level-3
2017-10-04 18:40:48,963 - Adding annotator tokenize
2017-10-04 18:40:48,963 - Adding annotator ssplit
2017-10-04 18:40:49,166 - downloading page success https://www.newsinlevels.com/products/young-shark-in-sydney-level-2
2017-10-04 18:40:49,181 - Adding annotator tokenize
2017-10-04 18:40:49,181 - Adding annotator ssplit
2017-10-04 18:40:50,294 - downloading page success https://www.newsinlevels.com/products/underwater-scorpion-level-1
2017-10-04 18:40:50,309 - Adding annotator tokenize
2017-10-04 18:40:50,309 - Adding annotator ssplit
2017-10-04 18:40:51,230 - downloading page success https://www.newsinlevels.com/products/underwater-scorpion-level-2
2017-10-04 18:40:51,245 - Adding annotator tokenize
2017-10-04 18:40:51,245 - Adding annotator ssplit
2017-10-04 18:40:51,685 - downloading page success https://www.newsinlevels.com/products/underwater-scorpion-level-3
2017-10-04 18:40:51,701 - Adding annotator tokenize
2017-10-04 18:40:51,701 - Adding annotator ssplit
2017-10-04 18:40:51,997 - downloading page success https://www.newsinlevels.com/products/national-day-of-catalonia-level-1
2017-10-04 18:40:52,013 - Adding annotator tokenize
2017-10-04 18:40:52,013 - Adding annotator ssplit
2017-10-04 18:40:52,044 - downloading page success https://www.newsinlevels.com/page/8
2017-10-04 18:40:52,349 - downloading page success https://www.newsinlevels.com/products/national-day-of-catalonia-level-2
2017-10-04 18:40:52,349 - Adding annotator tokenize
2017-10-04 18:40:52,349 - Adding annotator ssplit
2017-10-04 18:40:53,312 - downloading page success https://www.newsinlevels.com/products/national-day-of-catalonia-level-3
2017-10-04 18:40:53,327 - Adding annotator tokenize
2017-10-04 18:40:53,327 - Adding annotator ssplit
2017-10-04 18:40:53,811 - downloading page success https://www.newsinlevels.com/products/earthquake-in-mexico-level-1
2017-10-04 18:40:53,811 - Adding annotator tokenize
2017-10-04 18:40:53,811 - Adding annotator ssplit
2017-10-04 18:40:53,998 - downloading page success https://www.newsinlevels.com/products/earthquake-in-mexico-level-2
2017-10-04 18:40:53,998 - Adding annotator tokenize
2017-10-04 18:40:53,998 - Adding annotator ssplit
2017-10-04 18:40:54,061 - downloading page success https://www.newsinlevels.com/products/earthquake-in-mexico-level-3
2017-10-04 18:40:54,061 - Adding annotator tokenize
2017-10-04 18:40:54,061 - Adding annotator ssplit
2017-10-04 18:40:54,404 - downloading page success https://www.newsinlevels.com/products/girl-donates-organs-level-1
2017-10-04 18:40:54,404 - Adding annotator tokenize
2017-10-04 18:40:54,404 - Adding annotator ssplit
2017-10-04 18:40:55,140 - downloading page success https://www.newsinlevels.com/products/girl-donates-organs-level-2
2017-10-04 18:40:55,140 - Adding annotator tokenize
2017-10-04 18:40:55,140 - Adding annotator ssplit
2017-10-04 18:40:55,890 - downloading page success https://www.newsinlevels.com/products/girl-donates-organs-level-3
2017-10-04 18:40:55,890 - Adding annotator tokenize
2017-10-04 18:40:55,890 - Adding annotator ssplit
2017-10-04 18:40:56,015 - downloading page success https://www.newsinlevels.com/products/very-wooly-sheep-level-1
2017-10-04 18:40:56,030 - Adding annotator tokenize
2017-10-04 18:40:56,030 - Adding annotator ssplit
2017-10-04 18:40:56,108 - downloading page success https://www.newsinlevels.com/products/very-wooly-sheep-level-2
2017-10-04 18:40:56,124 - Adding annotator tokenize
2017-10-04 18:40:56,124 - Adding annotator ssplit
2017-10-04 18:40:56,935 - downloading page success https://www.newsinlevels.com/products/very-wooly-sheep-level-3
2017-10-04 18:40:56,935 - Adding annotator tokenize
2017-10-04 18:40:56,935 - Adding annotator ssplit
2017-10-04 18:40:57,326 - downloading page success https://www.newsinlevels.com/products/air-show-in-moscow-level-1
2017-10-04 18:40:57,326 - Adding annotator tokenize
2017-10-04 18:40:57,326 - Adding annotator ssplit
2017-10-04 18:40:57,983 - downloading page success https://www.newsinlevels.com/products/air-show-in-moscow-level-2
2017-10-04 18:40:57,983 - Adding annotator tokenize
2017-10-04 18:40:57,983 - Adding annotator ssplit
2017-10-04 18:40:58,265 - downloading page success https://www.newsinlevels.com/products/hurricanes-near-america-level-1
2017-10-04 18:40:58,265 - Adding annotator tokenize
2017-10-04 18:40:58,265 - Adding annotator ssplit
2017-10-04 18:40:58,452 - downloading page success https://www.newsinlevels.com/products/air-show-in-moscow-level-3
2017-10-04 18:40:58,468 - Adding annotator tokenize
2017-10-04 18:40:58,468 - Adding annotator ssplit
2017-10-04 18:40:58,733 - downloading page success https://www.newsinlevels.com/products/hurricanes-near-america-level-2
2017-10-04 18:40:58,733 - Adding annotator tokenize
2017-10-04 18:40:58,733 - Adding annotator ssplit
2017-10-04 18:40:59,549 - downloading page success https://www.newsinlevels.com/products/hurricanes-near-america-level-3
2017-10-04 18:40:59,549 - Adding annotator tokenize
2017-10-04 18:40:59,549 - Adding annotator ssplit
2017-10-04 18:41:00,188 - downloading page success https://www.newsinlevels.com/products/safety-in-mecca-level-1
2017-10-04 18:41:00,188 - Adding annotator tokenize
2017-10-04 18:41:00,188 - Adding annotator ssplit
2017-10-04 18:41:00,284 - downloading page success https://www.newsinlevels.com/products/safety-in-mecca-level-2
2017-10-04 18:41:00,284 - Adding annotator tokenize
2017-10-04 18:41:00,284 - Adding annotator ssplit
2017-10-04 18:41:00,472 - downloading page success https://www.newsinlevels.com/products/safety-in-mecca-level-3
2017-10-04 18:41:00,472 - Adding annotator tokenize
2017-10-04 18:41:00,472 - Adding annotator ssplit
2017-10-04 18:41:00,737 - downloading page success https://www.newsinlevels.com/products/we-are-waiting-for-the-15-000th-user-level-1
2017-10-04 18:41:00,737 - Adding annotator tokenize
2017-10-04 18:41:00,737 - Adding annotator ssplit
2017-10-04 18:41:01,643 - downloading page success https://www.newsinlevels.com/products/we-are-waiting-for-the-15-000th-user-level-2
2017-10-04 18:41:01,658 - Adding annotator tokenize
2017-10-04 18:41:01,658 - Adding annotator ssplit
2017-10-04 18:41:02,298 - downloading page success https://www.newsinlevels.com/products/we-are-waiting-for-the-15-000th-user-level-3
2017-10-04 18:41:02,298 - Adding annotator tokenize
2017-10-04 18:41:02,298 - Adding annotator ssplit
2017-10-04 18:41:02,329 - downloading page success https://www.newsinlevels.com/products/panda-is-born-in-france-level-1
2017-10-04 18:41:02,345 - Adding annotator tokenize
2017-10-04 18:41:02,345 - Adding annotator ssplit
2017-10-04 18:41:02,516 - downloading page success https://www.newsinlevels.com/products/panda-is-born-in-france-level-3
2017-10-04 18:41:02,516 - Adding annotator tokenize
2017-10-04 18:41:02,516 - Adding annotator ssplit
2017-10-04 18:41:02,797 - downloading page success https://www.newsinlevels.com/products/panda-is-born-in-france-level-2
2017-10-04 18:41:02,797 - Adding annotator tokenize
2017-10-04 18:41:02,797 - Adding annotator ssplit
2017-10-04 18:41:03,500 - downloading page success https://www.newsinlevels.com/products/third-royal-baby-level-1
2017-10-04 18:41:03,500 - Adding annotator tokenize
2017-10-04 18:41:03,500 - Adding annotator ssplit
2017-10-04 18:41:04,317 - downloading page success https://www.newsinlevels.com/products/third-royal-baby-level-2
2017-10-04 18:41:04,333 - Adding annotator tokenize
2017-10-04 18:41:04,333 - Adding annotator ssplit
2017-10-04 18:41:04,333 - downloading page success https://www.newsinlevels.com/page/9
2017-10-04 18:41:04,411 - downloading page success https://www.newsinlevels.com/products/third-royal-baby-level-3
2017-10-04 18:41:04,411 - Adding annotator tokenize
2017-10-04 18:41:04,411 - Adding annotator ssplit
2017-10-04 18:41:04,848 - downloading page success https://www.newsinlevels.com/products/shark-and-a-seal-level-1
2017-10-04 18:41:04,863 - Adding annotator tokenize
2017-10-04 18:41:04,863 - Adding annotator ssplit
2017-10-04 18:41:05,581 - downloading page success https://www.newsinlevels.com/products/shark-and-a-seal-level-2
2017-10-04 18:41:05,596 - Adding annotator tokenize
2017-10-04 18:41:05,596 - Adding annotator ssplit
2017-10-04 18:41:06,673 - downloading page success https://www.newsinlevels.com/products/shark-and-a-seal-level-3
2017-10-04 18:41:06,689 - Adding annotator tokenize
2017-10-04 18:41:06,689 - Adding annotator ssplit
2017-10-04 18:41:06,907 - downloading page success https://www.newsinlevels.com/products/big-evacuation-in-germany-level-1
2017-10-04 18:41:06,923 - Adding annotator tokenize
2017-10-04 18:41:06,923 - Adding annotator ssplit
2017-10-04 18:41:07,172 - downloading page success https://www.newsinlevels.com/products/big-evacuation-in-germany-level-2
2017-10-04 18:41:07,172 - Adding annotator tokenize
2017-10-04 18:41:07,172 - Adding annotator ssplit
2017-10-04 18:41:07,552 - downloading page success https://www.newsinlevels.com/products/big-evacuation-in-germany-level-3
2017-10-04 18:41:07,567 - Adding annotator tokenize
2017-10-04 18:41:07,567 - Adding annotator ssplit
2017-10-04 18:41:08,145 - downloading page success https://www.newsinlevels.com/products/cambodias-bamboo-trains-level-1
2017-10-04 18:41:08,145 - Adding annotator tokenize
2017-10-04 18:41:08,145 - Adding annotator ssplit
2017-10-04 18:41:08,910 - downloading page success https://www.newsinlevels.com/products/cambodias-bamboo-trains-level-3
2017-10-04 18:41:08,926 - Adding annotator tokenize
2017-10-04 18:41:08,926 - Adding annotator ssplit
2017-10-04 18:41:09,004 - downloading page success https://www.newsinlevels.com/products/cambodias-bamboo-trains-level-2
2017-10-04 18:41:09,019 - Adding annotator tokenize
2017-10-04 18:41:09,019 - Adding annotator ssplit
2017-10-04 18:41:09,349 - downloading page success https://www.newsinlevels.com/products/diana-and-hiv-level-1
2017-10-04 18:41:09,349 - Adding annotator tokenize
2017-10-04 18:41:09,349 - Adding annotator ssplit
2017-10-04 18:41:09,695 - downloading page success https://www.newsinlevels.com/products/diana-and-hiv-level-2
2017-10-04 18:41:09,695 - Adding annotator tokenize
2017-10-04 18:41:09,695 - Adding annotator ssplit
2017-10-04 18:41:10,648 - downloading page success https://www.newsinlevels.com/products/diana-and-hiv-level-3
2017-10-04 18:41:10,648 - Adding annotator tokenize
2017-10-04 18:41:10,648 - Adding annotator ssplit
2017-10-04 18:41:11,256 - downloading page success https://www.newsinlevels.com/products/fast-longboard-ride-level-1
2017-10-04 18:41:11,256 - Adding annotator tokenize
2017-10-04 18:41:11,256 - Adding annotator ssplit
2017-10-04 18:41:11,474 - downloading page success https://www.newsinlevels.com/products/fast-longboard-ride-level-2
2017-10-04 18:41:11,474 - Adding annotator tokenize
2017-10-04 18:41:11,474 - Adding annotator ssplit
2017-10-04 18:41:11,802 - downloading page success https://www.newsinlevels.com/products/baby-tiger-level-1
2017-10-04 18:41:11,802 - Adding annotator tokenize
2017-10-04 18:41:11,802 - Adding annotator ssplit
2017-10-04 18:41:11,927 - downloading page success https://www.newsinlevels.com/products/fast-longboard-ride-level-3
2017-10-04 18:41:11,927 - Adding annotator tokenize
2017-10-04 18:41:11,927 - Adding annotator ssplit
