2017-10-16 21:20:04,614 - Starting ElearningApplication on Jacky with PID 4256 (C:\Users\Administrator\Desktop\elearning\target\classes started by Administrator in C:\Users\Administrator\Desktop\elearning)
2017-10-16 21:20:04,677 - No active profile set, falling back to default profiles: default
2017-10-16 21:20:05,020 - Refreshing org.springframework.boot.context.embedded.AnnotationConfigEmbeddedWebApplicationContext@424e1977: startup date [Mon Oct 16 21:20:05 CST 2017]; root of context hierarchy
2017-10-16 21:20:05,394 - HV000001: Hibernate Validator 5.3.5.Final
2017-10-16 21:20:11,198 - Tomcat initialized with port(s): 8080 (http)
2017-10-16 21:20:11,276 - Starting service [Tomcat]
2017-10-16 21:20:11,291 - Starting Servlet Engine: Apache Tomcat/8.5.16
2017-10-16 21:20:11,775 - Initializing Spring embedded WebApplicationContext
2017-10-16 21:20:11,775 - Root WebApplicationContext: initialization completed in 6755 ms
2017-10-16 21:20:12,056 - Mapping servlet: 'dispatcherServlet' to [/]
2017-10-16 21:20:12,071 - Mapping filter: 'characterEncodingFilter' to: [/*]
2017-10-16 21:20:12,071 - Mapping filter: 'hiddenHttpMethodFilter' to: [/*]
2017-10-16 21:20:12,071 - Mapping filter: 'httpPutFormContentFilter' to: [/*]
2017-10-16 21:20:12,071 - Mapping filter: 'requestContextFilter' to: [/*]
2017-10-16 21:20:13,756 - Building JPA container EntityManagerFactory for persistence unit 'default'
2017-10-16 21:20:13,803 - HHH000204: Processing PersistenceUnitInfo [
	name: default
	...]
2017-10-16 21:20:14,146 - HHH000412: Hibernate Core {5.0.12.Final}
2017-10-16 21:20:14,146 - HHH000206: hibernate.properties not found
2017-10-16 21:20:14,162 - HHH000021: Bytecode provider name : javassist
2017-10-16 21:20:14,427 - HCANN000001: Hibernate Commons Annotations {5.0.1.Final}
2017-10-16 21:20:15,051 - HHH000400: Using dialect: org.hibernate.dialect.MySQL5Dialect
2017-10-16 21:20:16,486 - Initialized JPA EntityManagerFactory for persistence unit 'default'
2017-10-16 21:20:18,264 - Looking for @ControllerAdvice: org.springframework.boot.context.embedded.AnnotationConfigEmbeddedWebApplicationContext@424e1977: startup date [Mon Oct 16 21:20:05 CST 2017]; root of context hierarchy
2017-10-16 21:20:18,420 - Mapped "{[/exam/insert],methods=[POST]}" onto public com.ican.elearning.VO.ResultVO<com.ican.elearning.dto.ExamDTO> com.ican.elearning.controller.ExamController.insert(com.ican.elearning.form.ExamForm)
2017-10-16 21:20:18,420 - Mapped "{[/exam/autoGenerateExam],methods=[GET]}" onto public com.ican.elearning.VO.ResultVO<com.ican.elearning.dto.ExamDTO> com.ican.elearning.controller.ExamController.autoGenerateExam(java.lang.String)
2017-10-16 21:20:18,420 - Mapped "{[/paragraph/delete],methods=[GET]}" onto public com.ican.elearning.VO.ResultVO<com.ican.elearning.dataobject.Paragraph> com.ican.elearning.controller.ParagraphController.delete(java.lang.Integer)
2017-10-16 21:20:18,420 - Mapped "{[/paragraph/list],methods=[GET]}" onto public com.ican.elearning.VO.ResultVO<java.util.List<com.ican.elearning.dataobject.Paragraph>> com.ican.elearning.controller.ParagraphController.list(java.lang.String,java.lang.Integer,java.lang.Integer)
2017-10-16 21:20:18,420 - Mapped "{[/paragraph/insert],methods=[POST]}" onto public com.ican.elearning.VO.ResultVO<com.ican.elearning.dataobject.Paragraph> com.ican.elearning.controller.ParagraphController.insert(com.ican.elearning.form.ParagraphForm,org.springframework.validation.BindingResult)
2017-10-16 21:20:18,420 - Mapped "{[/question/insert],methods=[POST]}" onto public com.ican.elearning.VO.ResultVO<com.ican.elearning.dataobject.Question> com.ican.elearning.controller.QuestionController.insert(com.ican.elearning.form.QuestionForm,org.springframework.validation.BindingResult)
2017-10-16 21:20:18,420 - Mapped "{[/question/autoGenerated],methods=[POST]}" onto public com.ican.elearning.VO.ResultVO<com.ican.elearning.dataobject.Question> com.ican.elearning.controller.QuestionController.autoGenerated(com.ican.elearning.form.ParagraphForm,org.springframework.validation.BindingResult)
2017-10-16 21:20:18,420 - Mapped "{[/question/autoGenerate],methods=[GET]}" onto public com.ican.elearning.VO.ResultVO<com.ican.elearning.dataobject.Question> com.ican.elearning.controller.QuestionController.autoGenerated2()
2017-10-16 21:20:18,420 - Mapped "{[/file/delete],methods=[POST]}" onto public com.ican.elearning.VO.ResultVO<com.ican.elearning.dataobject.LessonPlan> com.ican.elearning.controller.UploadController.delete(java.lang.Integer)
2017-10-16 21:20:18,420 - Mapped "{[/file/files/{filename:.+}],methods=[GET]}" onto public org.springframework.http.ResponseEntity<org.springframework.core.io.Resource> com.ican.elearning.controller.UploadController.getFile(java.lang.String)
2017-10-16 21:20:18,420 - Mapped "{[/file/getfiles],methods=[GET]}" onto public com.ican.elearning.VO.ResultVO<com.ican.elearning.dataobject.LessonPlan> com.ican.elearning.controller.UploadController.getListFile(java.lang.String,java.lang.Integer,java.lang.Integer)
2017-10-16 21:20:18,420 - Mapped "{[/file/],methods=[POST]}" onto public com.ican.elearning.VO.ResultVO<com.ican.elearning.dataobject.LessonPlan> com.ican.elearning.controller.UploadController.handleFileUpload(org.springframework.web.multipart.MultipartFile,java.lang.String,java.lang.String,java.lang.String,java.lang.String)
2017-10-16 21:20:18,420 - Mapped "{[/auth/register],methods=[POST]}" onto public com.ican.elearning.VO.ResultVO<com.ican.elearning.dataobject.User> com.ican.elearning.controller.UserController.register(com.ican.elearning.form.UserForm,org.springframework.validation.BindingResult)
2017-10-16 21:20:18,420 - Mapped "{[/auth/login],methods=[POST]}" onto public com.ican.elearning.VO.ResultVO<com.ican.elearning.dataobject.User> com.ican.elearning.controller.UserController.login(java.lang.String,java.lang.String)
2017-10-16 21:20:18,436 - Mapped "{[/word/delete],methods=[GET]}" onto public com.ican.elearning.VO.ResultVO<com.ican.elearning.dataobject.Word> com.ican.elearning.controller.WordController.delete(java.lang.Integer)
2017-10-16 21:20:18,436 - Mapped "{[/word/list],methods=[GET]}" onto public com.ican.elearning.VO.ResultVO<java.util.List<com.ican.elearning.dataobject.Word>> com.ican.elearning.controller.WordController.list(java.lang.String,java.lang.Integer,java.lang.Integer)
2017-10-16 21:20:18,436 - Mapped "{[/word/insert],methods=[POST]}" onto public com.ican.elearning.VO.ResultVO<com.ican.elearning.dataobject.Word> com.ican.elearning.controller.WordController.insert(com.ican.elearning.form.WordForm,org.springframework.validation.BindingResult)
2017-10-16 21:20:18,436 - Mapped "{[/word/pie],methods=[GET]}" onto public com.ican.elearning.VO.ResultVO<java.util.Map<java.lang.String, java.lang.Integer>> com.ican.elearning.controller.WordController.pie()
2017-10-16 21:20:18,436 - Mapped "{[/error]}" onto public org.springframework.http.ResponseEntity<java.util.Map<java.lang.String, java.lang.Object>> org.springframework.boot.autoconfigure.web.BasicErrorController.error(javax.servlet.http.HttpServletRequest)
2017-10-16 21:20:18,436 - Mapped "{[/error],produces=[text/html]}" onto public org.springframework.web.servlet.ModelAndView org.springframework.boot.autoconfigure.web.BasicErrorController.errorHtml(javax.servlet.http.HttpServletRequest,javax.servlet.http.HttpServletResponse)
2017-10-16 21:20:18,467 - Mapped URL path [/webjars/**] onto handler of type [class org.springframework.web.servlet.resource.ResourceHttpRequestHandler]
2017-10-16 21:20:18,467 - Mapped URL path [/**] onto handler of type [class org.springframework.web.servlet.resource.ResourceHttpRequestHandler]
2017-10-16 21:20:18,639 - Mapped URL path [/**/favicon.ico] onto handler of type [class org.springframework.web.servlet.resource.ResourceHttpRequestHandler]
2017-10-16 21:20:18,701 - Adding welcome page: class path resource [static/index.html]
2017-10-16 21:20:19,107 - Registering beans for JMX exposure on startup
2017-10-16 21:20:19,138 - No TaskScheduler/ScheduledExecutorService bean found for scheduled processing
2017-10-16 21:20:19,200 - Initializing ProtocolHandler ["http-nio-8080"]
2017-10-16 21:20:19,278 - Starting ProtocolHandler ["http-nio-8080"]
2017-10-16 21:20:19,294 - Using a shared selector for servlet write/read
2017-10-16 21:20:19,372 - Tomcat started on port(s): 8080 (http)
2017-10-16 21:20:19,388 - Started ElearningApplication in 17.535 seconds (JVM running for 32.104)
2017-10-16 21:23:10,648 - Initializing Spring FrameworkServlet 'dispatcherServlet'
2017-10-16 21:23:10,650 - FrameworkServlet 'dispatcherServlet': initialization started
2017-10-16 21:23:10,680 - FrameworkServlet 'dispatcherServlet': initialization completed in 30 ms
2017-10-16 21:23:10,833 - HHH000397: Using ASTQueryTranslatorFactory
2017-10-16 21:38:52,015 - Adding annotator tokenize
2017-10-16 21:38:52,025 - No tokenizer type provided. Defaulting to PTBTokenizer.
2017-10-16 21:38:52,035 - Adding annotator ssplit
2017-10-16 21:38:52,040 - Adding annotator pos
2017-10-16 21:38:54,177 - Loading POS tagger from edu/stanford/nlp/models/pos-tagger/english-left3words/english-left3words-distsim.tagger ... done [2.1 sec].
2017-10-16 21:38:54,177 - Adding annotator lemma
2017-10-16 21:38:54,372 - Adding annotator tokenize
2017-10-16 21:38:54,372 - Adding annotator ssplit
2017-10-16 21:38:54,372 - Adding annotator pos
2017-10-16 21:38:54,372 - Adding annotator lemma
2017-10-16 21:38:54,380 - Adding annotator tokenize
2017-10-16 21:38:54,380 - Adding annotator ssplit
2017-10-16 21:38:54,380 - Adding annotator pos
2017-10-16 21:38:54,380 - Adding annotator lemma
2017-10-16 21:38:54,385 - Adding annotator tokenize
2017-10-16 21:38:54,387 - Adding annotator ssplit
2017-10-16 21:38:54,387 - Adding annotator pos
2017-10-16 21:38:54,387 - Adding annotator lemma
2017-10-16 21:38:54,395 - Adding annotator tokenize
2017-10-16 21:38:54,395 - Adding annotator ssplit
2017-10-16 21:38:54,395 - Adding annotator pos
2017-10-16 21:38:54,395 - Adding annotator lemma
2017-10-16 21:38:54,402 - Adding annotator tokenize
2017-10-16 21:38:54,405 - Adding annotator ssplit
2017-10-16 21:38:54,405 - Adding annotator pos
2017-10-16 21:38:54,405 - Adding annotator lemma
2017-10-16 21:38:54,425 - Adding annotator tokenize
2017-10-16 21:38:54,425 - Adding annotator ssplit
2017-10-16 21:38:54,425 - Adding annotator pos
2017-10-16 21:38:54,425 - Adding annotator lemma
2017-10-16 21:38:54,437 - Adding annotator tokenize
2017-10-16 21:38:54,437 - Adding annotator ssplit
2017-10-16 21:38:54,437 - Adding annotator pos
2017-10-16 21:38:54,437 - Adding annotator lemma
2017-10-16 21:38:54,445 - Adding annotator tokenize
2017-10-16 21:38:54,445 - Adding annotator ssplit
2017-10-16 21:38:54,445 - Adding annotator pos
2017-10-16 21:38:54,445 - Adding annotator lemma
2017-10-16 21:38:54,450 - Adding annotator tokenize
2017-10-16 21:38:54,452 - Adding annotator ssplit
2017-10-16 21:38:54,452 - Adding annotator pos
2017-10-16 21:38:54,452 - Adding annotator lemma
2017-10-16 21:38:54,460 - Adding annotator tokenize
2017-10-16 21:38:54,460 - Adding annotator ssplit
2017-10-16 21:38:54,460 - Adding annotator pos
2017-10-16 21:38:54,460 - Adding annotator lemma
2017-10-16 21:38:54,475 - Adding annotator tokenize
2017-10-16 21:38:54,475 - Adding annotator ssplit
2017-10-16 21:38:54,475 - Adding annotator pos
2017-10-16 21:38:54,475 - Adding annotator lemma
2017-10-16 21:38:54,487 - Adding annotator tokenize
2017-10-16 21:38:54,487 - Adding annotator ssplit
2017-10-16 21:38:54,487 - Adding annotator pos
2017-10-16 21:38:54,487 - Adding annotator lemma
2017-10-16 21:44:38,556 - Adding annotator tokenize
2017-10-16 21:44:38,556 - Adding annotator ssplit
2017-10-16 21:44:38,556 - Adding annotator pos
2017-10-16 21:44:38,556 - Adding annotator lemma
2017-10-16 21:44:38,558 - Adding annotator tokenize
2017-10-16 21:44:38,558 - Adding annotator ssplit
2017-10-16 21:44:38,736 - Adding annotator tokenize
2017-10-16 21:44:38,736 - Adding annotator ssplit
2017-10-16 21:44:38,736 - Adding annotator pos
2017-10-16 21:44:38,736 - Adding annotator lemma
