2018-01-05 16:48:45,908 - Starting ElearningApplication on guojiede-MBP with PID 4863 (/Users/guojie/GitHub/elearning/target/classes started by guojie in /Users/guojie/GitHub/elearning)
2018-01-05 16:48:45,917 - No active profile set, falling back to default profiles: default
2018-01-05 16:48:46,091 - Refreshing org.springframework.boot.context.embedded.AnnotationConfigEmbeddedWebApplicationContext@57250572: startup date [Fri Jan 05 16:48:46 CST 2018]; root of context hierarchy
2018-01-05 16:48:46,204 - HV000001: Hibernate Validator 5.3.5.Final
2018-01-05 16:48:48,709 - Tomcat initialized with port(s): 8080 (http)
2018-01-05 16:48:48,743 - Starting service [Tomcat]
2018-01-05 16:48:48,745 - Starting Servlet Engine: Apache Tomcat/8.5.16
2018-01-05 16:48:48,873 - Initializing Spring embedded WebApplicationContext
2018-01-05 16:48:48,874 - Root WebApplicationContext: initialization completed in 2783 ms
2018-01-05 16:48:49,078 - Mapping servlet: 'dispatcherServlet' to [/]
2018-01-05 16:48:49,087 - Mapping filter: 'characterEncodingFilter' to: [/*]
2018-01-05 16:48:49,088 - Mapping filter: 'hiddenHttpMethodFilter' to: [/*]
2018-01-05 16:48:49,088 - Mapping filter: 'httpPutFormContentFilter' to: [/*]
2018-01-05 16:48:49,088 - Mapping filter: 'requestContextFilter' to: [/*]
2018-01-05 16:48:49,866 - Building JPA container EntityManagerFactory for persistence unit 'default'
2018-01-05 16:48:49,880 - HHH000204: Processing PersistenceUnitInfo [
	name: default
	...]
2018-01-05 16:48:50,008 - HHH000412: Hibernate Core {5.0.12.Final}
2018-01-05 16:48:50,010 - HHH000206: hibernate.properties not found
2018-01-05 16:48:50,011 - HHH000021: Bytecode provider name : javassist
2018-01-05 16:48:50,068 - HCANN000001: Hibernate Commons Annotations {5.0.1.Final}
2018-01-05 16:48:50,243 - HHH000400: Using dialect: org.hibernate.dialect.MySQL5Dialect
2018-01-05 16:48:51,016 - Initialized JPA EntityManagerFactory for persistence unit 'default'
2018-01-05 16:48:53,486 - Looking for @ControllerAdvice: org.springframework.boot.context.embedded.AnnotationConfigEmbeddedWebApplicationContext@57250572: startup date [Fri Jan 05 16:48:46 CST 2018]; root of context hierarchy
2018-01-05 16:48:53,573 - Mapped "{[/exam/insert],methods=[POST]}" onto public com.ican.elearning.VO.ResultVO<com.ican.elearning.dto.ExamDTO> com.ican.elearning.controller.ExamController.insert(com.ican.elearning.form.ExamForm)
2018-01-05 16:48:53,576 - Mapped "{[/exam/autoGenerateExam],methods=[GET]}" onto public com.ican.elearning.VO.ResultVO<com.ican.elearning.dto.ExamDTO> com.ican.elearning.controller.ExamController.autoGenerateExam(java.lang.String,java.lang.Integer)
2018-01-05 16:48:53,579 - Mapped "{[/paragraph/delete],methods=[DELETE]}" onto public com.ican.elearning.VO.ResultVO<com.ican.elearning.dataobject.Paragraph> com.ican.elearning.controller.ParagraphController.delete(java.lang.Integer)
2018-01-05 16:48:53,580 - Mapped "{[/paragraph/list],methods=[GET]}" onto public com.ican.elearning.VO.ResultVO<java.util.List<com.ican.elearning.dataobject.Paragraph>> com.ican.elearning.controller.ParagraphController.list(java.lang.String,java.lang.Integer,java.lang.Integer)
2018-01-05 16:48:53,580 - Mapped "{[/paragraph/insert],methods=[POST]}" onto public com.ican.elearning.VO.ResultVO<com.ican.elearning.dataobject.Paragraph> com.ican.elearning.controller.ParagraphController.insert(com.ican.elearning.form.ParagraphForm,org.springframework.validation.BindingResult)
2018-01-05 16:48:53,583 - Mapped "{[/question/list],methods=[GET]}" onto public com.ican.elearning.VO.ResultVO<java.util.List<com.ican.elearning.dataobject.Question>> com.ican.elearning.controller.QuestionController.list(java.lang.String,java.lang.Integer,java.lang.Integer)
2018-01-05 16:48:53,584 - Mapped "{[/question/insert],methods=[POST]}" onto public com.ican.elearning.VO.ResultVO<com.ican.elearning.dataobject.Question> com.ican.elearning.controller.QuestionController.insert(com.ican.elearning.form.QuestionForm,org.springframework.validation.BindingResult)
2018-01-05 16:48:53,585 - Mapped "{[/question/findOne],methods=[GET]}" onto public com.ican.elearning.VO.ResultVO<com.ican.elearning.dto.QuestionDTO> com.ican.elearning.controller.QuestionController.findOne(java.lang.Integer)
2018-01-05 16:48:53,586 - Mapped "{[/question/autoGenerated],methods=[POST]}" onto public com.ican.elearning.VO.ResultVO<com.ican.elearning.dataobject.Question> com.ican.elearning.controller.QuestionController.autoGenerated(com.ican.elearning.form.ParagraphForm,org.springframework.validation.BindingResult)
2018-01-05 16:48:53,588 - Mapped "{[/file/delete],methods=[POST]}" onto public com.ican.elearning.VO.ResultVO<com.ican.elearning.dataobject.LessonPlan> com.ican.elearning.controller.UploadController.delete(java.lang.Integer)
2018-01-05 16:48:53,589 - Mapped "{[/file/files/{filename:.+}],methods=[GET]}" onto public org.springframework.http.ResponseEntity<org.springframework.core.io.Resource> com.ican.elearning.controller.UploadController.getFile(java.lang.String)
2018-01-05 16:48:53,590 - Mapped "{[/file/],methods=[POST]}" onto public com.ican.elearning.VO.ResultVO<com.ican.elearning.dataobject.LessonPlan> com.ican.elearning.controller.UploadController.handleFileUpload(org.springframework.web.multipart.MultipartFile,java.lang.String,java.lang.String,java.lang.String,java.lang.String)
2018-01-05 16:48:53,591 - Mapped "{[/file/getfiles],methods=[GET]}" onto public com.ican.elearning.VO.ResultVO<com.ican.elearning.dataobject.LessonPlan> com.ican.elearning.controller.UploadController.getListFile(java.lang.String,java.lang.Integer,java.lang.Integer)
2018-01-05 16:48:53,593 - Mapped "{[/auth/register],methods=[POST]}" onto public com.ican.elearning.VO.ResultVO<com.ican.elearning.dataobject.User> com.ican.elearning.controller.UserController.register(com.ican.elearning.form.UserForm,org.springframework.validation.BindingResult)
2018-01-05 16:48:53,594 - Mapped "{[/auth/login],methods=[POST]}" onto public com.ican.elearning.VO.ResultVO<com.ican.elearning.dataobject.User> com.ican.elearning.controller.UserController.login(java.lang.String,java.lang.String)
2018-01-05 16:48:53,597 - Mapped "{[/word/delete],methods=[DELETE]}" onto public com.ican.elearning.VO.ResultVO<com.ican.elearning.dataobject.Word> com.ican.elearning.controller.WordController.delete(java.lang.Integer)
2018-01-05 16:48:53,600 - Mapped "{[/word/list],methods=[GET]}" onto public com.ican.elearning.VO.ResultVO<java.util.List<com.ican.elearning.dataobject.Word>> com.ican.elearning.controller.WordController.list(java.lang.String,java.lang.Integer,java.lang.Integer)
2018-01-05 16:48:53,601 - Mapped "{[/word/insert],methods=[POST]}" onto public com.ican.elearning.VO.ResultVO<com.ican.elearning.dataobject.Word> com.ican.elearning.controller.WordController.insert(com.ican.elearning.form.WordForm,org.springframework.validation.BindingResult)
2018-01-05 16:48:53,602 - Mapped "{[/word/pie],methods=[GET]}" onto public com.ican.elearning.VO.ResultVO<java.util.Map<java.lang.String, java.lang.Integer>> com.ican.elearning.controller.WordController.pie()
2018-01-05 16:48:53,605 - Mapped "{[/error]}" onto public org.springframework.http.ResponseEntity<java.util.Map<java.lang.String, java.lang.Object>> org.springframework.boot.autoconfigure.web.BasicErrorController.error(javax.servlet.http.HttpServletRequest)
2018-01-05 16:48:53,606 - Mapped "{[/error],produces=[text/html]}" onto public org.springframework.web.servlet.ModelAndView org.springframework.boot.autoconfigure.web.BasicErrorController.errorHtml(javax.servlet.http.HttpServletRequest,javax.servlet.http.HttpServletResponse)
2018-01-05 16:48:53,688 - Mapped URL path [/webjars/**] onto handler of type [class org.springframework.web.servlet.resource.ResourceHttpRequestHandler]
2018-01-05 16:48:53,688 - Mapped URL path [/**] onto handler of type [class org.springframework.web.servlet.resource.ResourceHttpRequestHandler]
2018-01-05 16:48:53,824 - Mapped URL path [/**/favicon.ico] onto handler of type [class org.springframework.web.servlet.resource.ResourceHttpRequestHandler]
2018-01-05 16:48:53,852 - Adding welcome page: class path resource [static/index.html]
2018-01-05 16:48:54,285 - Registering beans for JMX exposure on startup
2018-01-05 16:48:54,311 - No TaskScheduler/ScheduledExecutorService bean found for scheduled processing
2018-01-05 16:48:54,328 - Initializing ProtocolHandler ["http-nio-8080"]
2018-01-05 16:48:54,347 - Starting ProtocolHandler ["http-nio-8080"]
2018-01-05 16:48:54,378 - Using a shared selector for servlet write/read
2018-01-05 16:48:54,403 - Tomcat started on port(s): 8080 (http)
2018-01-05 16:48:54,412 - Started ElearningApplication in 9.505 seconds (JVM running for 11.193)
2018-01-05 16:48:56,676 - Initializing Spring FrameworkServlet 'dispatcherServlet'
2018-01-05 16:48:56,676 - FrameworkServlet 'dispatcherServlet': initialization started
2018-01-05 16:48:56,716 - FrameworkServlet 'dispatcherServlet': initialization completed in 39 ms
2018-01-05 16:48:56,810 - HHH000397: Using ASTQueryTranslatorFactory
2018-01-05 19:19:50,483 - Closing org.springframework.boot.context.embedded.AnnotationConfigEmbeddedWebApplicationContext@57250572: startup date [Fri Jan 05 16:48:46 CST 2018]; root of context hierarchy
2018-01-05 19:19:50,485 - Unregistering JMX-exposed beans on shutdown
2018-01-05 19:19:50,489 - Closing JPA EntityManagerFactory for persistence unit 'default'
