2017-10-20 15:27:03,146 - Closing org.springframework.boot.context.embedded.AnnotationConfigEmbeddedWebApplicationContext@57250572: startup date [Thu Oct 19 15:26:47 CST 2017]; root of context hierarchy
2017-10-20 15:27:03,166 - Unregistering JMX-exposed beans on shutdown
2017-10-20 15:27:03,169 - Closing JPA EntityManagerFactory for persistence unit 'default'
2017-10-20 15:27:11,811 - Starting ElearningApplication on guojiede-MBP with PID 3533 (/Users/guojie/GitHub/elearning/target/classes started by guojie in /Users/guojie/GitHub/elearning)
2017-10-20 15:27:11,815 - No active profile set, falling back to default profiles: default
2017-10-20 15:27:11,920 - Refreshing org.springframework.boot.context.embedded.AnnotationConfigEmbeddedWebApplicationContext@57250572: startup date [Fri Oct 20 15:27:11 CST 2017]; root of context hierarchy
2017-10-20 15:27:12,111 - HV000001: Hibernate Validator 5.3.5.Final
2017-10-20 15:27:14,914 - Tomcat initialized with port(s): 8080 (http)
2017-10-20 15:27:14,945 - Starting service [Tomcat]
2017-10-20 15:27:14,947 - Starting Servlet Engine: Apache Tomcat/8.5.16
2017-10-20 15:27:15,086 - Initializing Spring embedded WebApplicationContext
2017-10-20 15:27:15,086 - Root WebApplicationContext: initialization completed in 3166 ms
2017-10-20 15:27:15,298 - Mapping servlet: 'dispatcherServlet' to [/]
2017-10-20 15:27:15,307 - Mapping filter: 'characterEncodingFilter' to: [/*]
2017-10-20 15:27:15,308 - Mapping filter: 'hiddenHttpMethodFilter' to: [/*]
2017-10-20 15:27:15,308 - Mapping filter: 'httpPutFormContentFilter' to: [/*]
2017-10-20 15:27:15,308 - Mapping filter: 'requestContextFilter' to: [/*]
2017-10-20 15:27:16,312 - Building JPA container EntityManagerFactory for persistence unit 'default'
2017-10-20 15:27:16,333 - HHH000204: Processing PersistenceUnitInfo [
	name: default
	...]
2017-10-20 15:27:16,461 - HHH000412: Hibernate Core {5.0.12.Final}
2017-10-20 15:27:16,463 - HHH000206: hibernate.properties not found
2017-10-20 15:27:16,465 - HHH000021: Bytecode provider name : javassist
2017-10-20 15:27:16,525 - HCANN000001: Hibernate Commons Annotations {5.0.1.Final}
2017-10-20 15:27:16,781 - HHH000400: Using dialect: org.hibernate.dialect.MySQL5Dialect
2017-10-20 15:27:17,867 - Initialized JPA EntityManagerFactory for persistence unit 'default'
2017-10-20 15:27:18,784 - Looking for @ControllerAdvice: org.springframework.boot.context.embedded.AnnotationConfigEmbeddedWebApplicationContext@57250572: startup date [Fri Oct 20 15:27:11 CST 2017]; root of context hierarchy
2017-10-20 15:27:18,885 - Mapped "{[/exam/insert],methods=[POST]}" onto public com.ican.elearning.VO.ResultVO<com.ican.elearning.dto.ExamDTO> com.ican.elearning.controller.ExamController.insert(com.ican.elearning.form.ExamForm)
2017-10-20 15:27:18,888 - Mapped "{[/exam/autoGenerateExam],methods=[GET]}" onto public com.ican.elearning.VO.ResultVO<com.ican.elearning.dto.ExamDTO> com.ican.elearning.controller.ExamController.autoGenerateExam(java.lang.String)
2017-10-20 15:27:18,891 - Mapped "{[/paragraph/delete],methods=[GET]}" onto public com.ican.elearning.VO.ResultVO<com.ican.elearning.dataobject.Paragraph> com.ican.elearning.controller.ParagraphController.delete(java.lang.Integer)
2017-10-20 15:27:18,891 - Mapped "{[/paragraph/list],methods=[GET]}" onto public com.ican.elearning.VO.ResultVO<java.util.List<com.ican.elearning.dataobject.Paragraph>> com.ican.elearning.controller.ParagraphController.list(java.lang.String,java.lang.Integer,java.lang.Integer)
2017-10-20 15:27:18,892 - Mapped "{[/paragraph/insert],methods=[POST]}" onto public com.ican.elearning.VO.ResultVO<com.ican.elearning.dataobject.Paragraph> com.ican.elearning.controller.ParagraphController.insert(com.ican.elearning.form.ParagraphForm,org.springframework.validation.BindingResult)
2017-10-20 15:27:18,893 - Mapped "{[/question/insert],methods=[POST]}" onto public com.ican.elearning.VO.ResultVO<com.ican.elearning.dataobject.Question> com.ican.elearning.controller.QuestionController.insert(com.ican.elearning.form.QuestionForm,org.springframework.validation.BindingResult)
2017-10-20 15:27:18,894 - Mapped "{[/question/autoGenerated],methods=[POST]}" onto public com.ican.elearning.VO.ResultVO<com.ican.elearning.dataobject.Question> com.ican.elearning.controller.QuestionController.autoGenerated(com.ican.elearning.form.ParagraphForm,org.springframework.validation.BindingResult)
2017-10-20 15:27:18,894 - Mapped "{[/question/autoGenerate],methods=[GET]}" onto public com.ican.elearning.VO.ResultVO<com.ican.elearning.dataobject.Question> com.ican.elearning.controller.QuestionController.autoGenerated2()
2017-10-20 15:27:18,896 - Mapped "{[/file/delete],methods=[POST]}" onto public com.ican.elearning.VO.ResultVO<com.ican.elearning.dataobject.LessonPlan> com.ican.elearning.controller.UploadController.delete(java.lang.Integer)
2017-10-20 15:27:18,897 - Mapped "{[/file/files/{filename:.+}],methods=[GET]}" onto public org.springframework.http.ResponseEntity<org.springframework.core.io.Resource> com.ican.elearning.controller.UploadController.getFile(java.lang.String)
2017-10-20 15:27:18,898 - Mapped "{[/file/],methods=[POST]}" onto public com.ican.elearning.VO.ResultVO<com.ican.elearning.dataobject.LessonPlan> com.ican.elearning.controller.UploadController.handleFileUpload(org.springframework.web.multipart.MultipartFile,java.lang.String,java.lang.String,java.lang.String,java.lang.String)
2017-10-20 15:27:18,899 - Mapped "{[/file/getfiles],methods=[GET]}" onto public com.ican.elearning.VO.ResultVO<com.ican.elearning.dataobject.LessonPlan> com.ican.elearning.controller.UploadController.getListFile(java.lang.String,java.lang.Integer,java.lang.Integer)
2017-10-20 15:27:18,901 - Mapped "{[/auth/register],methods=[POST]}" onto public com.ican.elearning.VO.ResultVO<com.ican.elearning.dataobject.User> com.ican.elearning.controller.UserController.register(com.ican.elearning.form.UserForm,org.springframework.validation.BindingResult)
2017-10-20 15:27:18,902 - Mapped "{[/auth/login],methods=[POST]}" onto public com.ican.elearning.VO.ResultVO<com.ican.elearning.dataobject.User> com.ican.elearning.controller.UserController.login(java.lang.String,java.lang.String)
2017-10-20 15:27:18,905 - Mapped "{[/word/delete],methods=[GET]}" onto public com.ican.elearning.VO.ResultVO<com.ican.elearning.dataobject.Word> com.ican.elearning.controller.WordController.delete(java.lang.Integer)
2017-10-20 15:27:18,906 - Mapped "{[/word/list],methods=[GET]}" onto public com.ican.elearning.VO.ResultVO<java.util.List<com.ican.elearning.dataobject.Word>> com.ican.elearning.controller.WordController.list(java.lang.String,java.lang.Integer,java.lang.Integer)
2017-10-20 15:27:18,909 - Mapped "{[/word/insert],methods=[POST]}" onto public com.ican.elearning.VO.ResultVO<com.ican.elearning.dataobject.Word> com.ican.elearning.controller.WordController.insert(com.ican.elearning.form.WordForm,org.springframework.validation.BindingResult)
2017-10-20 15:27:18,910 - Mapped "{[/word/pie],methods=[GET]}" onto public com.ican.elearning.VO.ResultVO<java.util.Map<java.lang.String, java.lang.Integer>> com.ican.elearning.controller.WordController.pie()
2017-10-20 15:27:18,912 - Mapped "{[/error]}" onto public org.springframework.http.ResponseEntity<java.util.Map<java.lang.String, java.lang.Object>> org.springframework.boot.autoconfigure.web.BasicErrorController.error(javax.servlet.http.HttpServletRequest)
2017-10-20 15:27:18,913 - Mapped "{[/error],produces=[text/html]}" onto public org.springframework.web.servlet.ModelAndView org.springframework.boot.autoconfigure.web.BasicErrorController.errorHtml(javax.servlet.http.HttpServletRequest,javax.servlet.http.HttpServletResponse)
2017-10-20 15:27:18,956 - Mapped URL path [/webjars/**] onto handler of type [class org.springframework.web.servlet.resource.ResourceHttpRequestHandler]
2017-10-20 15:27:18,957 - Mapped URL path [/**] onto handler of type [class org.springframework.web.servlet.resource.ResourceHttpRequestHandler]
2017-10-20 15:27:19,015 - Mapped URL path [/**/favicon.ico] onto handler of type [class org.springframework.web.servlet.resource.ResourceHttpRequestHandler]
2017-10-20 15:27:19,045 - Adding welcome page: class path resource [static/index.html]
2017-10-20 15:27:19,457 - Registering beans for JMX exposure on startup
2017-10-20 15:27:19,484 - No TaskScheduler/ScheduledExecutorService bean found for scheduled processing
2017-10-20 15:27:19,496 - Initializing ProtocolHandler ["http-nio-8080"]
2017-10-20 15:27:19,508 - Starting ProtocolHandler ["http-nio-8080"]
2017-10-20 15:27:19,535 - Using a shared selector for servlet write/read
2017-10-20 15:27:19,560 - Tomcat started on port(s): 8080 (http)
2017-10-20 15:27:19,567 - Started ElearningApplication in 8.667 seconds (JVM running for 10.193)
2017-10-20 15:27:42,809 - Initializing Spring FrameworkServlet 'dispatcherServlet'
2017-10-20 15:27:42,810 - FrameworkServlet 'dispatcherServlet': initialization started
2017-10-20 15:27:43,107 - FrameworkServlet 'dispatcherServlet': initialization completed in 297 ms
2017-10-20 15:27:43,554 - HHH000397: Using ASTQueryTranslatorFactory
2017-10-20 15:37:49,172 - Adding annotator tokenize
2017-10-20 15:37:49,189 - No tokenizer type provided. Defaulting to PTBTokenizer.
2017-10-20 15:37:49,209 - Adding annotator ssplit
2017-10-20 15:37:49,366 - Adding annotator tokenize
2017-10-20 15:37:49,367 - Adding annotator ssplit
2017-10-20 15:37:49,367 - Adding annotator pos
2017-10-20 15:37:52,362 - Loading POS tagger from edu/stanford/nlp/models/pos-tagger/english-left3words/english-left3words-distsim.tagger ... done [3.0 sec].
2017-10-20 15:37:52,363 - Adding annotator lemma
2017-10-20 15:41:00,420 - Closing org.springframework.boot.context.embedded.AnnotationConfigEmbeddedWebApplicationContext@57250572: startup date [Fri Oct 20 15:27:11 CST 2017]; root of context hierarchy
2017-10-20 15:41:00,432 - Unregistering JMX-exposed beans on shutdown
2017-10-20 15:41:00,437 - Closing JPA EntityManagerFactory for persistence unit 'default'
2017-10-20 15:41:06,479 - Starting ElearningApplication on guojiede-MBP with PID 3650 (/Users/guojie/GitHub/elearning/target/classes started by guojie in /Users/guojie/GitHub/elearning)
2017-10-20 15:41:06,486 - No active profile set, falling back to default profiles: default
2017-10-20 15:41:06,598 - Refreshing org.springframework.boot.context.embedded.AnnotationConfigEmbeddedWebApplicationContext@57250572: startup date [Fri Oct 20 15:41:06 CST 2017]; root of context hierarchy
2017-10-20 15:41:06,765 - HV000001: Hibernate Validator 5.3.5.Final
2017-10-20 15:41:09,399 - Tomcat initialized with port(s): 8080 (http)
2017-10-20 15:41:09,418 - Starting service [Tomcat]
2017-10-20 15:41:09,420 - Starting Servlet Engine: Apache Tomcat/8.5.16
2017-10-20 15:41:09,536 - Initializing Spring embedded WebApplicationContext
2017-10-20 15:41:09,537 - Root WebApplicationContext: initialization completed in 2939 ms
2017-10-20 15:41:09,693 - Mapping servlet: 'dispatcherServlet' to [/]
2017-10-20 15:41:09,699 - Mapping filter: 'characterEncodingFilter' to: [/*]
2017-10-20 15:41:09,700 - Mapping filter: 'hiddenHttpMethodFilter' to: [/*]
2017-10-20 15:41:09,700 - Mapping filter: 'httpPutFormContentFilter' to: [/*]
2017-10-20 15:41:09,700 - Mapping filter: 'requestContextFilter' to: [/*]
2017-10-20 15:41:10,477 - Building JPA container EntityManagerFactory for persistence unit 'default'
2017-10-20 15:41:10,496 - HHH000204: Processing PersistenceUnitInfo [
	name: default
	...]
2017-10-20 15:41:10,640 - HHH000412: Hibernate Core {5.0.12.Final}
2017-10-20 15:41:10,643 - HHH000206: hibernate.properties not found
2017-10-20 15:41:10,646 - HHH000021: Bytecode provider name : javassist
2017-10-20 15:41:10,713 - HCANN000001: Hibernate Commons Annotations {5.0.1.Final}
2017-10-20 15:41:10,886 - HHH000400: Using dialect: org.hibernate.dialect.MySQL5Dialect
2017-10-20 15:41:11,570 - Initialized JPA EntityManagerFactory for persistence unit 'default'
2017-10-20 15:41:12,462 - Looking for @ControllerAdvice: org.springframework.boot.context.embedded.AnnotationConfigEmbeddedWebApplicationContext@57250572: startup date [Fri Oct 20 15:41:06 CST 2017]; root of context hierarchy
2017-10-20 15:41:12,551 - Mapped "{[/exam/insert],methods=[POST]}" onto public com.ican.elearning.VO.ResultVO<com.ican.elearning.dto.ExamDTO> com.ican.elearning.controller.ExamController.insert(com.ican.elearning.form.ExamForm)
2017-10-20 15:41:12,553 - Mapped "{[/exam/autoGenerateExam],methods=[GET]}" onto public com.ican.elearning.VO.ResultVO<com.ican.elearning.dto.ExamDTO> com.ican.elearning.controller.ExamController.autoGenerateExam(java.lang.String)
2017-10-20 15:41:12,554 - Mapped "{[/paragraph/delete],methods=[GET]}" onto public com.ican.elearning.VO.ResultVO<com.ican.elearning.dataobject.Paragraph> com.ican.elearning.controller.ParagraphController.delete(java.lang.Integer)
2017-10-20 15:41:12,555 - Mapped "{[/paragraph/list],methods=[GET]}" onto public com.ican.elearning.VO.ResultVO<java.util.List<com.ican.elearning.dataobject.Paragraph>> com.ican.elearning.controller.ParagraphController.list(java.lang.String,java.lang.Integer,java.lang.Integer)
2017-10-20 15:41:12,555 - Mapped "{[/paragraph/insert],methods=[POST]}" onto public com.ican.elearning.VO.ResultVO<com.ican.elearning.dataobject.Paragraph> com.ican.elearning.controller.ParagraphController.insert(com.ican.elearning.form.ParagraphForm,org.springframework.validation.BindingResult)
2017-10-20 15:41:12,557 - Mapped "{[/question/insert],methods=[POST]}" onto public com.ican.elearning.VO.ResultVO<com.ican.elearning.dataobject.Question> com.ican.elearning.controller.QuestionController.insert(com.ican.elearning.form.QuestionForm,org.springframework.validation.BindingResult)
2017-10-20 15:41:12,557 - Mapped "{[/question/autoGenerated],methods=[POST]}" onto public com.ican.elearning.VO.ResultVO<com.ican.elearning.dataobject.Question> com.ican.elearning.controller.QuestionController.autoGenerated(com.ican.elearning.form.ParagraphForm,org.springframework.validation.BindingResult)
2017-10-20 15:41:12,558 - Mapped "{[/question/autoGenerate],methods=[GET]}" onto public com.ican.elearning.VO.ResultVO<com.ican.elearning.dataobject.Question> com.ican.elearning.controller.QuestionController.autoGenerated2()
2017-10-20 15:41:12,560 - Mapped "{[/file/delete],methods=[POST]}" onto public com.ican.elearning.VO.ResultVO<com.ican.elearning.dataobject.LessonPlan> com.ican.elearning.controller.UploadController.delete(java.lang.Integer)
2017-10-20 15:41:12,560 - Mapped "{[/file/files/{filename:.+}],methods=[GET]}" onto public org.springframework.http.ResponseEntity<org.springframework.core.io.Resource> com.ican.elearning.controller.UploadController.getFile(java.lang.String)
2017-10-20 15:41:12,561 - Mapped "{[/file/],methods=[POST]}" onto public com.ican.elearning.VO.ResultVO<com.ican.elearning.dataobject.LessonPlan> com.ican.elearning.controller.UploadController.handleFileUpload(org.springframework.web.multipart.MultipartFile,java.lang.String,java.lang.String,java.lang.String,java.lang.String)
2017-10-20 15:41:12,561 - Mapped "{[/file/getfiles],methods=[GET]}" onto public com.ican.elearning.VO.ResultVO<com.ican.elearning.dataobject.LessonPlan> com.ican.elearning.controller.UploadController.getListFile(java.lang.String,java.lang.Integer,java.lang.Integer)
2017-10-20 15:41:12,563 - Mapped "{[/auth/register],methods=[POST]}" onto public com.ican.elearning.VO.ResultVO<com.ican.elearning.dataobject.User> com.ican.elearning.controller.UserController.register(com.ican.elearning.form.UserForm,org.springframework.validation.BindingResult)
2017-10-20 15:41:12,563 - Mapped "{[/auth/login],methods=[POST]}" onto public com.ican.elearning.VO.ResultVO<com.ican.elearning.dataobject.User> com.ican.elearning.controller.UserController.login(java.lang.String,java.lang.String)
2017-10-20 15:41:12,565 - Mapped "{[/word/delete],methods=[GET]}" onto public com.ican.elearning.VO.ResultVO<com.ican.elearning.dataobject.Word> com.ican.elearning.controller.WordController.delete(java.lang.Integer)
2017-10-20 15:41:12,566 - Mapped "{[/word/list],methods=[GET]}" onto public com.ican.elearning.VO.ResultVO<java.util.List<com.ican.elearning.dataobject.Word>> com.ican.elearning.controller.WordController.list(java.lang.String,java.lang.Integer,java.lang.Integer)
2017-10-20 15:41:12,569 - Mapped "{[/word/insert],methods=[POST]}" onto public com.ican.elearning.VO.ResultVO<com.ican.elearning.dataobject.Word> com.ican.elearning.controller.WordController.insert(com.ican.elearning.form.WordForm,org.springframework.validation.BindingResult)
2017-10-20 15:41:12,570 - Mapped "{[/word/pie],methods=[GET]}" onto public com.ican.elearning.VO.ResultVO<java.util.Map<java.lang.String, java.lang.Integer>> com.ican.elearning.controller.WordController.pie()
2017-10-20 15:41:12,573 - Mapped "{[/error]}" onto public org.springframework.http.ResponseEntity<java.util.Map<java.lang.String, java.lang.Object>> org.springframework.boot.autoconfigure.web.BasicErrorController.error(javax.servlet.http.HttpServletRequest)
2017-10-20 15:41:12,573 - Mapped "{[/error],produces=[text/html]}" onto public org.springframework.web.servlet.ModelAndView org.springframework.boot.autoconfigure.web.BasicErrorController.errorHtml(javax.servlet.http.HttpServletRequest,javax.servlet.http.HttpServletResponse)
2017-10-20 15:41:12,613 - Mapped URL path [/webjars/**] onto handler of type [class org.springframework.web.servlet.resource.ResourceHttpRequestHandler]
2017-10-20 15:41:12,613 - Mapped URL path [/**] onto handler of type [class org.springframework.web.servlet.resource.ResourceHttpRequestHandler]
2017-10-20 15:41:12,669 - Mapped URL path [/**/favicon.ico] onto handler of type [class org.springframework.web.servlet.resource.ResourceHttpRequestHandler]
2017-10-20 15:41:12,702 - Adding welcome page: class path resource [static/index.html]
2017-10-20 15:41:13,103 - Registering beans for JMX exposure on startup
2017-10-20 15:41:13,122 - No TaskScheduler/ScheduledExecutorService bean found for scheduled processing
2017-10-20 15:41:13,134 - Initializing ProtocolHandler ["http-nio-8080"]
2017-10-20 15:41:13,145 - Starting ProtocolHandler ["http-nio-8080"]
2017-10-20 15:41:13,169 - Using a shared selector for servlet write/read
2017-10-20 15:41:13,187 - Tomcat started on port(s): 8080 (http)
2017-10-20 15:41:13,193 - Started ElearningApplication in 7.54 seconds (JVM running for 8.6)
2017-10-20 15:42:19,739 - Initializing Spring FrameworkServlet 'dispatcherServlet'
2017-10-20 15:42:19,740 - FrameworkServlet 'dispatcherServlet': initialization started
2017-10-20 15:42:19,774 - FrameworkServlet 'dispatcherServlet': initialization completed in 34 ms
2017-10-20 15:42:20,083 - Adding annotator tokenize
2017-10-20 15:42:20,089 - No tokenizer type provided. Defaulting to PTBTokenizer.
2017-10-20 15:42:20,101 - Adding annotator ssplit
2017-10-20 15:42:20,307 - Adding annotator tokenize
2017-10-20 15:42:20,308 - Adding annotator ssplit
2017-10-20 15:42:20,308 - Adding annotator pos
2017-10-20 15:42:22,412 - Loading POS tagger from edu/stanford/nlp/models/pos-tagger/english-left3words/english-left3words-distsim.tagger ... done [2.1 sec].
2017-10-20 15:42:22,413 - Adding annotator lemma
2017-10-20 15:42:22,542 - HHH000397: Using ASTQueryTranslatorFactory
2017-10-20 15:45:48,793 - Closing org.springframework.boot.context.embedded.AnnotationConfigEmbeddedWebApplicationContext@57250572: startup date [Fri Oct 20 15:41:06 CST 2017]; root of context hierarchy
2017-10-20 15:45:48,797 - Unregistering JMX-exposed beans on shutdown
2017-10-20 15:45:48,803 - Closing JPA EntityManagerFactory for persistence unit 'default'
2017-10-20 15:45:54,142 - Starting ElearningApplication on guojiede-MBP with PID 3657 (/Users/guojie/GitHub/elearning/target/classes started by guojie in /Users/guojie/GitHub/elearning)
2017-10-20 15:45:54,146 - No active profile set, falling back to default profiles: default
2017-10-20 15:45:54,236 - Refreshing org.springframework.boot.context.embedded.AnnotationConfigEmbeddedWebApplicationContext@57250572: startup date [Fri Oct 20 15:45:54 CST 2017]; root of context hierarchy
2017-10-20 15:45:54,458 - HV000001: Hibernate Validator 5.3.5.Final
2017-10-20 15:45:56,670 - Tomcat initialized with port(s): 8080 (http)
2017-10-20 15:45:56,682 - Starting service [Tomcat]
2017-10-20 15:45:56,683 - Starting Servlet Engine: Apache Tomcat/8.5.16
2017-10-20 15:45:56,768 - Initializing Spring embedded WebApplicationContext
2017-10-20 15:45:56,768 - Root WebApplicationContext: initialization completed in 2532 ms
2017-10-20 15:45:56,919 - Mapping servlet: 'dispatcherServlet' to [/]
2017-10-20 15:45:56,924 - Mapping filter: 'characterEncodingFilter' to: [/*]
2017-10-20 15:45:56,925 - Mapping filter: 'hiddenHttpMethodFilter' to: [/*]
2017-10-20 15:45:56,925 - Mapping filter: 'httpPutFormContentFilter' to: [/*]
2017-10-20 15:45:56,925 - Mapping filter: 'requestContextFilter' to: [/*]
2017-10-20 15:45:57,535 - Building JPA container EntityManagerFactory for persistence unit 'default'
2017-10-20 15:45:57,547 - HHH000204: Processing PersistenceUnitInfo [
	name: default
	...]
2017-10-20 15:45:57,630 - HHH000412: Hibernate Core {5.0.12.Final}
2017-10-20 15:45:57,631 - HHH000206: hibernate.properties not found
2017-10-20 15:45:57,632 - HHH000021: Bytecode provider name : javassist
2017-10-20 15:45:57,677 - HCANN000001: Hibernate Commons Annotations {5.0.1.Final}
2017-10-20 15:45:57,786 - HHH000400: Using dialect: org.hibernate.dialect.MySQL5Dialect
2017-10-20 15:45:58,387 - Initialized JPA EntityManagerFactory for persistence unit 'default'
2017-10-20 15:45:59,242 - Looking for @ControllerAdvice: org.springframework.boot.context.embedded.AnnotationConfigEmbeddedWebApplicationContext@57250572: startup date [Fri Oct 20 15:45:54 CST 2017]; root of context hierarchy
2017-10-20 15:45:59,325 - Mapped "{[/exam/insert],methods=[POST]}" onto public com.ican.elearning.VO.ResultVO<com.ican.elearning.dto.ExamDTO> com.ican.elearning.controller.ExamController.insert(com.ican.elearning.form.ExamForm)
2017-10-20 15:45:59,327 - Mapped "{[/exam/autoGenerateExam],methods=[GET]}" onto public com.ican.elearning.VO.ResultVO<com.ican.elearning.dto.ExamDTO> com.ican.elearning.controller.ExamController.autoGenerateExam(java.lang.String)
2017-10-20 15:45:59,328 - Mapped "{[/paragraph/delete],methods=[GET]}" onto public com.ican.elearning.VO.ResultVO<com.ican.elearning.dataobject.Paragraph> com.ican.elearning.controller.ParagraphController.delete(java.lang.Integer)
2017-10-20 15:45:59,329 - Mapped "{[/paragraph/list],methods=[GET]}" onto public com.ican.elearning.VO.ResultVO<java.util.List<com.ican.elearning.dataobject.Paragraph>> com.ican.elearning.controller.ParagraphController.list(java.lang.String,java.lang.Integer,java.lang.Integer)
2017-10-20 15:45:59,330 - Mapped "{[/paragraph/insert],methods=[POST]}" onto public com.ican.elearning.VO.ResultVO<com.ican.elearning.dataobject.Paragraph> com.ican.elearning.controller.ParagraphController.insert(com.ican.elearning.form.ParagraphForm,org.springframework.validation.BindingResult)
2017-10-20 15:45:59,332 - Mapped "{[/question/insert],methods=[POST]}" onto public com.ican.elearning.VO.ResultVO<com.ican.elearning.dataobject.Question> com.ican.elearning.controller.QuestionController.insert(com.ican.elearning.form.QuestionForm,org.springframework.validation.BindingResult)
2017-10-20 15:45:59,333 - Mapped "{[/question/autoGenerated],methods=[POST]}" onto public com.ican.elearning.VO.ResultVO<com.ican.elearning.dataobject.Question> com.ican.elearning.controller.QuestionController.autoGenerated(com.ican.elearning.form.ParagraphForm,org.springframework.validation.BindingResult)
2017-10-20 15:45:59,333 - Mapped "{[/question/autoGenerate],methods=[GET]}" onto public com.ican.elearning.VO.ResultVO<com.ican.elearning.dataobject.Question> com.ican.elearning.controller.QuestionController.autoGenerated2()
2017-10-20 15:45:59,335 - Mapped "{[/file/delete],methods=[POST]}" onto public com.ican.elearning.VO.ResultVO<com.ican.elearning.dataobject.LessonPlan> com.ican.elearning.controller.UploadController.delete(java.lang.Integer)
2017-10-20 15:45:59,336 - Mapped "{[/file/files/{filename:.+}],methods=[GET]}" onto public org.springframework.http.ResponseEntity<org.springframework.core.io.Resource> com.ican.elearning.controller.UploadController.getFile(java.lang.String)
2017-10-20 15:45:59,336 - Mapped "{[/file/],methods=[POST]}" onto public com.ican.elearning.VO.ResultVO<com.ican.elearning.dataobject.LessonPlan> com.ican.elearning.controller.UploadController.handleFileUpload(org.springframework.web.multipart.MultipartFile,java.lang.String,java.lang.String,java.lang.String,java.lang.String)
2017-10-20 15:45:59,336 - Mapped "{[/file/getfiles],methods=[GET]}" onto public com.ican.elearning.VO.ResultVO<com.ican.elearning.dataobject.LessonPlan> com.ican.elearning.controller.UploadController.getListFile(java.lang.String,java.lang.Integer,java.lang.Integer)
2017-10-20 15:45:59,338 - Mapped "{[/auth/register],methods=[POST]}" onto public com.ican.elearning.VO.ResultVO<com.ican.elearning.dataobject.User> com.ican.elearning.controller.UserController.register(com.ican.elearning.form.UserForm,org.springframework.validation.BindingResult)
2017-10-20 15:45:59,338 - Mapped "{[/auth/login],methods=[POST]}" onto public com.ican.elearning.VO.ResultVO<com.ican.elearning.dataobject.User> com.ican.elearning.controller.UserController.login(java.lang.String,java.lang.String)
2017-10-20 15:45:59,341 - Mapped "{[/word/delete],methods=[GET]}" onto public com.ican.elearning.VO.ResultVO<com.ican.elearning.dataobject.Word> com.ican.elearning.controller.WordController.delete(java.lang.Integer)
2017-10-20 15:45:59,342 - Mapped "{[/word/list],methods=[GET]}" onto public com.ican.elearning.VO.ResultVO<java.util.List<com.ican.elearning.dataobject.Word>> com.ican.elearning.controller.WordController.list(java.lang.String,java.lang.Integer,java.lang.Integer)
2017-10-20 15:45:59,344 - Mapped "{[/word/insert],methods=[POST]}" onto public com.ican.elearning.VO.ResultVO<com.ican.elearning.dataobject.Word> com.ican.elearning.controller.WordController.insert(com.ican.elearning.form.WordForm,org.springframework.validation.BindingResult)
2017-10-20 15:45:59,344 - Mapped "{[/word/pie],methods=[GET]}" onto public com.ican.elearning.VO.ResultVO<java.util.Map<java.lang.String, java.lang.Integer>> com.ican.elearning.controller.WordController.pie()
2017-10-20 15:45:59,347 - Mapped "{[/error]}" onto public org.springframework.http.ResponseEntity<java.util.Map<java.lang.String, java.lang.Object>> org.springframework.boot.autoconfigure.web.BasicErrorController.error(javax.servlet.http.HttpServletRequest)
2017-10-20 15:45:59,347 - Mapped "{[/error],produces=[text/html]}" onto public org.springframework.web.servlet.ModelAndView org.springframework.boot.autoconfigure.web.BasicErrorController.errorHtml(javax.servlet.http.HttpServletRequest,javax.servlet.http.HttpServletResponse)
2017-10-20 15:45:59,381 - Mapped URL path [/webjars/**] onto handler of type [class org.springframework.web.servlet.resource.ResourceHttpRequestHandler]
2017-10-20 15:45:59,381 - Mapped URL path [/**] onto handler of type [class org.springframework.web.servlet.resource.ResourceHttpRequestHandler]
2017-10-20 15:45:59,424 - Mapped URL path [/**/favicon.ico] onto handler of type [class org.springframework.web.servlet.resource.ResourceHttpRequestHandler]
2017-10-20 15:45:59,447 - Adding welcome page: class path resource [static/index.html]
2017-10-20 15:45:59,806 - Registering beans for JMX exposure on startup
2017-10-20 15:45:59,830 - No TaskScheduler/ScheduledExecutorService bean found for scheduled processing
2017-10-20 15:45:59,839 - Initializing ProtocolHandler ["http-nio-8080"]
2017-10-20 15:45:59,852 - Starting ProtocolHandler ["http-nio-8080"]
2017-10-20 15:45:59,877 - Using a shared selector for servlet write/read
2017-10-20 15:45:59,893 - Tomcat started on port(s): 8080 (http)
2017-10-20 15:45:59,900 - Started ElearningApplication in 6.44 seconds (JVM running for 7.484)
2017-10-20 15:46:35,787 - Initializing Spring FrameworkServlet 'dispatcherServlet'
2017-10-20 15:46:35,788 - FrameworkServlet 'dispatcherServlet': initialization started
2017-10-20 15:46:35,819 - FrameworkServlet 'dispatcherServlet': initialization completed in 31 ms
2017-10-20 15:46:36,104 - Adding annotator tokenize
2017-10-20 15:46:36,109 - No tokenizer type provided. Defaulting to PTBTokenizer.
2017-10-20 15:46:36,114 - Adding annotator ssplit
2017-10-20 15:46:36,250 - Adding annotator tokenize
2017-10-20 15:46:36,250 - Adding annotator ssplit
2017-10-20 15:46:36,250 - Adding annotator pos
2017-10-20 15:46:38,320 - Loading POS tagger from edu/stanford/nlp/models/pos-tagger/english-left3words/english-left3words-distsim.tagger ... done [2.1 sec].
2017-10-20 15:46:38,321 - Adding annotator lemma
2017-10-20 15:46:38,452 - HHH000397: Using ASTQueryTranslatorFactory
2017-10-20 15:47:13,708 - Closing org.springframework.boot.context.embedded.AnnotationConfigEmbeddedWebApplicationContext@57250572: startup date [Fri Oct 20 15:45:54 CST 2017]; root of context hierarchy
2017-10-20 15:47:13,711 - Unregistering JMX-exposed beans on shutdown
2017-10-20 15:47:13,715 - Closing JPA EntityManagerFactory for persistence unit 'default'
