2018-01-30 02:30:07,007 - Starting ElearningApplication on guojiede-MBP with PID 2348 (/Users/guojie/GitHub/elearning/target/classes started by guojie in /Users/guojie/GitHub/elearning)
2018-01-30 02:30:07,012 - No active profile set, falling back to default profiles: default
2018-01-30 02:30:07,112 - Refreshing org.springframework.boot.context.embedded.AnnotationConfigEmbeddedWebApplicationContext@57250572: startup date [Tue Jan 30 02:30:07 CST 2018]; root of context hierarchy
2018-01-30 02:30:07,313 - HV000001: Hibernate Validator 5.3.5.Final
2018-01-30 02:30:10,257 - Tomcat initialized with port(s): 8080 (http)
2018-01-30 02:30:10,271 - Starting service [Tomcat]
2018-01-30 02:30:10,273 - Starting Servlet Engine: Apache Tomcat/8.5.16
2018-01-30 02:30:10,384 - Initializing Spring embedded WebApplicationContext
2018-01-30 02:30:10,384 - Root WebApplicationContext: initialization completed in 3273 ms
2018-01-30 02:30:10,584 - Mapping servlet: 'dispatcherServlet' to [/]
2018-01-30 02:30:10,589 - Mapping filter: 'characterEncodingFilter' to: [/*]
2018-01-30 02:30:10,590 - Mapping filter: 'hiddenHttpMethodFilter' to: [/*]
2018-01-30 02:30:10,590 - Mapping filter: 'httpPutFormContentFilter' to: [/*]
2018-01-30 02:30:10,590 - Mapping filter: 'requestContextFilter' to: [/*]
2018-01-30 02:30:11,265 - Building JPA container EntityManagerFactory for persistence unit 'default'
2018-01-30 02:30:11,281 - HHH000204: Processing PersistenceUnitInfo [
	name: default
	...]
2018-01-30 02:30:11,412 - HHH000412: Hibernate Core {5.0.12.Final}
2018-01-30 02:30:11,414 - HHH000206: hibernate.properties not found
2018-01-30 02:30:11,416 - HHH000021: Bytecode provider name : javassist
2018-01-30 02:30:11,486 - HCANN000001: Hibernate Commons Annotations {5.0.1.Final}
2018-01-30 02:30:11,665 - HHH000400: Using dialect: org.hibernate.dialect.MySQL5Dialect
2018-01-30 02:30:12,334 - Initialized JPA EntityManagerFactory for persistence unit 'default'
2018-01-30 02:30:13,287 - Looking for @ControllerAdvice: org.springframework.boot.context.embedded.AnnotationConfigEmbeddedWebApplicationContext@57250572: startup date [Tue Jan 30 02:30:07 CST 2018]; root of context hierarchy
2018-01-30 02:30:13,392 - Mapped "{[/exam/insert],methods=[POST]}" onto public com.ican.elearning.VO.ResultVO<com.ican.elearning.dto.ExamDTO> com.ican.elearning.controller.ExamController.insert(com.ican.elearning.form.ExamForm)
2018-01-30 02:30:13,395 - Mapped "{[/exam/autoGenerateExam],methods=[GET]}" onto public com.ican.elearning.VO.ResultVO<com.ican.elearning.dto.ExamDTO> com.ican.elearning.controller.ExamController.autoGenerateExam(java.lang.String,java.lang.Integer)
2018-01-30 02:30:13,400 - Mapped "{[/paragraph/delete],methods=[DELETE]}" onto public com.ican.elearning.VO.ResultVO<com.ican.elearning.dataobject.Paragraph> com.ican.elearning.controller.ParagraphController.delete(java.lang.Integer)
2018-01-30 02:30:13,401 - Mapped "{[/paragraph/list],methods=[GET]}" onto public com.ican.elearning.VO.ResultVO<java.util.List<com.ican.elearning.dataobject.Paragraph>> com.ican.elearning.controller.ParagraphController.list(java.lang.String,java.lang.Integer,java.lang.Integer)
2018-01-30 02:30:13,402 - Mapped "{[/paragraph/insert],methods=[POST]}" onto public com.ican.elearning.VO.ResultVO<com.ican.elearning.dataobject.Paragraph> com.ican.elearning.controller.ParagraphController.insert(com.ican.elearning.form.ParagraphForm,org.springframework.validation.BindingResult)
2018-01-30 02:30:13,404 - Mapped "{[/question/list],methods=[GET]}" onto public com.ican.elearning.VO.ResultVO<java.util.List<com.ican.elearning.dataobject.Question>> com.ican.elearning.controller.QuestionController.list(java.lang.String,java.lang.Integer,java.lang.Integer)
2018-01-30 02:30:13,405 - Mapped "{[/question/insert],methods=[POST]}" onto public com.ican.elearning.VO.ResultVO<com.ican.elearning.dataobject.Question> com.ican.elearning.controller.QuestionController.insert(com.ican.elearning.form.QuestionForm,org.springframework.validation.BindingResult)
2018-01-30 02:30:13,405 - Mapped "{[/question/findOne],methods=[GET]}" onto public com.ican.elearning.VO.ResultVO<com.ican.elearning.dto.QuestionDTO> com.ican.elearning.controller.QuestionController.findOne(java.lang.Integer)
2018-01-30 02:30:13,406 - Mapped "{[/question/autoGenerated],methods=[POST]}" onto public com.ican.elearning.VO.ResultVO<com.ican.elearning.dataobject.Question> com.ican.elearning.controller.QuestionController.autoGenerated(com.ican.elearning.form.ParagraphForm,org.springframework.validation.BindingResult)
2018-01-30 02:30:13,410 - Mapped "{[/file/delete],methods=[POST]}" onto public com.ican.elearning.VO.ResultVO<com.ican.elearning.dataobject.LessonPlan> com.ican.elearning.controller.UploadController.delete(java.lang.Integer)
2018-01-30 02:30:13,411 - Mapped "{[/file/files/{filename:.+}],methods=[GET]}" onto public org.springframework.http.ResponseEntity<org.springframework.core.io.Resource> com.ican.elearning.controller.UploadController.getFile(java.lang.String)
2018-01-30 02:30:13,412 - Mapped "{[/file/],methods=[POST]}" onto public com.ican.elearning.VO.ResultVO<com.ican.elearning.dataobject.LessonPlan> com.ican.elearning.controller.UploadController.handleFileUpload(org.springframework.web.multipart.MultipartFile,java.lang.String,java.lang.String,java.lang.String,java.lang.String)
2018-01-30 02:30:13,413 - Mapped "{[/file/getfiles],methods=[GET]}" onto public com.ican.elearning.VO.ResultVO<com.ican.elearning.dataobject.LessonPlan> com.ican.elearning.controller.UploadController.getListFile(java.lang.String,java.lang.Integer,java.lang.Integer)
2018-01-30 02:30:13,416 - Mapped "{[/auth/register],methods=[POST]}" onto public com.ican.elearning.VO.ResultVO<com.ican.elearning.dataobject.User> com.ican.elearning.controller.UserController.register(com.ican.elearning.form.UserForm,org.springframework.validation.BindingResult)
2018-01-30 02:30:13,416 - Mapped "{[/auth/login],methods=[POST]}" onto public com.ican.elearning.VO.ResultVO<com.ican.elearning.dataobject.User> com.ican.elearning.controller.UserController.login(java.lang.String,java.lang.String)
2018-01-30 02:30:13,419 - Mapped "{[/word/delete],methods=[DELETE]}" onto public com.ican.elearning.VO.ResultVO<com.ican.elearning.dataobject.Word> com.ican.elearning.controller.WordController.delete(java.lang.Integer)
2018-01-30 02:30:13,422 - Mapped "{[/word/list],methods=[GET]}" onto public com.ican.elearning.VO.ResultVO<java.util.List<com.ican.elearning.dataobject.Word>> com.ican.elearning.controller.WordController.list(java.lang.String,java.lang.Integer,java.lang.Integer)
2018-01-30 02:30:13,422 - Mapped "{[/word/insert],methods=[POST]}" onto public com.ican.elearning.VO.ResultVO<com.ican.elearning.dataobject.Word> com.ican.elearning.controller.WordController.insert(com.ican.elearning.form.WordForm,org.springframework.validation.BindingResult)
2018-01-30 02:30:13,423 - Mapped "{[/word/pie],methods=[GET]}" onto public com.ican.elearning.VO.ResultVO<java.util.Map<java.lang.String, java.lang.Integer>> com.ican.elearning.controller.WordController.pie()
2018-01-30 02:30:13,425 - Mapped "{[/error]}" onto public org.springframework.http.ResponseEntity<java.util.Map<java.lang.String, java.lang.Object>> org.springframework.boot.autoconfigure.web.BasicErrorController.error(javax.servlet.http.HttpServletRequest)
2018-01-30 02:30:13,426 - Mapped "{[/error],produces=[text/html]}" onto public org.springframework.web.servlet.ModelAndView org.springframework.boot.autoconfigure.web.BasicErrorController.errorHtml(javax.servlet.http.HttpServletRequest,javax.servlet.http.HttpServletResponse)
2018-01-30 02:30:13,469 - Mapped URL path [/webjars/**] onto handler of type [class org.springframework.web.servlet.resource.ResourceHttpRequestHandler]
2018-01-30 02:30:13,469 - Mapped URL path [/**] onto handler of type [class org.springframework.web.servlet.resource.ResourceHttpRequestHandler]
2018-01-30 02:30:13,540 - Mapped URL path [/**/favicon.ico] onto handler of type [class org.springframework.web.servlet.resource.ResourceHttpRequestHandler]
2018-01-30 02:30:13,568 - Adding welcome page: class path resource [static/index.html]
2018-01-30 02:30:13,954 - Registering beans for JMX exposure on startup
2018-01-30 02:30:13,972 - No TaskScheduler/ScheduledExecutorService bean found for scheduled processing
2018-01-30 02:30:13,984 - Initializing ProtocolHandler ["http-nio-8080"]
2018-01-30 02:30:13,996 - Starting ProtocolHandler ["http-nio-8080"]
2018-01-30 02:30:14,021 - Using a shared selector for servlet write/read
2018-01-30 02:30:14,039 - Tomcat started on port(s): 8080 (http)
2018-01-30 02:30:14,045 - Started ElearningApplication in 8.409 seconds (JVM running for 10.414)
2018-01-30 02:31:02,395 - Initializing Spring FrameworkServlet 'dispatcherServlet'
2018-01-30 02:31:02,395 - FrameworkServlet 'dispatcherServlet': initialization started
2018-01-30 02:31:02,420 - FrameworkServlet 'dispatcherServlet': initialization completed in 25 ms
2018-01-30 02:31:02,480 - HHH000397: Using ASTQueryTranslatorFactory
2018-01-30 02:31:56,632 - Failed to bind request element: org.springframework.web.method.annotation.MethodArgumentTypeMismatchException: Failed to convert value of type 'java.lang.String' to required type 'java.lang.Integer'; nested exception is java.lang.NumberFormatException: For input string: "null"
