2017-11-14 12:19:08,465 - Starting ElearningApplication on guojiede-MBP with PID 8810 (/Users/guojie/GitHub/elearning/target/classes started by guojie in /Users/guojie/GitHub/elearning)
2017-11-14 12:19:08,470 - No active profile set, falling back to default profiles: default
2017-11-14 12:19:08,576 - Refreshing org.springframework.boot.context.embedded.AnnotationConfigEmbeddedWebApplicationContext@57250572: startup date [Tue Nov 14 12:19:08 CST 2017]; root of context hierarchy
2017-11-14 12:19:08,886 - HV000001: Hibernate Validator 5.3.5.Final
2017-11-14 12:19:15,158 - Tomcat initialized with port(s): 8080 (http)
2017-11-14 12:19:15,177 - Starting service [Tomcat]
2017-11-14 12:19:15,179 - Starting Servlet Engine: Apache Tomcat/8.5.16
2017-11-14 12:19:15,481 - Initializing Spring embedded WebApplicationContext
2017-11-14 12:19:15,481 - Root WebApplicationContext: initialization completed in 6905 ms
2017-11-14 12:19:16,055 - Mapping servlet: 'dispatcherServlet' to [/]
2017-11-14 12:19:16,081 - Mapping filter: 'characterEncodingFilter' to: [/*]
2017-11-14 12:19:16,082 - Mapping filter: 'hiddenHttpMethodFilter' to: [/*]
2017-11-14 12:19:16,082 - Mapping filter: 'httpPutFormContentFilter' to: [/*]
2017-11-14 12:19:16,082 - Mapping filter: 'requestContextFilter' to: [/*]
2017-11-14 12:19:17,736 - Building JPA container EntityManagerFactory for persistence unit 'default'
2017-11-14 12:19:17,751 - HHH000204: Processing PersistenceUnitInfo [
	name: default
	...]
2017-11-14 12:19:17,879 - HHH000412: Hibernate Core {5.0.12.Final}
2017-11-14 12:19:17,882 - HHH000206: hibernate.properties not found
2017-11-14 12:19:17,883 - HHH000021: Bytecode provider name : javassist
2017-11-14 12:19:17,971 - HCANN000001: Hibernate Commons Annotations {5.0.1.Final}
2017-11-14 12:19:18,221 - HHH000400: Using dialect: org.hibernate.dialect.MySQL5Dialect
2017-11-14 12:19:19,445 - Initialized JPA EntityManagerFactory for persistence unit 'default'
2017-11-14 12:19:21,235 - Looking for @ControllerAdvice: org.springframework.boot.context.embedded.AnnotationConfigEmbeddedWebApplicationContext@57250572: startup date [Tue Nov 14 12:19:08 CST 2017]; root of context hierarchy
2017-11-14 12:19:21,367 - Mapped "{[/exam/insert],methods=[POST]}" onto public com.ican.elearning.VO.ResultVO<com.ican.elearning.dto.ExamDTO> com.ican.elearning.controller.ExamController.insert(com.ican.elearning.form.ExamForm)
2017-11-14 12:19:21,370 - Mapped "{[/exam/autoGenerateExam],methods=[GET]}" onto public com.ican.elearning.VO.ResultVO<com.ican.elearning.dto.ExamDTO> com.ican.elearning.controller.ExamController.autoGenerateExam(java.lang.String)
2017-11-14 12:19:21,372 - Mapped "{[/paragraph/delete],methods=[GET]}" onto public com.ican.elearning.VO.ResultVO<com.ican.elearning.dataobject.Paragraph> com.ican.elearning.controller.ParagraphController.delete(java.lang.Integer)
2017-11-14 12:19:21,373 - Mapped "{[/paragraph/list],methods=[GET]}" onto public com.ican.elearning.VO.ResultVO<java.util.List<com.ican.elearning.dataobject.Paragraph>> com.ican.elearning.controller.ParagraphController.list(java.lang.String,java.lang.Integer,java.lang.Integer)
2017-11-14 12:19:21,374 - Mapped "{[/paragraph/insert],methods=[POST]}" onto public com.ican.elearning.VO.ResultVO<com.ican.elearning.dataobject.Paragraph> com.ican.elearning.controller.ParagraphController.insert(com.ican.elearning.form.ParagraphForm,org.springframework.validation.BindingResult)
2017-11-14 12:19:21,377 - Mapped "{[/question/list],methods=[GET]}" onto public com.ican.elearning.VO.ResultVO<java.util.List<com.ican.elearning.dataobject.Question>> com.ican.elearning.controller.QuestionController.list(java.lang.String,java.lang.Integer,java.lang.Integer)
2017-11-14 12:19:21,382 - Mapped "{[/question/insert],methods=[POST]}" onto public com.ican.elearning.VO.ResultVO<com.ican.elearning.dataobject.Question> com.ican.elearning.controller.QuestionController.insert(com.ican.elearning.form.QuestionForm,org.springframework.validation.BindingResult)
2017-11-14 12:19:21,383 - Mapped "{[/question/autoGenerated],methods=[POST]}" onto public com.ican.elearning.VO.ResultVO<com.ican.elearning.dataobject.Question> com.ican.elearning.controller.QuestionController.autoGenerated(com.ican.elearning.form.ParagraphForm,org.springframework.validation.BindingResult)
2017-11-14 12:19:21,385 - Mapped "{[/question/findOne],methods=[GET]}" onto public com.ican.elearning.VO.ResultVO<com.ican.elearning.dto.QuestionDTO> com.ican.elearning.controller.QuestionController.findOne(java.lang.Integer)
2017-11-14 12:19:21,388 - Mapped "{[/file/delete],methods=[POST]}" onto public com.ican.elearning.VO.ResultVO<com.ican.elearning.dataobject.LessonPlan> com.ican.elearning.controller.UploadController.delete(java.lang.Integer)
2017-11-14 12:19:21,389 - Mapped "{[/file/files/{filename:.+}],methods=[GET]}" onto public org.springframework.http.ResponseEntity<org.springframework.core.io.Resource> com.ican.elearning.controller.UploadController.getFile(java.lang.String)
2017-11-14 12:19:21,390 - Mapped "{[/file/],methods=[POST]}" onto public com.ican.elearning.VO.ResultVO<com.ican.elearning.dataobject.LessonPlan> com.ican.elearning.controller.UploadController.handleFileUpload(org.springframework.web.multipart.MultipartFile,java.lang.String,java.lang.String,java.lang.String,java.lang.String)
2017-11-14 12:19:21,391 - Mapped "{[/file/getfiles],methods=[GET]}" onto public com.ican.elearning.VO.ResultVO<com.ican.elearning.dataobject.LessonPlan> com.ican.elearning.controller.UploadController.getListFile(java.lang.String,java.lang.Integer,java.lang.Integer)
2017-11-14 12:19:21,393 - Mapped "{[/auth/register],methods=[POST]}" onto public com.ican.elearning.VO.ResultVO<com.ican.elearning.dataobject.User> com.ican.elearning.controller.UserController.register(com.ican.elearning.form.UserForm,org.springframework.validation.BindingResult)
2017-11-14 12:19:21,394 - Mapped "{[/auth/login],methods=[POST]}" onto public com.ican.elearning.VO.ResultVO<com.ican.elearning.dataobject.User> com.ican.elearning.controller.UserController.login(java.lang.String,java.lang.String)
2017-11-14 12:19:21,398 - Mapped "{[/word/delete],methods=[GET]}" onto public com.ican.elearning.VO.ResultVO<com.ican.elearning.dataobject.Word> com.ican.elearning.controller.WordController.delete(java.lang.Integer)
2017-11-14 12:19:21,402 - Mapped "{[/word/list],methods=[GET]}" onto public com.ican.elearning.VO.ResultVO<java.util.List<com.ican.elearning.dataobject.Word>> com.ican.elearning.controller.WordController.list(java.lang.String,java.lang.Integer,java.lang.Integer)
2017-11-14 12:19:21,404 - Mapped "{[/word/insert],methods=[POST]}" onto public com.ican.elearning.VO.ResultVO<com.ican.elearning.dataobject.Word> com.ican.elearning.controller.WordController.insert(com.ican.elearning.form.WordForm,org.springframework.validation.BindingResult)
2017-11-14 12:19:21,404 - Mapped "{[/word/pie],methods=[GET]}" onto public com.ican.elearning.VO.ResultVO<java.util.Map<java.lang.String, java.lang.Integer>> com.ican.elearning.controller.WordController.pie()
2017-11-14 12:19:21,407 - Mapped "{[/error]}" onto public org.springframework.http.ResponseEntity<java.util.Map<java.lang.String, java.lang.Object>> org.springframework.boot.autoconfigure.web.BasicErrorController.error(javax.servlet.http.HttpServletRequest)
2017-11-14 12:19:21,408 - Mapped "{[/error],produces=[text/html]}" onto public org.springframework.web.servlet.ModelAndView org.springframework.boot.autoconfigure.web.BasicErrorController.errorHtml(javax.servlet.http.HttpServletRequest,javax.servlet.http.HttpServletResponse)
2017-11-14 12:19:21,527 - Mapped URL path [/webjars/**] onto handler of type [class org.springframework.web.servlet.resource.ResourceHttpRequestHandler]
2017-11-14 12:19:21,527 - Mapped URL path [/**] onto handler of type [class org.springframework.web.servlet.resource.ResourceHttpRequestHandler]
2017-11-14 12:19:21,635 - Mapped URL path [/**/favicon.ico] onto handler of type [class org.springframework.web.servlet.resource.ResourceHttpRequestHandler]
2017-11-14 12:19:21,684 - Adding welcome page: class path resource [static/index.html]
2017-11-14 12:19:22,383 - Registering beans for JMX exposure on startup
2017-11-14 12:19:22,406 - No TaskScheduler/ScheduledExecutorService bean found for scheduled processing
2017-11-14 12:19:22,421 - Initializing ProtocolHandler ["http-nio-8080"]
2017-11-14 12:19:22,439 - Starting ProtocolHandler ["http-nio-8080"]
2017-11-14 12:19:22,475 - Using a shared selector for servlet write/read
2017-11-14 12:19:22,502 - Tomcat started on port(s): 8080 (http)
2017-11-14 12:19:22,511 - Started ElearningApplication in 15.723 seconds (JVM running for 18.051)
2017-11-14 12:20:04,101 - Initializing Spring FrameworkServlet 'dispatcherServlet'
2017-11-14 12:20:04,101 - FrameworkServlet 'dispatcherServlet': initialization started
2017-11-14 12:20:04,135 - FrameworkServlet 'dispatcherServlet': initialization completed in 34 ms
2017-11-14 12:20:04,210 - HHH000397: Using ASTQueryTranslatorFactory
2017-11-14 12:36:01,156 - Closing org.springframework.boot.context.embedded.AnnotationConfigEmbeddedWebApplicationContext@57250572: startup date [Tue Nov 14 12:19:08 CST 2017]; root of context hierarchy
2017-11-14 12:36:01,173 - Unregistering JMX-exposed beans on shutdown
2017-11-14 12:36:01,178 - Closing JPA EntityManagerFactory for persistence unit 'default'
2017-11-14 12:36:08,310 - Starting ElearningApplication on guojiede-MBP with PID 8920 (/Users/guojie/GitHub/elearning/target/classes started by guojie in /Users/guojie/GitHub/elearning)
2017-11-14 12:36:08,315 - No active profile set, falling back to default profiles: default
2017-11-14 12:36:08,415 - Refreshing org.springframework.boot.context.embedded.AnnotationConfigEmbeddedWebApplicationContext@57250572: startup date [Tue Nov 14 12:36:08 CST 2017]; root of context hierarchy
2017-11-14 12:36:08,657 - HV000001: Hibernate Validator 5.3.5.Final
2017-11-14 12:36:10,891 - Tomcat initialized with port(s): 8080 (http)
2017-11-14 12:36:10,927 - Starting service [Tomcat]
2017-11-14 12:36:10,929 - Starting Servlet Engine: Apache Tomcat/8.5.16
2017-11-14 12:36:11,024 - Initializing Spring embedded WebApplicationContext
2017-11-14 12:36:11,025 - Root WebApplicationContext: initialization completed in 2610 ms
2017-11-14 12:36:11,178 - Mapping servlet: 'dispatcherServlet' to [/]
2017-11-14 12:36:11,184 - Mapping filter: 'characterEncodingFilter' to: [/*]
2017-11-14 12:36:11,186 - Mapping filter: 'hiddenHttpMethodFilter' to: [/*]
2017-11-14 12:36:11,186 - Mapping filter: 'httpPutFormContentFilter' to: [/*]
2017-11-14 12:36:11,186 - Mapping filter: 'requestContextFilter' to: [/*]
2017-11-14 12:36:11,819 - Building JPA container EntityManagerFactory for persistence unit 'default'
2017-11-14 12:36:11,831 - HHH000204: Processing PersistenceUnitInfo [
	name: default
	...]
2017-11-14 12:36:11,931 - HHH000412: Hibernate Core {5.0.12.Final}
2017-11-14 12:36:11,933 - HHH000206: hibernate.properties not found
2017-11-14 12:36:11,934 - HHH000021: Bytecode provider name : javassist
2017-11-14 12:36:11,976 - HCANN000001: Hibernate Commons Annotations {5.0.1.Final}
2017-11-14 12:36:12,093 - HHH000400: Using dialect: org.hibernate.dialect.MySQL5Dialect
2017-11-14 12:36:12,732 - Initialized JPA EntityManagerFactory for persistence unit 'default'
2017-11-14 12:36:13,500 - Looking for @ControllerAdvice: org.springframework.boot.context.embedded.AnnotationConfigEmbeddedWebApplicationContext@57250572: startup date [Tue Nov 14 12:36:08 CST 2017]; root of context hierarchy
2017-11-14 12:36:13,579 - Mapped "{[/exam/insert],methods=[POST]}" onto public com.ican.elearning.VO.ResultVO<com.ican.elearning.dto.ExamDTO> com.ican.elearning.controller.ExamController.insert(com.ican.elearning.form.ExamForm)
2017-11-14 12:36:13,581 - Mapped "{[/exam/autoGenerateExam],methods=[GET]}" onto public com.ican.elearning.VO.ResultVO<com.ican.elearning.dto.ExamDTO> com.ican.elearning.controller.ExamController.autoGenerateExam(java.lang.String)
2017-11-14 12:36:13,582 - Mapped "{[/paragraph/delete],methods=[GET]}" onto public com.ican.elearning.VO.ResultVO<com.ican.elearning.dataobject.Paragraph> com.ican.elearning.controller.ParagraphController.delete(java.lang.Integer)
2017-11-14 12:36:13,583 - Mapped "{[/paragraph/list],methods=[GET]}" onto public com.ican.elearning.VO.ResultVO<java.util.List<com.ican.elearning.dataobject.Paragraph>> com.ican.elearning.controller.ParagraphController.list(java.lang.String,java.lang.Integer,java.lang.Integer)
2017-11-14 12:36:13,583 - Mapped "{[/paragraph/insert],methods=[POST]}" onto public com.ican.elearning.VO.ResultVO<com.ican.elearning.dataobject.Paragraph> com.ican.elearning.controller.ParagraphController.insert(com.ican.elearning.form.ParagraphForm,org.springframework.validation.BindingResult)
2017-11-14 12:36:13,585 - Mapped "{[/question/list],methods=[GET]}" onto public com.ican.elearning.VO.ResultVO<java.util.List<com.ican.elearning.dataobject.Question>> com.ican.elearning.controller.QuestionController.list(java.lang.String,java.lang.Integer,java.lang.Integer)
2017-11-14 12:36:13,586 - Mapped "{[/question/insert],methods=[POST]}" onto public com.ican.elearning.VO.ResultVO<com.ican.elearning.dataobject.Question> com.ican.elearning.controller.QuestionController.insert(com.ican.elearning.form.QuestionForm,org.springframework.validation.BindingResult)
2017-11-14 12:36:13,587 - Mapped "{[/question/autoGenerated],methods=[POST]}" onto public com.ican.elearning.VO.ResultVO<com.ican.elearning.dataobject.Question> com.ican.elearning.controller.QuestionController.autoGenerated(com.ican.elearning.form.ParagraphForm,org.springframework.validation.BindingResult)
2017-11-14 12:36:13,587 - Mapped "{[/question/findOne],methods=[GET]}" onto public com.ican.elearning.VO.ResultVO<com.ican.elearning.dto.QuestionDTO> com.ican.elearning.controller.QuestionController.findOne(java.lang.Integer)
2017-11-14 12:36:13,590 - Mapped "{[/file/delete],methods=[POST]}" onto public com.ican.elearning.VO.ResultVO<com.ican.elearning.dataobject.LessonPlan> com.ican.elearning.controller.UploadController.delete(java.lang.Integer)
2017-11-14 12:36:13,591 - Mapped "{[/file/files/{filename:.+}],methods=[GET]}" onto public org.springframework.http.ResponseEntity<org.springframework.core.io.Resource> com.ican.elearning.controller.UploadController.getFile(java.lang.String)
2017-11-14 12:36:13,591 - Mapped "{[/file/],methods=[POST]}" onto public com.ican.elearning.VO.ResultVO<com.ican.elearning.dataobject.LessonPlan> com.ican.elearning.controller.UploadController.handleFileUpload(org.springframework.web.multipart.MultipartFile,java.lang.String,java.lang.String,java.lang.String,java.lang.String)
2017-11-14 12:36:13,592 - Mapped "{[/file/getfiles],methods=[GET]}" onto public com.ican.elearning.VO.ResultVO<com.ican.elearning.dataobject.LessonPlan> com.ican.elearning.controller.UploadController.getListFile(java.lang.String,java.lang.Integer,java.lang.Integer)
2017-11-14 12:36:13,594 - Mapped "{[/auth/register],methods=[POST]}" onto public com.ican.elearning.VO.ResultVO<com.ican.elearning.dataobject.User> com.ican.elearning.controller.UserController.register(com.ican.elearning.form.UserForm,org.springframework.validation.BindingResult)
2017-11-14 12:36:13,595 - Mapped "{[/auth/login],methods=[POST]}" onto public com.ican.elearning.VO.ResultVO<com.ican.elearning.dataobject.User> com.ican.elearning.controller.UserController.login(java.lang.String,java.lang.String)
2017-11-14 12:36:13,597 - Mapped "{[/word/delete],methods=[GET]}" onto public com.ican.elearning.VO.ResultVO<com.ican.elearning.dataobject.Word> com.ican.elearning.controller.WordController.delete(java.lang.Integer)
2017-11-14 12:36:13,599 - Mapped "{[/word/list],methods=[GET]}" onto public com.ican.elearning.VO.ResultVO<java.util.List<com.ican.elearning.dataobject.Word>> com.ican.elearning.controller.WordController.list(java.lang.String,java.lang.Integer,java.lang.Integer)
2017-11-14 12:36:13,600 - Mapped "{[/word/insert],methods=[POST]}" onto public com.ican.elearning.VO.ResultVO<com.ican.elearning.dataobject.Word> com.ican.elearning.controller.WordController.insert(com.ican.elearning.form.WordForm,org.springframework.validation.BindingResult)
2017-11-14 12:36:13,600 - Mapped "{[/word/pie],methods=[GET]}" onto public com.ican.elearning.VO.ResultVO<java.util.Map<java.lang.String, java.lang.Integer>> com.ican.elearning.controller.WordController.pie()
2017-11-14 12:36:13,603 - Mapped "{[/error]}" onto public org.springframework.http.ResponseEntity<java.util.Map<java.lang.String, java.lang.Object>> org.springframework.boot.autoconfigure.web.BasicErrorController.error(javax.servlet.http.HttpServletRequest)
2017-11-14 12:36:13,603 - Mapped "{[/error],produces=[text/html]}" onto public org.springframework.web.servlet.ModelAndView org.springframework.boot.autoconfigure.web.BasicErrorController.errorHtml(javax.servlet.http.HttpServletRequest,javax.servlet.http.HttpServletResponse)
2017-11-14 12:36:13,643 - Mapped URL path [/webjars/**] onto handler of type [class org.springframework.web.servlet.resource.ResourceHttpRequestHandler]
2017-11-14 12:36:13,643 - Mapped URL path [/**] onto handler of type [class org.springframework.web.servlet.resource.ResourceHttpRequestHandler]
2017-11-14 12:36:13,715 - Mapped URL path [/**/favicon.ico] onto handler of type [class org.springframework.web.servlet.resource.ResourceHttpRequestHandler]
2017-11-14 12:36:13,755 - Adding welcome page: class path resource [static/index.html]
2017-11-14 12:36:14,103 - Registering beans for JMX exposure on startup
2017-11-14 12:36:14,122 - No TaskScheduler/ScheduledExecutorService bean found for scheduled processing
2017-11-14 12:36:14,131 - Initializing ProtocolHandler ["http-nio-8080"]
2017-11-14 12:36:14,141 - Starting ProtocolHandler ["http-nio-8080"]
2017-11-14 12:36:14,164 - Using a shared selector for servlet write/read
2017-11-14 12:36:14,183 - Tomcat started on port(s): 8080 (http)
2017-11-14 12:36:14,189 - Started ElearningApplication in 6.586 seconds (JVM running for 7.87)
2017-11-14 12:36:27,032 - Initializing Spring FrameworkServlet 'dispatcherServlet'
2017-11-14 12:36:27,032 - FrameworkServlet 'dispatcherServlet': initialization started
2017-11-14 12:36:27,050 - FrameworkServlet 'dispatcherServlet': initialization completed in 18 ms
2017-11-14 12:36:27,142 - HHH000397: Using ASTQueryTranslatorFactory
2017-11-14 12:54:58,331 - Closing org.springframework.boot.context.embedded.AnnotationConfigEmbeddedWebApplicationContext@57250572: startup date [Tue Nov 14 12:36:08 CST 2017]; root of context hierarchy
2017-11-14 12:54:58,335 - Unregistering JMX-exposed beans on shutdown
2017-11-14 12:54:58,340 - Closing JPA EntityManagerFactory for persistence unit 'default'
