2017-10-30 20:48:14,225 - Starting ElearningApplication on guojiede-MBP with PID 10416 (/Users/guojie/GitHub/elearning/target/classes started by guojie in /Users/guojie/GitHub/elearning)
2017-10-30 20:48:14,230 - No active profile set, falling back to default profiles: default
2017-10-30 20:48:14,496 - Refreshing org.springframework.boot.context.embedded.AnnotationConfigEmbeddedWebApplicationContext@57250572: startup date [Mon Oct 30 20:48:14 CST 2017]; root of context hierarchy
2017-10-30 20:48:14,928 - HV000001: Hibernate Validator 5.3.5.Final
2017-10-30 20:48:20,203 - Tomcat initialized with port(s): 8080 (http)
2017-10-30 20:48:20,256 - Starting service [Tomcat]
2017-10-30 20:48:20,258 - Starting Servlet Engine: Apache Tomcat/8.5.16
2017-10-30 20:48:20,517 - Initializing Spring embedded WebApplicationContext
2017-10-30 20:48:20,517 - Root WebApplicationContext: initialization completed in 6021 ms
2017-10-30 20:48:20,785 - Mapping servlet: 'dispatcherServlet' to [/]
2017-10-30 20:48:20,790 - Mapping filter: 'characterEncodingFilter' to: [/*]
2017-10-30 20:48:20,791 - Mapping filter: 'hiddenHttpMethodFilter' to: [/*]
2017-10-30 20:48:20,792 - Mapping filter: 'httpPutFormContentFilter' to: [/*]
2017-10-30 20:48:20,792 - Mapping filter: 'requestContextFilter' to: [/*]
2017-10-30 20:48:21,735 - Building JPA container EntityManagerFactory for persistence unit 'default'
2017-10-30 20:48:21,756 - HHH000204: Processing PersistenceUnitInfo [
	name: default
	...]
2017-10-30 20:48:21,881 - HHH000412: Hibernate Core {5.0.12.Final}
2017-10-30 20:48:21,884 - HHH000206: hibernate.properties not found
2017-10-30 20:48:21,886 - HHH000021: Bytecode provider name : javassist
2017-10-30 20:48:21,995 - HCANN000001: Hibernate Commons Annotations {5.0.1.Final}
2017-10-30 20:48:22,192 - HHH000400: Using dialect: org.hibernate.dialect.MySQL5Dialect
2017-10-30 20:48:23,424 - Initialized JPA EntityManagerFactory for persistence unit 'default'
2017-10-30 20:48:24,866 - Looking for @ControllerAdvice: org.springframework.boot.context.embedded.AnnotationConfigEmbeddedWebApplicationContext@57250572: startup date [Mon Oct 30 20:48:14 CST 2017]; root of context hierarchy
2017-10-30 20:48:24,969 - Mapped "{[/exam/insert],methods=[POST]}" onto public com.ican.elearning.VO.ResultVO<com.ican.elearning.dto.ExamDTO> com.ican.elearning.controller.ExamController.insert(com.ican.elearning.form.ExamForm)
2017-10-30 20:48:24,971 - Mapped "{[/exam/autoGenerateExam],methods=[GET]}" onto public com.ican.elearning.VO.ResultVO<com.ican.elearning.dto.ExamDTO> com.ican.elearning.controller.ExamController.autoGenerateExam(java.lang.String)
2017-10-30 20:48:24,978 - Mapped "{[/paragraph/delete],methods=[GET]}" onto public com.ican.elearning.VO.ResultVO<com.ican.elearning.dataobject.Paragraph> com.ican.elearning.controller.ParagraphController.delete(java.lang.Integer)
2017-10-30 20:48:24,979 - Mapped "{[/paragraph/list],methods=[GET]}" onto public com.ican.elearning.VO.ResultVO<java.util.List<com.ican.elearning.dataobject.Paragraph>> com.ican.elearning.controller.ParagraphController.list(java.lang.String,java.lang.Integer,java.lang.Integer)
2017-10-30 20:48:24,981 - Mapped "{[/paragraph/insert],methods=[POST]}" onto public com.ican.elearning.VO.ResultVO<com.ican.elearning.dataobject.Paragraph> com.ican.elearning.controller.ParagraphController.insert(com.ican.elearning.form.ParagraphForm,org.springframework.validation.BindingResult)
2017-10-30 20:48:24,985 - Mapped "{[/question/insert],methods=[POST]}" onto public com.ican.elearning.VO.ResultVO<com.ican.elearning.dataobject.Question> com.ican.elearning.controller.QuestionController.insert(com.ican.elearning.form.QuestionForm,org.springframework.validation.BindingResult)
2017-10-30 20:48:24,986 - Mapped "{[/question/autoGenerated],methods=[POST]}" onto public com.ican.elearning.VO.ResultVO<com.ican.elearning.dataobject.Question> com.ican.elearning.controller.QuestionController.autoGenerated(com.ican.elearning.form.ParagraphForm,org.springframework.validation.BindingResult)
2017-10-30 20:48:24,987 - Mapped "{[/question/autoGenerate],methods=[GET]}" onto public com.ican.elearning.VO.ResultVO<com.ican.elearning.dataobject.Question> com.ican.elearning.controller.QuestionController.autoGenerated2()
2017-10-30 20:48:24,991 - Mapped "{[/file/delete],methods=[POST]}" onto public com.ican.elearning.VO.ResultVO<com.ican.elearning.dataobject.LessonPlan> com.ican.elearning.controller.UploadController.delete(java.lang.Integer)
2017-10-30 20:48:24,994 - Mapped "{[/file/files/{filename:.+}],methods=[GET]}" onto public org.springframework.http.ResponseEntity<org.springframework.core.io.Resource> com.ican.elearning.controller.UploadController.getFile(java.lang.String)
2017-10-30 20:48:24,995 - Mapped "{[/file/],methods=[POST]}" onto public com.ican.elearning.VO.ResultVO<com.ican.elearning.dataobject.LessonPlan> com.ican.elearning.controller.UploadController.handleFileUpload(org.springframework.web.multipart.MultipartFile,java.lang.String,java.lang.String,java.lang.String,java.lang.String)
2017-10-30 20:48:24,996 - Mapped "{[/file/getfiles],methods=[GET]}" onto public com.ican.elearning.VO.ResultVO<com.ican.elearning.dataobject.LessonPlan> com.ican.elearning.controller.UploadController.getListFile(java.lang.String,java.lang.Integer,java.lang.Integer)
2017-10-30 20:48:25,001 - Mapped "{[/auth/register],methods=[POST]}" onto public com.ican.elearning.VO.ResultVO<com.ican.elearning.dataobject.User> com.ican.elearning.controller.UserController.register(com.ican.elearning.form.UserForm,org.springframework.validation.BindingResult)
2017-10-30 20:48:25,002 - Mapped "{[/auth/login],methods=[POST]}" onto public com.ican.elearning.VO.ResultVO<com.ican.elearning.dataobject.User> com.ican.elearning.controller.UserController.login(java.lang.String,java.lang.String)
2017-10-30 20:48:25,005 - Mapped "{[/word/delete],methods=[GET]}" onto public com.ican.elearning.VO.ResultVO<com.ican.elearning.dataobject.Word> com.ican.elearning.controller.WordController.delete(java.lang.Integer)
2017-10-30 20:48:25,007 - Mapped "{[/word/list],methods=[GET]}" onto public com.ican.elearning.VO.ResultVO<java.util.List<com.ican.elearning.dataobject.Word>> com.ican.elearning.controller.WordController.list(java.lang.String,java.lang.Integer,java.lang.Integer)
2017-10-30 20:48:25,011 - Mapped "{[/word/insert],methods=[POST]}" onto public com.ican.elearning.VO.ResultVO<com.ican.elearning.dataobject.Word> com.ican.elearning.controller.WordController.insert(com.ican.elearning.form.WordForm,org.springframework.validation.BindingResult)
2017-10-30 20:48:25,012 - Mapped "{[/word/pie],methods=[GET]}" onto public com.ican.elearning.VO.ResultVO<java.util.Map<java.lang.String, java.lang.Integer>> com.ican.elearning.controller.WordController.pie()
2017-10-30 20:48:25,015 - Mapped "{[/error]}" onto public org.springframework.http.ResponseEntity<java.util.Map<java.lang.String, java.lang.Object>> org.springframework.boot.autoconfigure.web.BasicErrorController.error(javax.servlet.http.HttpServletRequest)
2017-10-30 20:48:25,015 - Mapped "{[/error],produces=[text/html]}" onto public org.springframework.web.servlet.ModelAndView org.springframework.boot.autoconfigure.web.BasicErrorController.errorHtml(javax.servlet.http.HttpServletRequest,javax.servlet.http.HttpServletResponse)
2017-10-30 20:48:25,052 - Mapped URL path [/webjars/**] onto handler of type [class org.springframework.web.servlet.resource.ResourceHttpRequestHandler]
2017-10-30 20:48:25,052 - Mapped URL path [/**] onto handler of type [class org.springframework.web.servlet.resource.ResourceHttpRequestHandler]
2017-10-30 20:48:25,123 - Mapped URL path [/**/favicon.ico] onto handler of type [class org.springframework.web.servlet.resource.ResourceHttpRequestHandler]
2017-10-30 20:48:25,163 - Adding welcome page: class path resource [static/index.html]
2017-10-30 20:48:25,592 - Registering beans for JMX exposure on startup
2017-10-30 20:48:25,617 - No TaskScheduler/ScheduledExecutorService bean found for scheduled processing
2017-10-30 20:48:25,631 - Initializing ProtocolHandler ["http-nio-8080"]
2017-10-30 20:48:25,647 - Starting ProtocolHandler ["http-nio-8080"]
2017-10-30 20:48:25,678 - Using a shared selector for servlet write/read
2017-10-30 20:48:25,700 - Tomcat started on port(s): 8080 (http)
2017-10-30 20:48:25,708 - Started ElearningApplication in 12.903 seconds (JVM running for 15.581)
2017-10-30 20:48:55,569 - Initializing Spring FrameworkServlet 'dispatcherServlet'
2017-10-30 20:48:55,569 - FrameworkServlet 'dispatcherServlet': initialization started
2017-10-30 20:48:55,607 - FrameworkServlet 'dispatcherServlet': initialization completed in 37 ms
2017-10-30 20:48:55,687 - HHH000397: Using ASTQueryTranslatorFactory
